#
# There is insufficient memory for the Java Runtime Environment to continue.
# Native memory allocation (malloc) failed to allocate 1370256 bytes for Chunk::new
# Possible reasons:
#   The system is out of physical RAM or swap space
#   The process is running with CompressedOops enabled, and the Java Heap may be blocking the growth of the native heap
# Possible solutions:
#   Reduce memory load on the system
#   Increase physical memory or swap space
#   Check if swap backing store is full
#   Decrease Java heap size (-Xmx/-Xms)
#   Decrease number of Java threads
#   Decrease Java thread stack sizes (-Xss)
#   Set larger code cache with -XX:ReservedCodeCacheSize=
#   JVM is running with Unscaled Compressed Oops mode in which the Java heap is
#     placed in the first 4GB address space. The Java Heap base address is the
#     maximum limit for the native heap growth. Please use -XX:HeapBaseMinAddress
#     to set the Java Heap base and to place the Java Heap above 4GB virtual address.
# This output file may be truncated or incomplete.
#
#  Out of Memory Error (./src/hotspot/share/memory/arena.cpp:197), pid=2084, tid=6196
#
# JRE version: OpenJDK Runtime Environment (11.0.13) (build 11.0.13+0-b1751.21-8125866)
# Java VM: OpenJDK 64-Bit Server VM (11.0.13+0-b1751.21-8125866, mixed mode, tiered, compressed oops, g1 gc, windows-amd64)
# No core dump will be written. Minidumps are not enabled by default on client versions of Windows
#

---------------  S U M M A R Y ------------

Command Line: --add-opens=java.base/java.util=ALL-UNNAMED --add-opens=java.base/java.lang=ALL-UNNAMED --add-opens=java.base/java.lang.invoke=ALL-UNNAMED --add-opens=java.base/java.util=ALL-UNNAMED --add-opens=java.prefs/java.util.prefs=ALL-UNNAMED --add-opens=java.prefs/java.util.prefs=ALL-UNNAMED --add-opens=java.base/java.nio.charset=ALL-UNNAMED --add-opens=java.base/java.net=ALL-UNNAMED --add-opens=java.base/java.util.concurrent.atomic=ALL-UNNAMED -Xmx2048m -Dfile.encoding=UTF-8 -Duser.country=FR -Duser.language=fr -Duser.variant org.gradle.launcher.daemon.bootstrap.GradleDaemon 7.4

Host: Intel(R) Core(TM) i5-4690K CPU @ 3.50GHz, 4 cores, 15G,  Windows 10 , 64 bit Build 19041 (10.0.19041.2251)
Time: Mon Dec 12 18:08:35 2022 Paris, Madrid elapsed time: 3.055785 seconds (0d 0h 0m 3s)

---------------  T H R E A D  ---------------

Current thread (0x000001f27dc14000):  JavaThread "C2 CompilerThread0" daemon [_thread_in_native, id=6196, stack(0x0000007ffb800000,0x0000007ffb900000)]


Current CompileTask:
C2:   3055 2273   !   4       java.net.URL::<init> (543 bytes)

Stack: [0x0000007ffb800000,0x0000007ffb900000]
Native frames: (J=compiled Java code, j=interpreted, Vv=VM code, C=native code)
V  [jvm.dll+0x6100fa]
V  [jvm.dll+0x747090]
V  [jvm.dll+0x7486ad]
V  [jvm.dll+0x748d83]
V  [jvm.dll+0x24ab48]
V  [jvm.dll+0xc04dc]
V  [jvm.dll+0xc0a0c]
V  [jvm.dll+0x35eb5b]
V  [jvm.dll+0x32b833]
V  [jvm.dll+0x32ad2a]
V  [jvm.dll+0x2032b2]
V  [jvm.dll+0x202437]
V  [jvm.dll+0x188e01]
V  [jvm.dll+0x21106b]
V  [jvm.dll+0x20f8c1]
V  [jvm.dll+0x70de0f]
V  [jvm.dll+0x706a75]
V  [jvm.dll+0x60ed66]
C  [ucrtbase.dll+0x21bb2]
C  [KERNEL32.DLL+0x174b4]
C  [ntdll.dll+0x526a1]


---------------  P R O C E S S  ---------------

Threads class SMR info:
_java_thread_list=0x000001f2014badc0, length=28, elements={
0x000001f26308b800, 0x000001f27d38b800, 0x000001f27d38d000, 0x000001f27dc0a000,
0x000001f27dc0c000, 0x000001f27dc10800, 0x000001f27dc14000, 0x000001f27dc19000,
0x000001f27dc1c800, 0x000001f27dd7a000, 0x000001f2005cb000, 0x000001f27de4e800,
0x000001f200c97000, 0x000001f200c92000, 0x000001f200c98000, 0x000001f200c98800,
0x000001f200c93800, 0x000001f200c94800, 0x000001f200c93000, 0x000001f200c95800,
0x000001f200a45800, 0x000001f200c96000, 0x000001f200bd8000, 0x000001f200bd2000,
0x000001f200bd4000, 0x000001f200bd6000, 0x000001f200bd3000, 0x000001f200bda800
}

Java Threads: ( => current thread )
  0x000001f26308b800 JavaThread "main" [_thread_blocked, id=20932, stack(0x0000007ffac00000,0x0000007ffad00000)]
  0x000001f27d38b800 JavaThread "Reference Handler" daemon [_thread_blocked, id=12432, stack(0x0000007ffb300000,0x0000007ffb400000)]
  0x000001f27d38d000 JavaThread "Finalizer" daemon [_thread_blocked, id=13024, stack(0x0000007ffb400000,0x0000007ffb500000)]
  0x000001f27dc0a000 JavaThread "Signal Dispatcher" daemon [_thread_blocked, id=10716, stack(0x0000007ffb500000,0x0000007ffb600000)]
  0x000001f27dc0c000 JavaThread "Attach Listener" daemon [_thread_blocked, id=15236, stack(0x0000007ffb600000,0x0000007ffb700000)]
  0x000001f27dc10800 JavaThread "Service Thread" daemon [_thread_blocked, id=3044, stack(0x0000007ffb700000,0x0000007ffb800000)]
=>0x000001f27dc14000 JavaThread "C2 CompilerThread0" daemon [_thread_in_native, id=6196, stack(0x0000007ffb800000,0x0000007ffb900000)]
  0x000001f27dc19000 JavaThread "C1 CompilerThread0" daemon [_thread_blocked, id=19268, stack(0x0000007ffb900000,0x0000007ffba00000)]
  0x000001f27dc1c800 JavaThread "Sweeper thread" daemon [_thread_blocked, id=19076, stack(0x0000007ffba00000,0x0000007ffbb00000)]
  0x000001f27dd7a000 JavaThread "Common-Cleaner" daemon [_thread_blocked, id=2772, stack(0x0000007ffbb00000,0x0000007ffbc00000)]
  0x000001f2005cb000 JavaThread "Daemon health stats" [_thread_blocked, id=13304, stack(0x0000007ffc100000,0x0000007ffc200000)]
  0x000001f27de4e800 JavaThread "Incoming local TCP Connector on port 60643" [_thread_in_native, id=13448, stack(0x0000007ffbd00000,0x0000007ffbe00000)]
  0x000001f200c97000 JavaThread "Daemon periodic checks" [_thread_blocked, id=15352, stack(0x0000007ffc200000,0x0000007ffc300000)]
  0x000001f200c92000 JavaThread "Daemon" [_thread_blocked, id=12916, stack(0x0000007ffc300000,0x0000007ffc400000)]
  0x000001f200c98000 JavaThread "Handler for socket connection from /127.0.0.1:60643 to /127.0.0.1:60644" [_thread_in_native, id=9608, stack(0x0000007ffc400000,0x0000007ffc500000)]
  0x000001f200c98800 JavaThread "Cancel handler" [_thread_blocked, id=11036, stack(0x0000007ffc500000,0x0000007ffc600000)]
  0x000001f200c93800 JavaThread "Daemon worker" [_thread_in_Java, id=15368, stack(0x0000007ffc600000,0x0000007ffc700000)]
  0x000001f200c94800 JavaThread "Asynchronous log dispatcher for DefaultDaemonConnection: socket connection from /127.0.0.1:60643 to /127.0.0.1:60644" [_thread_blocked, id=15916, stack(0x0000007ffc700000,0x0000007ffc800000)]
  0x000001f200c93000 JavaThread "Stdin handler" [_thread_blocked, id=23952, stack(0x0000007ffc800000,0x0000007ffc900000)]
  0x000001f200c95800 JavaThread "Daemon client event forwarder" [_thread_blocked, id=16596, stack(0x0000007ffc900000,0x0000007ffca00000)]
  0x000001f200a45800 JavaThread "C2 CompilerThread1" daemon [_thread_in_native, id=18980, stack(0x0000007ffca00000,0x0000007ffcb00000)]
  0x000001f200c96000 JavaThread "Cache worker for journal cache (C:\Users\Yake\.gradle\caches\journal-1)" [_thread_blocked, id=18988, stack(0x0000007ffcb00000,0x0000007ffcc00000)]
  0x000001f200bd8000 JavaThread "File lock request listener" [_thread_in_native, id=18500, stack(0x0000007ffcc00000,0x0000007ffcd00000)]
  0x000001f200bd2000 JavaThread "Cache worker for file hash cache (C:\Users\Yake\.gradle\caches\7.4\fileHashes)" [_thread_blocked, id=8112, stack(0x0000007ffcd00000,0x0000007ffce00000)]
  0x000001f200bd4000 JavaThread "File watcher server" daemon [_thread_in_native, id=8224, stack(0x0000007ffce00000,0x0000007ffcf00000)]
  0x000001f200bd6000 JavaThread "File watcher consumer" daemon [_thread_blocked, id=6944, stack(0x0000007ffcf00000,0x0000007ffd000000)]
  0x000001f200bd3000 JavaThread "Cache worker for checksums cache (C:\Users\Yake\StudioProjects\TestApp2\.gradle\7.4\checksums)" [_thread_blocked, id=20788, stack(0x0000007ffd000000,0x0000007ffd100000)]
  0x000001f200bda800 JavaThread "Cache worker for cache directory md-rule (C:\Users\Yake\.gradle\caches\7.4\md-rule)" [_thread_blocked, id=20920, stack(0x0000007ffd100000,0x0000007ffd200000)]

Other Threads:
  0x000001f27d387000 VMThread "VM Thread" [stack: 0x0000007ffb200000,0x0000007ffb300000] [id=12612]
  0x000001f27ddb1800 WatcherThread [stack: 0x0000007ffbc00000,0x0000007ffbd00000] [id=2132]
  0x000001f2630a5000 GCTaskThread "GC Thread#0" [stack: 0x0000007ffad00000,0x0000007ffae00000] [id=6272]
  0x000001f27e7c3800 GCTaskThread "GC Thread#1" [stack: 0x0000007ffbe00000,0x0000007ffbf00000] [id=12796]
  0x000001f27e414000 GCTaskThread "GC Thread#2" [stack: 0x0000007ffbf00000,0x0000007ffc000000] [id=14416]
  0x000001f27e838000 GCTaskThread "GC Thread#3" [stack: 0x0000007ffc000000,0x0000007ffc100000] [id=6312]
  0x000001f2630d5000 ConcurrentGCThread "G1 Main Marker" [stack: 0x0000007ffae00000,0x0000007ffaf00000] [id=16772]
  0x000001f2630d9000 ConcurrentGCThread "G1 Conc#0" [stack: 0x0000007ffaf00000,0x0000007ffb000000] [id=22712]
  0x000001f27d1f4800 ConcurrentGCThread "G1 Refine#0" [stack: 0x0000007ffb000000,0x0000007ffb100000] [id=18428]
  0x000001f27d1f5800 ConcurrentGCThread "G1 Young RemSet Sampling" [stack: 0x0000007ffb100000,0x0000007ffb200000] [id=17172]

Threads with active compile tasks:
C2 CompilerThread0   3076 2273   !   4       java.net.URL::<init> (543 bytes)

VM state:not at safepoint (normal execution)

VM Mutex/Monitor currently owned by a thread: None

Heap address: 0x0000000080000000, size: 2048 MB, Compressed Oops mode: 32-bit
Narrow klass base: 0x0000000000000000, Narrow klass shift: 3
Compressed class space size: 1073741824 Address: 0x0000000100000000

Heap:
 garbage-first heap   total 262144K, used 31504K [0x0000000080000000, 0x0000000100000000)
  region size 1024K, 20 young (20480K), 7 survivors (7168K)
 Metaspace       used 28162K, capacity 28791K, committed 29052K, reserved 1075200K
  class space    used 3677K, capacity 3912K, committed 4044K, reserved 1048576K
Heap Regions: E=young(eden), S=young(survivor), O=old, HS=humongous(starts), HC=humongous(continues), CS=collection set, F=free, A=archive, TAMS=top-at-mark-start (previous, next)
|   0|0x0000000080000000, 0x0000000080100000, 0x0000000080100000|100%|HS|  |TAMS 0x0000000080100000, 0x0000000080000000| Complete 
|   1|0x0000000080100000, 0x0000000080200000, 0x0000000080200000|100%|HC|  |TAMS 0x0000000080200000, 0x0000000080100000| Complete 
|   2|0x0000000080200000, 0x0000000080300000, 0x0000000080300000|100%|HC|  |TAMS 0x0000000080300000, 0x0000000080200000| Complete 
|   3|0x0000000080300000, 0x0000000080400000, 0x0000000080400000|100%| O|  |TAMS 0x0000000080400000, 0x0000000080300000| Untracked 
|   4|0x0000000080400000, 0x0000000080500000, 0x0000000080500000|100%| O|  |TAMS 0x0000000080500000, 0x0000000080400000| Untracked 
|   5|0x0000000080500000, 0x0000000080600000, 0x0000000080600000|100%| O|  |TAMS 0x0000000080600000, 0x0000000080500000| Untracked 
|   6|0x0000000080600000, 0x0000000080700000, 0x0000000080700000|100%| O|  |TAMS 0x0000000080700000, 0x0000000080600000| Untracked 
|   7|0x0000000080700000, 0x0000000080800000, 0x0000000080800000|100%| O|  |TAMS 0x0000000080800000, 0x0000000080700000| Untracked 
|   8|0x0000000080800000, 0x0000000080900000, 0x0000000080900000|100%| O|  |TAMS 0x0000000080900000, 0x0000000080800000| Untracked 
|   9|0x0000000080900000, 0x0000000080a00000, 0x0000000080a00000|100%| O|  |TAMS 0x0000000080a00000, 0x0000000080900000| Untracked 
|  10|0x0000000080a00000, 0x0000000080b00000, 0x0000000080b00000|100%| O|  |TAMS 0x0000000080b00000, 0x0000000080a00000| Untracked 
|  11|0x0000000080b00000, 0x0000000080c00000, 0x0000000080c00000|100%| O|  |TAMS 0x0000000080c00000, 0x0000000080b00000| Untracked 
|  12|0x0000000080c00000, 0x0000000080c8ba00, 0x0000000080d00000| 54%| O|  |TAMS 0x0000000080c8ba00, 0x0000000080c00000| Untracked 
|  13|0x0000000080d00000, 0x0000000080d00000, 0x0000000080e00000|  0%| F|  |TAMS 0x0000000080d00000, 0x0000000080d00000| Untracked 
|  14|0x0000000080e00000, 0x0000000080e00000, 0x0000000080f00000|  0%| F|  |TAMS 0x0000000080e00000, 0x0000000080e00000| Untracked 
|  15|0x0000000080f00000, 0x0000000080f00000, 0x0000000081000000|  0%| F|  |TAMS 0x0000000080f00000, 0x0000000080f00000| Untracked 
|  16|0x0000000081000000, 0x0000000081000000, 0x0000000081100000|  0%| F|  |TAMS 0x0000000081000000, 0x0000000081000000| Untracked 
|  17|0x0000000081100000, 0x0000000081100000, 0x0000000081200000|  0%| F|  |TAMS 0x0000000081100000, 0x0000000081100000| Untracked 
|  18|0x0000000081200000, 0x0000000081200000, 0x0000000081300000|  0%| F|  |TAMS 0x0000000081200000, 0x0000000081200000| Untracked 
|  19|0x0000000081300000, 0x0000000081300000, 0x0000000081400000|  0%| F|  |TAMS 0x0000000081300000, 0x0000000081300000| Untracked 
|  20|0x0000000081400000, 0x0000000081400000, 0x0000000081500000|  0%| F|  |TAMS 0x0000000081400000, 0x0000000081400000| Untracked 
|  21|0x0000000081500000, 0x0000000081500000, 0x0000000081600000|  0%| F|  |TAMS 0x0000000081500000, 0x0000000081500000| Untracked 
|  22|0x0000000081600000, 0x0000000081600000, 0x0000000081700000|  0%| F|  |TAMS 0x0000000081600000, 0x0000000081600000| Untracked 
|  23|0x0000000081700000, 0x0000000081700000, 0x0000000081800000|  0%| F|  |TAMS 0x0000000081700000, 0x0000000081700000| Untracked 
|  24|0x0000000081800000, 0x0000000081800000, 0x0000000081900000|  0%| F|  |TAMS 0x0000000081800000, 0x0000000081800000| Untracked 
|  25|0x0000000081900000, 0x0000000081900000, 0x0000000081a00000|  0%| F|  |TAMS 0x0000000081900000, 0x0000000081900000| Untracked 
|  26|0x0000000081a00000, 0x0000000081a00000, 0x0000000081b00000|  0%| F|  |TAMS 0x0000000081a00000, 0x0000000081a00000| Untracked 
|  27|0x0000000081b00000, 0x0000000081b00000, 0x0000000081c00000|  0%| F|  |TAMS 0x0000000081b00000, 0x0000000081b00000| Untracked 
|  28|0x0000000081c00000, 0x0000000081c00000, 0x0000000081d00000|  0%| F|  |TAMS 0x0000000081c00000, 0x0000000081c00000| Untracked 
|  29|0x0000000081d00000, 0x0000000081d00000, 0x0000000081e00000|  0%| F|  |TAMS 0x0000000081d00000, 0x0000000081d00000| Untracked 
|  30|0x0000000081e00000, 0x0000000081e00000, 0x0000000081f00000|  0%| F|  |TAMS 0x0000000081e00000, 0x0000000081e00000| Untracked 
|  31|0x0000000081f00000, 0x0000000081f00000, 0x0000000082000000|  0%| F|  |TAMS 0x0000000081f00000, 0x0000000081f00000| Untracked 
|  32|0x0000000082000000, 0x0000000082000000, 0x0000000082100000|  0%| F|  |TAMS 0x0000000082000000, 0x0000000082000000| Untracked 
|  33|0x0000000082100000, 0x0000000082100000, 0x0000000082200000|  0%| F|  |TAMS 0x0000000082100000, 0x0000000082100000| Untracked 
|  34|0x0000000082200000, 0x0000000082200000, 0x0000000082300000|  0%| F|  |TAMS 0x0000000082200000, 0x0000000082200000| Untracked 
|  35|0x0000000082300000, 0x0000000082300000, 0x0000000082400000|  0%| F|  |TAMS 0x0000000082300000, 0x0000000082300000| Untracked 
|  36|0x0000000082400000, 0x0000000082400000, 0x0000000082500000|  0%| F|  |TAMS 0x0000000082400000, 0x0000000082400000| Untracked 
|  37|0x0000000082500000, 0x0000000082500000, 0x0000000082600000|  0%| F|  |TAMS 0x0000000082500000, 0x0000000082500000| Untracked 
|  38|0x0000000082600000, 0x0000000082600000, 0x0000000082700000|  0%| F|  |TAMS 0x0000000082600000, 0x0000000082600000| Untracked 
|  39|0x0000000082700000, 0x0000000082700000, 0x0000000082800000|  0%| F|  |TAMS 0x0000000082700000, 0x0000000082700000| Untracked 
|  40|0x0000000082800000, 0x0000000082800000, 0x0000000082900000|  0%| F|  |TAMS 0x0000000082800000, 0x0000000082800000| Untracked 
|  41|0x0000000082900000, 0x0000000082900000, 0x0000000082a00000|  0%| F|  |TAMS 0x0000000082900000, 0x0000000082900000| Untracked 
|  42|0x0000000082a00000, 0x0000000082a00000, 0x0000000082b00000|  0%| F|  |TAMS 0x0000000082a00000, 0x0000000082a00000| Untracked 
|  43|0x0000000082b00000, 0x0000000082b00000, 0x0000000082c00000|  0%| F|  |TAMS 0x0000000082b00000, 0x0000000082b00000| Untracked 
|  44|0x0000000082c00000, 0x0000000082c00000, 0x0000000082d00000|  0%| F|  |TAMS 0x0000000082c00000, 0x0000000082c00000| Untracked 
|  45|0x0000000082d00000, 0x0000000082d00000, 0x0000000082e00000|  0%| F|  |TAMS 0x0000000082d00000, 0x0000000082d00000| Untracked 
|  46|0x0000000082e00000, 0x0000000082e00000, 0x0000000082f00000|  0%| F|  |TAMS 0x0000000082e00000, 0x0000000082e00000| Untracked 
|  47|0x0000000082f00000, 0x0000000082f00000, 0x0000000083000000|  0%| F|  |TAMS 0x0000000082f00000, 0x0000000082f00000| Untracked 
|  48|0x0000000083000000, 0x0000000083000000, 0x0000000083100000|  0%| F|  |TAMS 0x0000000083000000, 0x0000000083000000| Untracked 
|  49|0x0000000083100000, 0x0000000083100000, 0x0000000083200000|  0%| F|  |TAMS 0x0000000083100000, 0x0000000083100000| Untracked 
|  50|0x0000000083200000, 0x0000000083200000, 0x0000000083300000|  0%| F|  |TAMS 0x0000000083200000, 0x0000000083200000| Untracked 
|  51|0x0000000083300000, 0x0000000083300000, 0x0000000083400000|  0%| F|  |TAMS 0x0000000083300000, 0x0000000083300000| Untracked 
|  52|0x0000000083400000, 0x0000000083400000, 0x0000000083500000|  0%| F|  |TAMS 0x0000000083400000, 0x0000000083400000| Untracked 
|  53|0x0000000083500000, 0x0000000083500000, 0x0000000083600000|  0%| F|  |TAMS 0x0000000083500000, 0x0000000083500000| Untracked 
|  54|0x0000000083600000, 0x0000000083600000, 0x0000000083700000|  0%| F|  |TAMS 0x0000000083600000, 0x0000000083600000| Untracked 
|  55|0x0000000083700000, 0x0000000083700000, 0x0000000083800000|  0%| F|  |TAMS 0x0000000083700000, 0x0000000083700000| Untracked 
|  56|0x0000000083800000, 0x0000000083800000, 0x0000000083900000|  0%| F|  |TAMS 0x0000000083800000, 0x0000000083800000| Untracked 
|  57|0x0000000083900000, 0x0000000083900000, 0x0000000083a00000|  0%| F|  |TAMS 0x0000000083900000, 0x0000000083900000| Untracked 
|  58|0x0000000083a00000, 0x0000000083a00000, 0x0000000083b00000|  0%| F|  |TAMS 0x0000000083a00000, 0x0000000083a00000| Untracked 
|  59|0x0000000083b00000, 0x0000000083b00000, 0x0000000083c00000|  0%| F|  |TAMS 0x0000000083b00000, 0x0000000083b00000| Untracked 
|  60|0x0000000083c00000, 0x0000000083c00000, 0x0000000083d00000|  0%| F|  |TAMS 0x0000000083c00000, 0x0000000083c00000| Untracked 
|  61|0x0000000083d00000, 0x0000000083d00000, 0x0000000083e00000|  0%| F|  |TAMS 0x0000000083d00000, 0x0000000083d00000| Untracked 
|  62|0x0000000083e00000, 0x0000000083e00000, 0x0000000083f00000|  0%| F|  |TAMS 0x0000000083e00000, 0x0000000083e00000| Untracked 
|  63|0x0000000083f00000, 0x0000000083f00000, 0x0000000084000000|  0%| F|  |TAMS 0x0000000083f00000, 0x0000000083f00000| Untracked 
|  64|0x0000000084000000, 0x0000000084000000, 0x0000000084100000|  0%| F|  |TAMS 0x0000000084000000, 0x0000000084000000| Untracked 
|  65|0x0000000084100000, 0x0000000084100000, 0x0000000084200000|  0%| F|  |TAMS 0x0000000084100000, 0x0000000084100000| Untracked 
|  66|0x0000000084200000, 0x0000000084200000, 0x0000000084300000|  0%| F|  |TAMS 0x0000000084200000, 0x0000000084200000| Untracked 
|  67|0x0000000084300000, 0x0000000084300000, 0x0000000084400000|  0%| F|  |TAMS 0x0000000084300000, 0x0000000084300000| Untracked 
|  68|0x0000000084400000, 0x0000000084400000, 0x0000000084500000|  0%| F|  |TAMS 0x0000000084400000, 0x0000000084400000| Untracked 
|  69|0x0000000084500000, 0x0000000084500000, 0x0000000084600000|  0%| F|  |TAMS 0x0000000084500000, 0x0000000084500000| Untracked 
|  70|0x0000000084600000, 0x0000000084600000, 0x0000000084700000|  0%| F|  |TAMS 0x0000000084600000, 0x0000000084600000| Untracked 
|  71|0x0000000084700000, 0x0000000084700000, 0x0000000084800000|  0%| F|  |TAMS 0x0000000084700000, 0x0000000084700000| Untracked 
|  72|0x0000000084800000, 0x0000000084800000, 0x0000000084900000|  0%| F|  |TAMS 0x0000000084800000, 0x0000000084800000| Untracked 
|  73|0x0000000084900000, 0x0000000084900000, 0x0000000084a00000|  0%| F|  |TAMS 0x0000000084900000, 0x0000000084900000| Untracked 
|  74|0x0000000084a00000, 0x0000000084a00000, 0x0000000084b00000|  0%| F|  |TAMS 0x0000000084a00000, 0x0000000084a00000| Untracked 
|  75|0x0000000084b00000, 0x0000000084b00000, 0x0000000084c00000|  0%| F|  |TAMS 0x0000000084b00000, 0x0000000084b00000| Untracked 
|  76|0x0000000084c00000, 0x0000000084c00000, 0x0000000084d00000|  0%| F|  |TAMS 0x0000000084c00000, 0x0000000084c00000| Untracked 
|  77|0x0000000084d00000, 0x0000000084d00000, 0x0000000084e00000|  0%| F|  |TAMS 0x0000000084d00000, 0x0000000084d00000| Untracked 
|  78|0x0000000084e00000, 0x0000000084e00000, 0x0000000084f00000|  0%| F|  |TAMS 0x0000000084e00000, 0x0000000084e00000| Untracked 
|  79|0x0000000084f00000, 0x0000000084f00000, 0x0000000085000000|  0%| F|  |TAMS 0x0000000084f00000, 0x0000000084f00000| Untracked 
|  80|0x0000000085000000, 0x0000000085000000, 0x0000000085100000|  0%| F|  |TAMS 0x0000000085000000, 0x0000000085000000| Untracked 
|  81|0x0000000085100000, 0x0000000085100000, 0x0000000085200000|  0%| F|  |TAMS 0x0000000085100000, 0x0000000085100000| Untracked 
|  82|0x0000000085200000, 0x0000000085200000, 0x0000000085300000|  0%| F|  |TAMS 0x0000000085200000, 0x0000000085200000| Untracked 
|  83|0x0000000085300000, 0x0000000085300000, 0x0000000085400000|  0%| F|  |TAMS 0x0000000085300000, 0x0000000085300000| Untracked 
|  84|0x0000000085400000, 0x0000000085400000, 0x0000000085500000|  0%| F|  |TAMS 0x0000000085400000, 0x0000000085400000| Untracked 
|  85|0x0000000085500000, 0x0000000085500000, 0x0000000085600000|  0%| F|  |TAMS 0x0000000085500000, 0x0000000085500000| Untracked 
|  86|0x0000000085600000, 0x0000000085600000, 0x0000000085700000|  0%| F|  |TAMS 0x0000000085600000, 0x0000000085600000| Untracked 
|  87|0x0000000085700000, 0x0000000085700000, 0x0000000085800000|  0%| F|  |TAMS 0x0000000085700000, 0x0000000085700000| Untracked 
|  88|0x0000000085800000, 0x0000000085800000, 0x0000000085900000|  0%| F|  |TAMS 0x0000000085800000, 0x0000000085800000| Untracked 
|  89|0x0000000085900000, 0x0000000085900000, 0x0000000085a00000|  0%| F|  |TAMS 0x0000000085900000, 0x0000000085900000| Untracked 
|  90|0x0000000085a00000, 0x0000000085a00000, 0x0000000085b00000|  0%| F|  |TAMS 0x0000000085a00000, 0x0000000085a00000| Untracked 
|  91|0x0000000085b00000, 0x0000000085b00000, 0x0000000085c00000|  0%| F|  |TAMS 0x0000000085b00000, 0x0000000085b00000| Untracked 
|  92|0x0000000085c00000, 0x0000000085c00000, 0x0000000085d00000|  0%| F|  |TAMS 0x0000000085c00000, 0x0000000085c00000| Untracked 
|  93|0x0000000085d00000, 0x0000000085d00000, 0x0000000085e00000|  0%| F|  |TAMS 0x0000000085d00000, 0x0000000085d00000| Untracked 
|  94|0x0000000085e00000, 0x0000000085e00000, 0x0000000085f00000|  0%| F|  |TAMS 0x0000000085e00000, 0x0000000085e00000| Untracked 
|  95|0x0000000085f00000, 0x0000000085f00000, 0x0000000086000000|  0%| F|  |TAMS 0x0000000085f00000, 0x0000000085f00000| Untracked 
|  96|0x0000000086000000, 0x0000000086000000, 0x0000000086100000|  0%| F|  |TAMS 0x0000000086000000, 0x0000000086000000| Untracked 
|  97|0x0000000086100000, 0x0000000086100000, 0x0000000086200000|  0%| F|  |TAMS 0x0000000086100000, 0x0000000086100000| Untracked 
|  98|0x0000000086200000, 0x0000000086200000, 0x0000000086300000|  0%| F|  |TAMS 0x0000000086200000, 0x0000000086200000| Untracked 
|  99|0x0000000086300000, 0x0000000086300000, 0x0000000086400000|  0%| F|  |TAMS 0x0000000086300000, 0x0000000086300000| Untracked 
| 100|0x0000000086400000, 0x0000000086400000, 0x0000000086500000|  0%| F|  |TAMS 0x0000000086400000, 0x0000000086400000| Untracked 
| 101|0x0000000086500000, 0x0000000086500000, 0x0000000086600000|  0%| F|  |TAMS 0x0000000086500000, 0x0000000086500000| Untracked 
| 102|0x0000000086600000, 0x0000000086600000, 0x0000000086700000|  0%| F|  |TAMS 0x0000000086600000, 0x0000000086600000| Untracked 
| 103|0x0000000086700000, 0x0000000086700000, 0x0000000086800000|  0%| F|  |TAMS 0x0000000086700000, 0x0000000086700000| Untracked 
| 104|0x0000000086800000, 0x0000000086800000, 0x0000000086900000|  0%| F|  |TAMS 0x0000000086800000, 0x0000000086800000| Untracked 
| 105|0x0000000086900000, 0x0000000086900000, 0x0000000086a00000|  0%| F|  |TAMS 0x0000000086900000, 0x0000000086900000| Untracked 
| 106|0x0000000086a00000, 0x0000000086a00000, 0x0000000086b00000|  0%| F|  |TAMS 0x0000000086a00000, 0x0000000086a00000| Untracked 
| 107|0x0000000086b00000, 0x0000000086b00000, 0x0000000086c00000|  0%| F|  |TAMS 0x0000000086b00000, 0x0000000086b00000| Untracked 
| 108|0x0000000086c00000, 0x0000000086c00000, 0x0000000086d00000|  0%| F|  |TAMS 0x0000000086c00000, 0x0000000086c00000| Untracked 
| 109|0x0000000086d00000, 0x0000000086d00000, 0x0000000086e00000|  0%| F|  |TAMS 0x0000000086d00000, 0x0000000086d00000| Untracked 
| 110|0x0000000086e00000, 0x0000000086e00000, 0x0000000086f00000|  0%| F|  |TAMS 0x0000000086e00000, 0x0000000086e00000| Untracked 
| 111|0x0000000086f00000, 0x0000000086f00000, 0x0000000087000000|  0%| F|  |TAMS 0x0000000086f00000, 0x0000000086f00000| Untracked 
| 112|0x0000000087000000, 0x0000000087000000, 0x0000000087100000|  0%| F|  |TAMS 0x0000000087000000, 0x0000000087000000| Untracked 
| 113|0x0000000087100000, 0x0000000087100000, 0x0000000087200000|  0%| F|  |TAMS 0x0000000087100000, 0x0000000087100000| Untracked 
| 114|0x0000000087200000, 0x0000000087200000, 0x0000000087300000|  0%| F|  |TAMS 0x0000000087200000, 0x0000000087200000| Untracked 
| 115|0x0000000087300000, 0x0000000087300000, 0x0000000087400000|  0%| F|  |TAMS 0x0000000087300000, 0x0000000087300000| Untracked 
| 116|0x0000000087400000, 0x0000000087400000, 0x0000000087500000|  0%| F|  |TAMS 0x0000000087400000, 0x0000000087400000| Untracked 
| 117|0x0000000087500000, 0x0000000087500000, 0x0000000087600000|  0%| F|  |TAMS 0x0000000087500000, 0x0000000087500000| Untracked 
| 118|0x0000000087600000, 0x0000000087600000, 0x0000000087700000|  0%| F|  |TAMS 0x0000000087600000, 0x0000000087600000| Untracked 
| 119|0x0000000087700000, 0x0000000087700000, 0x0000000087800000|  0%| F|  |TAMS 0x0000000087700000, 0x0000000087700000| Untracked 
| 120|0x0000000087800000, 0x0000000087800000, 0x0000000087900000|  0%| F|  |TAMS 0x0000000087800000, 0x0000000087800000| Untracked 
| 121|0x0000000087900000, 0x0000000087900000, 0x0000000087a00000|  0%| F|  |TAMS 0x0000000087900000, 0x0000000087900000| Untracked 
| 122|0x0000000087a00000, 0x0000000087a00000, 0x0000000087b00000|  0%| F|  |TAMS 0x0000000087a00000, 0x0000000087a00000| Untracked 
| 123|0x0000000087b00000, 0x0000000087b00000, 0x0000000087c00000|  0%| F|  |TAMS 0x0000000087b00000, 0x0000000087b00000| Untracked 
| 124|0x0000000087c00000, 0x0000000087c00000, 0x0000000087d00000|  0%| F|  |TAMS 0x0000000087c00000, 0x0000000087c00000| Untracked 
| 125|0x0000000087d00000, 0x0000000087d00000, 0x0000000087e00000|  0%| F|  |TAMS 0x0000000087d00000, 0x0000000087d00000| Untracked 
| 126|0x0000000087e00000, 0x0000000087e00000, 0x0000000087f00000|  0%| F|  |TAMS 0x0000000087e00000, 0x0000000087e00000| Untracked 
| 127|0x0000000087f00000, 0x0000000087f00000, 0x0000000088000000|  0%| F|  |TAMS 0x0000000087f00000, 0x0000000087f00000| Untracked 
| 128|0x0000000088000000, 0x0000000088000000, 0x0000000088100000|  0%| F|  |TAMS 0x0000000088000000, 0x0000000088000000| Untracked 
| 129|0x0000000088100000, 0x0000000088100000, 0x0000000088200000|  0%| F|  |TAMS 0x0000000088100000, 0x0000000088100000| Untracked 
| 130|0x0000000088200000, 0x0000000088200000, 0x0000000088300000|  0%| F|  |TAMS 0x0000000088200000, 0x0000000088200000| Untracked 
| 131|0x0000000088300000, 0x0000000088300000, 0x0000000088400000|  0%| F|  |TAMS 0x0000000088300000, 0x0000000088300000| Untracked 
| 132|0x0000000088400000, 0x0000000088400000, 0x0000000088500000|  0%| F|  |TAMS 0x0000000088400000, 0x0000000088400000| Untracked 
| 133|0x0000000088500000, 0x0000000088500000, 0x0000000088600000|  0%| F|  |TAMS 0x0000000088500000, 0x0000000088500000| Untracked 
| 134|0x0000000088600000, 0x0000000088600000, 0x0000000088700000|  0%| F|  |TAMS 0x0000000088600000, 0x0000000088600000| Untracked 
| 135|0x0000000088700000, 0x0000000088700000, 0x0000000088800000|  0%| F|  |TAMS 0x0000000088700000, 0x0000000088700000| Untracked 
| 136|0x0000000088800000, 0x0000000088800000, 0x0000000088900000|  0%| F|  |TAMS 0x0000000088800000, 0x0000000088800000| Untracked 
| 137|0x0000000088900000, 0x0000000088900000, 0x0000000088a00000|  0%| F|  |TAMS 0x0000000088900000, 0x0000000088900000| Untracked 
| 138|0x0000000088a00000, 0x0000000088a00000, 0x0000000088b00000|  0%| F|  |TAMS 0x0000000088a00000, 0x0000000088a00000| Untracked 
| 139|0x0000000088b00000, 0x0000000088b00000, 0x0000000088c00000|  0%| F|  |TAMS 0x0000000088b00000, 0x0000000088b00000| Untracked 
| 140|0x0000000088c00000, 0x0000000088c00000, 0x0000000088d00000|  0%| F|  |TAMS 0x0000000088c00000, 0x0000000088c00000| Untracked 
| 141|0x0000000088d00000, 0x0000000088d00000, 0x0000000088e00000|  0%| F|  |TAMS 0x0000000088d00000, 0x0000000088d00000| Untracked 
| 142|0x0000000088e00000, 0x0000000088e00000, 0x0000000088f00000|  0%| F|  |TAMS 0x0000000088e00000, 0x0000000088e00000| Untracked 
| 143|0x0000000088f00000, 0x0000000088f00000, 0x0000000089000000|  0%| F|  |TAMS 0x0000000088f00000, 0x0000000088f00000| Untracked 
| 144|0x0000000089000000, 0x0000000089000000, 0x0000000089100000|  0%| F|  |TAMS 0x0000000089000000, 0x0000000089000000| Untracked 
| 145|0x0000000089100000, 0x0000000089100000, 0x0000000089200000|  0%| F|  |TAMS 0x0000000089100000, 0x0000000089100000| Untracked 
| 146|0x0000000089200000, 0x0000000089200000, 0x0000000089300000|  0%| F|  |TAMS 0x0000000089200000, 0x0000000089200000| Untracked 
| 147|0x0000000089300000, 0x0000000089300000, 0x0000000089400000|  0%| F|  |TAMS 0x0000000089300000, 0x0000000089300000| Untracked 
| 148|0x0000000089400000, 0x0000000089400000, 0x0000000089500000|  0%| F|  |TAMS 0x0000000089400000, 0x0000000089400000| Untracked 
| 149|0x0000000089500000, 0x0000000089500000, 0x0000000089600000|  0%| F|  |TAMS 0x0000000089500000, 0x0000000089500000| Untracked 
| 150|0x0000000089600000, 0x0000000089600000, 0x0000000089700000|  0%| F|  |TAMS 0x0000000089600000, 0x0000000089600000| Untracked 
| 151|0x0000000089700000, 0x0000000089700000, 0x0000000089800000|  0%| F|  |TAMS 0x0000000089700000, 0x0000000089700000| Untracked 
| 152|0x0000000089800000, 0x0000000089800000, 0x0000000089900000|  0%| F|  |TAMS 0x0000000089800000, 0x0000000089800000| Untracked 
| 153|0x0000000089900000, 0x0000000089900000, 0x0000000089a00000|  0%| F|  |TAMS 0x0000000089900000, 0x0000000089900000| Untracked 
| 154|0x0000000089a00000, 0x0000000089a00000, 0x0000000089b00000|  0%| F|  |TAMS 0x0000000089a00000, 0x0000000089a00000| Untracked 
| 155|0x0000000089b00000, 0x0000000089b00000, 0x0000000089c00000|  0%| F|  |TAMS 0x0000000089b00000, 0x0000000089b00000| Untracked 
| 156|0x0000000089c00000, 0x0000000089c00000, 0x0000000089d00000|  0%| F|  |TAMS 0x0000000089c00000, 0x0000000089c00000| Untracked 
| 157|0x0000000089d00000, 0x0000000089d00000, 0x0000000089e00000|  0%| F|  |TAMS 0x0000000089d00000, 0x0000000089d00000| Untracked 
| 158|0x0000000089e00000, 0x0000000089e00000, 0x0000000089f00000|  0%| F|  |TAMS 0x0000000089e00000, 0x0000000089e00000| Untracked 
| 159|0x0000000089f00000, 0x0000000089f00000, 0x000000008a000000|  0%| F|  |TAMS 0x0000000089f00000, 0x0000000089f00000| Untracked 
| 160|0x000000008a000000, 0x000000008a000000, 0x000000008a100000|  0%| F|  |TAMS 0x000000008a000000, 0x000000008a000000| Untracked 
| 161|0x000000008a100000, 0x000000008a100000, 0x000000008a200000|  0%| F|  |TAMS 0x000000008a100000, 0x000000008a100000| Untracked 
| 162|0x000000008a200000, 0x000000008a200000, 0x000000008a300000|  0%| F|  |TAMS 0x000000008a200000, 0x000000008a200000| Untracked 
| 163|0x000000008a300000, 0x000000008a300000, 0x000000008a400000|  0%| F|  |TAMS 0x000000008a300000, 0x000000008a300000| Untracked 
| 164|0x000000008a400000, 0x000000008a400000, 0x000000008a500000|  0%| F|  |TAMS 0x000000008a400000, 0x000000008a400000| Untracked 
| 165|0x000000008a500000, 0x000000008a500000, 0x000000008a600000|  0%| F|  |TAMS 0x000000008a500000, 0x000000008a500000| Untracked 
| 166|0x000000008a600000, 0x000000008a600000, 0x000000008a700000|  0%| F|  |TAMS 0x000000008a600000, 0x000000008a600000| Untracked 
| 167|0x000000008a700000, 0x000000008a700000, 0x000000008a800000|  0%| F|  |TAMS 0x000000008a700000, 0x000000008a700000| Untracked 
| 168|0x000000008a800000, 0x000000008a800000, 0x000000008a900000|  0%| F|  |TAMS 0x000000008a800000, 0x000000008a800000| Untracked 
| 169|0x000000008a900000, 0x000000008a900000, 0x000000008aa00000|  0%| F|  |TAMS 0x000000008a900000, 0x000000008a900000| Untracked 
| 170|0x000000008aa00000, 0x000000008aa00000, 0x000000008ab00000|  0%| F|  |TAMS 0x000000008aa00000, 0x000000008aa00000| Untracked 
| 171|0x000000008ab00000, 0x000000008ab00000, 0x000000008ac00000|  0%| F|  |TAMS 0x000000008ab00000, 0x000000008ab00000| Untracked 
| 172|0x000000008ac00000, 0x000000008ac00000, 0x000000008ad00000|  0%| F|  |TAMS 0x000000008ac00000, 0x000000008ac00000| Untracked 
| 173|0x000000008ad00000, 0x000000008ad00000, 0x000000008ae00000|  0%| F|  |TAMS 0x000000008ad00000, 0x000000008ad00000| Untracked 
| 174|0x000000008ae00000, 0x000000008ae00000, 0x000000008af00000|  0%| F|  |TAMS 0x000000008ae00000, 0x000000008ae00000| Untracked 
| 175|0x000000008af00000, 0x000000008af00000, 0x000000008b000000|  0%| F|  |TAMS 0x000000008af00000, 0x000000008af00000| Untracked 
| 176|0x000000008b000000, 0x000000008b000000, 0x000000008b100000|  0%| F|  |TAMS 0x000000008b000000, 0x000000008b000000| Untracked 
| 177|0x000000008b100000, 0x000000008b100000, 0x000000008b200000|  0%| F|  |TAMS 0x000000008b100000, 0x000000008b100000| Untracked 
| 178|0x000000008b200000, 0x000000008b200000, 0x000000008b300000|  0%| F|  |TAMS 0x000000008b200000, 0x000000008b200000| Untracked 
| 179|0x000000008b300000, 0x000000008b300000, 0x000000008b400000|  0%| F|  |TAMS 0x000000008b300000, 0x000000008b300000| Untracked 
| 180|0x000000008b400000, 0x000000008b400000, 0x000000008b500000|  0%| F|  |TAMS 0x000000008b400000, 0x000000008b400000| Untracked 
| 181|0x000000008b500000, 0x000000008b500000, 0x000000008b600000|  0%| F|  |TAMS 0x000000008b500000, 0x000000008b500000| Untracked 
| 182|0x000000008b600000, 0x000000008b600000, 0x000000008b700000|  0%| F|  |TAMS 0x000000008b600000, 0x000000008b600000| Untracked 
| 183|0x000000008b700000, 0x000000008b738820, 0x000000008b800000| 22%| S|CS|TAMS 0x000000008b700000, 0x000000008b700000| Complete 
| 184|0x000000008b800000, 0x000000008b900000, 0x000000008b900000|100%| S|CS|TAMS 0x000000008b800000, 0x000000008b800000| Complete 
| 185|0x000000008b900000, 0x000000008ba00000, 0x000000008ba00000|100%| S|CS|TAMS 0x000000008b900000, 0x000000008b900000| Complete 
| 186|0x000000008ba00000, 0x000000008bb00000, 0x000000008bb00000|100%| S|CS|TAMS 0x000000008ba00000, 0x000000008ba00000| Complete 
| 187|0x000000008bb00000, 0x000000008bc00000, 0x000000008bc00000|100%| S|CS|TAMS 0x000000008bb00000, 0x000000008bb00000| Complete 
| 188|0x000000008bc00000, 0x000000008bd00000, 0x000000008bd00000|100%| S|CS|TAMS 0x000000008bc00000, 0x000000008bc00000| Complete 
| 189|0x000000008bd00000, 0x000000008be00000, 0x000000008be00000|100%| S|CS|TAMS 0x000000008bd00000, 0x000000008bd00000| Complete 
| 190|0x000000008be00000, 0x000000008be00000, 0x000000008bf00000|  0%| F|  |TAMS 0x000000008be00000, 0x000000008be00000| Untracked 
| 191|0x000000008bf00000, 0x000000008bf00000, 0x000000008c000000|  0%| F|  |TAMS 0x000000008bf00000, 0x000000008bf00000| Untracked 
| 192|0x000000008c000000, 0x000000008c000000, 0x000000008c100000|  0%| F|  |TAMS 0x000000008c000000, 0x000000008c000000| Untracked 
| 193|0x000000008c100000, 0x000000008c100000, 0x000000008c200000|  0%| F|  |TAMS 0x000000008c100000, 0x000000008c100000| Untracked 
| 194|0x000000008c200000, 0x000000008c200000, 0x000000008c300000|  0%| F|  |TAMS 0x000000008c200000, 0x000000008c200000| Untracked 
| 195|0x000000008c300000, 0x000000008c300000, 0x000000008c400000|  0%| F|  |TAMS 0x000000008c300000, 0x000000008c300000| Untracked 
| 196|0x000000008c400000, 0x000000008c400000, 0x000000008c500000|  0%| F|  |TAMS 0x000000008c400000, 0x000000008c400000| Untracked 
| 197|0x000000008c500000, 0x000000008c500000, 0x000000008c600000|  0%| F|  |TAMS 0x000000008c500000, 0x000000008c500000| Untracked 
| 198|0x000000008c600000, 0x000000008c600000, 0x000000008c700000|  0%| F|  |TAMS 0x000000008c600000, 0x000000008c600000| Untracked 
| 199|0x000000008c700000, 0x000000008c700000, 0x000000008c800000|  0%| F|  |TAMS 0x000000008c700000, 0x000000008c700000| Untracked 
| 200|0x000000008c800000, 0x000000008c800000, 0x000000008c900000|  0%| F|  |TAMS 0x000000008c800000, 0x000000008c800000| Untracked 
| 201|0x000000008c900000, 0x000000008c900000, 0x000000008ca00000|  0%| F|  |TAMS 0x000000008c900000, 0x000000008c900000| Untracked 
| 202|0x000000008ca00000, 0x000000008ca00000, 0x000000008cb00000|  0%| F|  |TAMS 0x000000008ca00000, 0x000000008ca00000| Untracked 
| 203|0x000000008cb00000, 0x000000008cb00000, 0x000000008cc00000|  0%| F|  |TAMS 0x000000008cb00000, 0x000000008cb00000| Untracked 
| 204|0x000000008cc00000, 0x000000008cc00000, 0x000000008cd00000|  0%| F|  |TAMS 0x000000008cc00000, 0x000000008cc00000| Untracked 
| 205|0x000000008cd00000, 0x000000008cd00000, 0x000000008ce00000|  0%| F|  |TAMS 0x000000008cd00000, 0x000000008cd00000| Untracked 
| 206|0x000000008ce00000, 0x000000008ce00000, 0x000000008cf00000|  0%| F|  |TAMS 0x000000008ce00000, 0x000000008ce00000| Untracked 
| 207|0x000000008cf00000, 0x000000008cf00000, 0x000000008d000000|  0%| F|  |TAMS 0x000000008cf00000, 0x000000008cf00000| Untracked 
| 208|0x000000008d000000, 0x000000008d000000, 0x000000008d100000|  0%| F|  |TAMS 0x000000008d000000, 0x000000008d000000| Untracked 
| 209|0x000000008d100000, 0x000000008d100000, 0x000000008d200000|  0%| F|  |TAMS 0x000000008d100000, 0x000000008d100000| Untracked 
| 210|0x000000008d200000, 0x000000008d200000, 0x000000008d300000|  0%| F|  |TAMS 0x000000008d200000, 0x000000008d200000| Untracked 
| 211|0x000000008d300000, 0x000000008d300000, 0x000000008d400000|  0%| F|  |TAMS 0x000000008d300000, 0x000000008d300000| Untracked 
| 212|0x000000008d400000, 0x000000008d400000, 0x000000008d500000|  0%| F|  |TAMS 0x000000008d400000, 0x000000008d400000| Untracked 
| 213|0x000000008d500000, 0x000000008d500000, 0x000000008d600000|  0%| F|  |TAMS 0x000000008d500000, 0x000000008d500000| Untracked 
| 214|0x000000008d600000, 0x000000008d600000, 0x000000008d700000|  0%| F|  |TAMS 0x000000008d600000, 0x000000008d600000| Untracked 
| 215|0x000000008d700000, 0x000000008d700000, 0x000000008d800000|  0%| F|  |TAMS 0x000000008d700000, 0x000000008d700000| Untracked 
| 216|0x000000008d800000, 0x000000008d800000, 0x000000008d900000|  0%| F|  |TAMS 0x000000008d800000, 0x000000008d800000| Untracked 
| 217|0x000000008d900000, 0x000000008d900000, 0x000000008da00000|  0%| F|  |TAMS 0x000000008d900000, 0x000000008d900000| Untracked 
| 218|0x000000008da00000, 0x000000008da00000, 0x000000008db00000|  0%| F|  |TAMS 0x000000008da00000, 0x000000008da00000| Untracked 
| 219|0x000000008db00000, 0x000000008db00000, 0x000000008dc00000|  0%| F|  |TAMS 0x000000008db00000, 0x000000008db00000| Untracked 
| 220|0x000000008dc00000, 0x000000008dc00000, 0x000000008dd00000|  0%| F|  |TAMS 0x000000008dc00000, 0x000000008dc00000| Untracked 
| 221|0x000000008dd00000, 0x000000008dd00000, 0x000000008de00000|  0%| F|  |TAMS 0x000000008dd00000, 0x000000008dd00000| Untracked 
| 222|0x000000008de00000, 0x000000008de00000, 0x000000008df00000|  0%| F|  |TAMS 0x000000008de00000, 0x000000008de00000| Untracked 
| 223|0x000000008df00000, 0x000000008df00000, 0x000000008e000000|  0%| F|  |TAMS 0x000000008df00000, 0x000000008df00000| Untracked 
| 224|0x000000008e000000, 0x000000008e000000, 0x000000008e100000|  0%| F|  |TAMS 0x000000008e000000, 0x000000008e000000| Untracked 
| 225|0x000000008e100000, 0x000000008e100000, 0x000000008e200000|  0%| F|  |TAMS 0x000000008e100000, 0x000000008e100000| Untracked 
| 226|0x000000008e200000, 0x000000008e200000, 0x000000008e300000|  0%| F|  |TAMS 0x000000008e200000, 0x000000008e200000| Untracked 
| 227|0x000000008e300000, 0x000000008e300000, 0x000000008e400000|  0%| F|  |TAMS 0x000000008e300000, 0x000000008e300000| Untracked 
| 228|0x000000008e400000, 0x000000008e400000, 0x000000008e500000|  0%| F|  |TAMS 0x000000008e400000, 0x000000008e400000| Untracked 
| 229|0x000000008e500000, 0x000000008e500000, 0x000000008e600000|  0%| F|  |TAMS 0x000000008e500000, 0x000000008e500000| Untracked 
| 230|0x000000008e600000, 0x000000008e600000, 0x000000008e700000|  0%| F|  |TAMS 0x000000008e600000, 0x000000008e600000| Untracked 
| 231|0x000000008e700000, 0x000000008e700000, 0x000000008e800000|  0%| F|  |TAMS 0x000000008e700000, 0x000000008e700000| Untracked 
| 232|0x000000008e800000, 0x000000008e800000, 0x000000008e900000|  0%| F|  |TAMS 0x000000008e800000, 0x000000008e800000| Untracked 
| 233|0x000000008e900000, 0x000000008e900000, 0x000000008ea00000|  0%| F|  |TAMS 0x000000008e900000, 0x000000008e900000| Untracked 
| 234|0x000000008ea00000, 0x000000008ea00000, 0x000000008eb00000|  0%| F|  |TAMS 0x000000008ea00000, 0x000000008ea00000| Untracked 
| 235|0x000000008eb00000, 0x000000008eb00000, 0x000000008ec00000|  0%| F|  |TAMS 0x000000008eb00000, 0x000000008eb00000| Untracked 
| 236|0x000000008ec00000, 0x000000008ec00000, 0x000000008ed00000|  0%| F|  |TAMS 0x000000008ec00000, 0x000000008ec00000| Untracked 
| 237|0x000000008ed00000, 0x000000008ed00000, 0x000000008ee00000|  0%| F|  |TAMS 0x000000008ed00000, 0x000000008ed00000| Untracked 
| 238|0x000000008ee00000, 0x000000008ee00000, 0x000000008ef00000|  0%| F|  |TAMS 0x000000008ee00000, 0x000000008ee00000| Untracked 
| 239|0x000000008ef00000, 0x000000008ef00000, 0x000000008f000000|  0%| F|  |TAMS 0x000000008ef00000, 0x000000008ef00000| Untracked 
| 240|0x000000008f000000, 0x000000008f000000, 0x000000008f100000|  0%| F|  |TAMS 0x000000008f000000, 0x000000008f000000| Untracked 
| 241|0x000000008f100000, 0x000000008f100000, 0x000000008f200000|  0%| F|  |TAMS 0x000000008f100000, 0x000000008f100000| Untracked 
| 242|0x000000008f200000, 0x000000008f300000, 0x000000008f300000|100%| E|  |TAMS 0x000000008f200000, 0x000000008f200000| Complete 
| 243|0x000000008f300000, 0x000000008f400000, 0x000000008f400000|100%| E|CS|TAMS 0x000000008f300000, 0x000000008f300000| Complete 
| 244|0x000000008f400000, 0x000000008f500000, 0x000000008f500000|100%| E|CS|TAMS 0x000000008f400000, 0x000000008f400000| Complete 
| 245|0x000000008f500000, 0x000000008f600000, 0x000000008f600000|100%| E|CS|TAMS 0x000000008f500000, 0x000000008f500000| Complete 
| 246|0x000000008f600000, 0x000000008f700000, 0x000000008f700000|100%| E|CS|TAMS 0x000000008f600000, 0x000000008f600000| Complete 
| 247|0x000000008f700000, 0x000000008f800000, 0x000000008f800000|100%| E|CS|TAMS 0x000000008f700000, 0x000000008f700000| Complete 
| 248|0x000000008f800000, 0x000000008f900000, 0x000000008f900000|100%| E|CS|TAMS 0x000000008f800000, 0x000000008f800000| Complete 
| 249|0x000000008f900000, 0x000000008fa00000, 0x000000008fa00000|100%| E|CS|TAMS 0x000000008f900000, 0x000000008f900000| Complete 
| 250|0x000000008fa00000, 0x000000008fb00000, 0x000000008fb00000|100%| E|CS|TAMS 0x000000008fa00000, 0x000000008fa00000| Complete 
| 251|0x000000008fb00000, 0x000000008fc00000, 0x000000008fc00000|100%| E|CS|TAMS 0x000000008fb00000, 0x000000008fb00000| Complete 
| 252|0x000000008fc00000, 0x000000008fd00000, 0x000000008fd00000|100%| E|CS|TAMS 0x000000008fc00000, 0x000000008fc00000| Complete 
| 253|0x000000008fd00000, 0x000000008fe00000, 0x000000008fe00000|100%| E|CS|TAMS 0x000000008fd00000, 0x000000008fd00000| Complete 
| 254|0x000000008fe00000, 0x000000008ff00000, 0x000000008ff00000|100%| E|CS|TAMS 0x000000008fe00000, 0x000000008fe00000| Complete 
| 255|0x000000008ff00000, 0x0000000090000000, 0x0000000090000000|100%| E|CS|TAMS 0x000000008ff00000, 0x000000008ff00000| Complete 

Card table byte_map: [0x000001f2764f0000,0x000001f2768f0000] _byte_map_base: 0x000001f2760f0000

Marking Bits (Prev, Next): (CMBitMap*) 0x000001f2630cc410, (CMBitMap*) 0x000001f2630cc3d8
 Prev Bits: [0x000001f278cf0000, 0x000001f27acf0000)
 Next Bits: [0x000001f276cf0000, 0x000001f278cf0000)

Polling page: 0x000001f2615b0000

Metaspace:

Usage:
  Non-class:     24.42 MB capacity,    24.01 MB ( 98%) used,   369.74 KB (  1%) free+waste,    54.81 KB ( <1%) overhead. 
      Class:      3.85 MB capacity,     3.61 MB ( 94%) used,   221.81 KB (  6%) free+waste,    27.50 KB ( <1%) overhead. 
       Both:     28.28 MB capacity,    27.62 MB ( 98%) used,   591.55 KB (  2%) free+waste,    82.31 KB ( <1%) overhead. 

Virtual space:
  Non-class space:       26.00 MB reserved,      24.67 MB ( 95%) committed 
      Class space:        1.00 GB reserved,       3.95 MB ( <1%) committed 
             Both:        1.03 GB reserved,      28.62 MB (  3%) committed 

Chunk freelists:
   Non-Class:  63.00 KB
       Class:  23.00 KB
        Both:  86.00 KB

MaxMetaspaceSize: 17179869184.00 GB
CompressedClassSpaceSize: 1.00 GB
Initial GC threshold: 20.80 MB
Current GC threshold: 35.20 MB
CDS: off

CodeHeap 'non-profiled nmethods': size=120064Kb used=1285Kb max_used=1285Kb free=118778Kb
 bounds [0x000001f26e670000, 0x000001f26e8e0000, 0x000001f275bb0000]
CodeHeap 'profiled nmethods': size=120000Kb used=5127Kb max_used=5127Kb free=114872Kb
 bounds [0x000001f267140000, 0x000001f267650000, 0x000001f26e670000]
CodeHeap 'non-nmethods': size=5696Kb used=1224Kb max_used=1267Kb free=4471Kb
 bounds [0x000001f266bb0000, 0x000001f266e20000, 0x000001f267140000]
 total_blobs=2876 nmethods=2373 adapters=415
 compilation: enabled
              stopped_count=0, restarted_count=0
 full_count=0

Compilation events (20 events):
Event: 3.036 Thread 0x000001f200a45800 2321       4       java.lang.StringBuilder::append (10 bytes)
Event: 3.036 Thread 0x000001f27dc19000 nmethod 2315 0x000001f267620290 code [0x000001f2676204e0, 0x000001f267620d68]
Event: 3.036 Thread 0x000001f27dc19000 2316       3       org.objectweb.asm.SymbolTable::addConstantMethodref (24 bytes)
Event: 3.037 Thread 0x000001f27dc19000 nmethod 2316 0x000001f267621110 code [0x000001f2676212c0, 0x000001f267621468]
Event: 3.037 Thread 0x000001f27dc19000 2320       3       org.objectweb.asm.Label::getCanonicalInstance (19 bytes)
Event: 3.037 Thread 0x000001f27dc19000 nmethod 2320 0x000001f267621510 code [0x000001f2676216c0, 0x000001f267621818]
Event: 3.037 Thread 0x000001f27dc19000 2323       3       org.objectweb.asm.Handler::getExceptionTableSize (10 bytes)
Event: 3.037 Thread 0x000001f27dc19000 nmethod 2323 0x000001f267621910 code [0x000001f267621ac0, 0x000001f267621cb8]
Event: 3.045 Thread 0x000001f200a45800 nmethod 2321 0x000001f26e7ac410 code [0x000001f26e7ac5e0, 0x000001f26e7acde8]
Event: 3.045 Thread 0x000001f200a45800 2324       4       java.util.ArrayDeque::poll (5 bytes)
Event: 3.045 Thread 0x000001f27dc19000 2325       3       java.lang.invoke.MethodHandles$Lookup::findBoundCallerLookup (26 bytes)
Event: 3.045 Thread 0x000001f27dc19000 nmethod 2325 0x000001f267621e10 code [0x000001f267622040, 0x000001f267622838]
Event: 3.045 Thread 0x000001f27dc19000 2326       3       java.lang.invoke.MethodHandles$Lookup::getDirectMethodCommon (275 bytes)
Event: 3.046 Thread 0x000001f200a45800 nmethod 2324 0x000001f26e7ad310 code [0x000001f26e7ad4a0, 0x000001f26e7ad598]
Event: 3.046 Thread 0x000001f200a45800 2322       4       java.lang.AbstractStringBuilder::append (43 bytes)
Event: 3.047 Thread 0x000001f27dc19000 nmethod 2326 0x000001f267622a90 code [0x000001f267622de0, 0x000001f267624058]
Event: 3.047 Thread 0x000001f27dc19000 2327       3       java.lang.invoke.MethodHandles$Lookup::checkMethod (83 bytes)
Event: 3.047 Thread 0x000001f27dc19000 nmethod 2327 0x000001f267624690 code [0x000001f2676248c0, 0x000001f267625018]
Event: 3.047 Thread 0x000001f27dc19000 2328       3       java.lang.invoke.MethodHandles$Lookup::maybeBindCaller (47 bytes)
Event: 3.048 Thread 0x000001f27dc19000 nmethod 2328 0x000001f267625290 code [0x000001f2676254e0, 0x000001f267625dc8]

GC Heap History (12 events):
Event: 0.405 GC heap before
{Heap before GC invocations=0 (full 0):
 garbage-first heap   total 262144K, used 17408K [0x0000000080000000, 0x0000000100000000)
  region size 1024K, 14 young (14336K), 0 survivors (0K)
 Metaspace       used 6733K, capacity 6925K, committed 7168K, reserved 1056768K
  class space    used 572K, capacity 650K, committed 768K, reserved 1048576K
}
Event: 0.408 GC heap after
{Heap after GC invocations=1 (full 0):
 garbage-first heap   total 262144K, used 4316K [0x0000000080000000, 0x0000000100000000)
  region size 1024K, 2 young (2048K), 2 survivors (2048K)
 Metaspace       used 6733K, capacity 6925K, committed 7168K, reserved 1056768K
  class space    used 572K, capacity 650K, committed 768K, reserved 1048576K
}
Event: 0.668 GC heap before
{Heap before GC invocations=1 (full 0):
 garbage-first heap   total 262144K, used 21724K [0x0000000080000000, 0x0000000100000000)
  region size 1024K, 16 young (16384K), 2 survivors (2048K)
 Metaspace       used 10289K, capacity 10553K, committed 10624K, reserved 1058816K
  class space    used 1053K, capacity 1139K, committed 1152K, reserved 1048576K
}
Event: 0.670 GC heap after
{Heap after GC invocations=2 (full 0):
 garbage-first heap   total 262144K, used 9491K [0x0000000080000000, 0x0000000100000000)
  region size 1024K, 2 young (2048K), 2 survivors (2048K)
 Metaspace       used 10289K, capacity 10553K, committed 10624K, reserved 1058816K
  class space    used 1053K, capacity 1139K, committed 1152K, reserved 1048576K
}
Event: 1.010 GC heap before
{Heap before GC invocations=2 (full 0):
 garbage-first heap   total 262144K, used 41235K [0x0000000080000000, 0x0000000100000000)
  region size 1024K, 33 young (33792K), 2 survivors (2048K)
 Metaspace       used 11273K, capacity 11508K, committed 11776K, reserved 1060864K
  class space    used 1153K, capacity 1244K, committed 1280K, reserved 1048576K
}
Event: 1.014 GC heap after
{Heap after GC invocations=3 (full 0):
 garbage-first heap   total 262144K, used 12956K [0x0000000080000000, 0x0000000100000000)
  region size 1024K, 5 young (5120K), 5 survivors (5120K)
 Metaspace       used 11273K, capacity 11508K, committed 11776K, reserved 1060864K
  class space    used 1153K, capacity 1244K, committed 1280K, reserved 1048576K
}
Event: 1.947 GC heap before
{Heap before GC invocations=3 (full 0):
 garbage-first heap   total 262144K, used 59036K [0x0000000080000000, 0x0000000100000000)
  region size 1024K, 50 young (51200K), 5 survivors (5120K)
 Metaspace       used 18464K, capacity 18912K, committed 19072K, reserved 1067008K
  class space    used 2180K, capacity 2311K, committed 2432K, reserved 1048576K
}
Event: 1.955 GC heap after
{Heap after GC invocations=4 (full 0):
 garbage-first heap   total 262144K, used 16300K [0x0000000080000000, 0x0000000100000000)
  region size 1024K, 7 young (7168K), 7 survivors (7168K)
 Metaspace       used 18464K, capacity 18912K, committed 19072K, reserved 1067008K
  class space    used 2180K, capacity 2311K, committed 2432K, reserved 1048576K
}
Event: 2.192 GC heap before
{Heap before GC invocations=4 (full 0):
 garbage-first heap   total 262144K, used 37804K [0x0000000080000000, 0x0000000100000000)
  region size 1024K, 29 young (29696K), 7 survivors (7168K)
 Metaspace       used 20748K, capacity 21187K, committed 21296K, reserved 1069056K
  class space    used 2528K, capacity 2686K, committed 2688K, reserved 1048576K
}
Event: 2.197 GC heap after
{Heap after GC invocations=5 (full 0):
 garbage-first heap   total 262144K, used 17507K [0x0000000080000000, 0x0000000100000000)
  region size 1024K, 5 young (5120K), 5 survivors (5120K)
 Metaspace       used 20748K, capacity 21187K, committed 21296K, reserved 1069056K
  class space    used 2528K, capacity 2686K, committed 2688K, reserved 1048576K
}
Event: 2.940 GC heap before
{Heap before GC invocations=6 (full 0):
 garbage-first heap   total 262144K, used 78947K [0x0000000080000000, 0x0000000100000000)
  region size 1024K, 66 young (67584K), 5 survivors (5120K)
 Metaspace       used 27029K, capacity 27671K, committed 27772K, reserved 1073152K
  class space    used 3505K, capacity 3708K, committed 3788K, reserved 1048576K
}
Event: 2.948 GC heap after
{Heap after GC invocations=7 (full 0):
 garbage-first heap   total 262144K, used 19216K [0x0000000080000000, 0x0000000100000000)
  region size 1024K, 7 young (7168K), 7 survivors (7168K)
 Metaspace       used 27029K, capacity 27671K, committed 27772K, reserved 1073152K
  class space    used 3505K, capacity 3708K, committed 3788K, reserved 1048576K
}

Deoptimization events (20 events):
Event: 2.269 Thread 0x000001f200c93800 Uncommon trap: trap_request=0xffffff4d fr.pc=0x000001f26e751430 relative=0x00000000000003b0
Event: 2.269 Thread 0x000001f200c93800 Uncommon trap: reason=unstable_if action=reinterpret pc=0x000001f26e751430 method=jdk.internal.org.objectweb.asm.Type.getArgumentsAndReturnSizes(Ljava/lang/String;)I @ 88 c2
Event: 2.269 Thread 0x000001f200c93800 DEOPT PACKING pc=0x000001f26e751430 sp=0x0000007ffc6f9ad0
Event: 2.270 Thread 0x000001f200c93800 DEOPT UNPACKING pc=0x000001f266bfa1af sp=0x0000007ffc6f9a58 mode 2
Event: 2.418 Thread 0x000001f200c93800 Uncommon trap: trap_request=0xffffff4d fr.pc=0x000001f26e6c1ab4 relative=0x0000000000000274
Event: 2.418 Thread 0x000001f200c93800 Uncommon trap: reason=unstable_if action=reinterpret pc=0x000001f26e6c1ab4 method=java.util.concurrent.ConcurrentHashMap.get(Ljava/lang/Object;)Ljava/lang/Object; @ 152 c2
Event: 2.418 Thread 0x000001f200c93800 DEOPT PACKING pc=0x000001f26e6c1ab4 sp=0x0000007ffc6f8b50
Event: 2.418 Thread 0x000001f200c93800 DEOPT UNPACKING pc=0x000001f266bfa1af sp=0x0000007ffc6f8ab8 mode 2
Event: 2.447 Thread 0x000001f200c93800 Uncommon trap: trap_request=0xffffffcc fr.pc=0x000001f26e775a68 relative=0x00000000000002a8
Event: 2.447 Thread 0x000001f200c93800 Uncommon trap: reason=intrinsic_or_type_checked_inlining action=make_not_entrant pc=0x000001f26e775a68 method=java.util.Arrays.copyOf([Ljava/lang/Object;ILjava/lang/Class;)[Ljava/lang/Object; @ 35 c2
Event: 2.447 Thread 0x000001f200c93800 DEOPT PACKING pc=0x000001f26e775a68 sp=0x0000007ffc6fafb0
Event: 2.447 Thread 0x000001f200c93800 DEOPT UNPACKING pc=0x000001f266bfa1af sp=0x0000007ffc6faf40 mode 2
Event: 2.668 Thread 0x000001f200c93800 Uncommon trap: trap_request=0xffffff7e fr.pc=0x000001f26e78601c relative=0x000000000000015c
Event: 2.668 Thread 0x000001f200c93800 Uncommon trap: reason=predicate action=maybe_recompile pc=0x000001f26e78601c method=com.google.common.base.CharMatcher.indexIn(Ljava/lang/CharSequence;I)I @ 19 c2
Event: 2.668 Thread 0x000001f200c93800 DEOPT PACKING pc=0x000001f26e78601c sp=0x0000007ffc6fb850
Event: 2.668 Thread 0x000001f200c93800 DEOPT UNPACKING pc=0x000001f266bfa1af sp=0x0000007ffc6fb7e0 mode 2
Event: 2.685 Thread 0x000001f200c93800 Uncommon trap: trap_request=0xffffff4d fr.pc=0x000001f26e73ab20 relative=0x00000000000013e0
Event: 2.685 Thread 0x000001f200c93800 Uncommon trap: reason=unstable_if action=reinterpret pc=0x000001f26e73ab20 method=java.util.concurrent.ConcurrentHashMap.putVal(Ljava/lang/Object;Ljava/lang/Object;Z)Ljava/lang/Object; @ 231 c2
Event: 2.685 Thread 0x000001f200c93800 DEOPT PACKING pc=0x000001f26e73ab20 sp=0x0000007ffc6fcab0
Event: 2.685 Thread 0x000001f200c93800 DEOPT UNPACKING pc=0x000001f266bfa1af sp=0x0000007ffc6fca30 mode 2

Classes redefined (0 events):
No events

Internal exceptions (20 events):
Event: 2.087 Thread 0x000001f200c93800 Exception <a 'java/lang/NoSuchMethodError'{0x000000008ef6cc90}: 'java.lang.Object java.lang.invoke.DirectMethodHandle$Holder.invokeSpecial(java.lang.Object, java.lang.Object, java.lang.Object, java.lang.Object, int)'> (0x000000008ef6cc90) thrown at [./src/hotspot/share/interpreter/linkResolver.cpp, line 773]
Event: 2.087 Thread 0x000001f200c93800 Exception <a 'java/lang/NoSuchMethodError'{0x000000008ef70bc8}: 'java.lang.Object java.lang.invoke.Invokers$Holder.linkToTargetMethod(java.lang.Object, java.lang.Object, int, java.lang.Object)'> (0x000000008ef70bc8) thrown at [./src/hotspot/share/interpreter/linkResolver.cpp, line 773]
Event: 2.220 Thread 0x000001f200c93800 Exception <a 'java/lang/NoSuchMethodError'{0x000000008fe0e248}: 'int java.lang.invoke.DirectMethodHandle$Holder.invokeSpecialIFC(java.lang.Object, java.lang.Object, java.lang.Object, java.lang.Object)'> (0x000000008fe0e248) thrown at [./src/hotspot/share/interpreter/linkResolver.cpp, line 773]
Event: 2.221 Thread 0x000001f200c93800 Exception <a 'java/lang/NoSuchMethodError'{0x000000008fe1c490}: 'java.lang.Object java.lang.invoke.DirectMethodHandle$Holder.invokeInterface(java.lang.Object, java.lang.Object, java.lang.Object)'> (0x000000008fe1c490) thrown at [./src/hotspot/share/interpreter/linkResolver.cpp, line 773]
Event: 2.222 Thread 0x000001f200c93800 Exception <a 'java/lang/IncompatibleClassChangeError'{0x000000008fe1f968}: Found class java.lang.Object, but interface was expected> (0x000000008fe1f968) thrown at [./src/hotspot/share/interpreter/linkResolver.cpp, line 839]
Event: 2.300 Thread 0x000001f200c93800 Exception <a 'java/lang/NoSuchMethodError'{0x000000008f7852d8}: 'void java.lang.invoke.DirectMethodHandle$Holder.invokeSpecial(java.lang.Object, java.lang.Object, java.lang.Object, java.lang.Object, java.lang.Object)'> (0x000000008f7852d8) thrown at [./src/hotspot/share/interpreter/linkResolver.cpp, line 773]
Event: 2.316 Thread 0x000001f200c93800 Exception <a 'java/lang/NoSuchMethodError'{0x000000008f5b18f0}: 'java.lang.Object java.lang.invoke.DirectMethodHandle$Holder.invokeSpecial(java.lang.Object, java.lang.Object, java.lang.Object, java.lang.Object, java.lang.Object, java.lang.Object, java.lang.Object, java.lang.Object, java.lang.Object)'> (0x000000008f5b18f0) thrown at [./src/hotspot/share/interpreter/linkResolver.cpp, line 773]
Event: 2.377 Thread 0x000001f200c93800 Exception <a 'java/lang/NoSuchMethodError'{0x000000008ebedd00}: 'java.lang.Object java.lang.invoke.DirectMethodHandle$Holder.invokeVirtual(java.lang.Object, java.lang.Object, java.lang.Object, java.lang.Object)'> (0x000000008ebedd00) thrown at [./src/hotspot/share/interpreter/linkResolver.cpp, line 773]
Event: 2.453 Thread 0x000001f200c93800 Exception <a 'java/lang/NoSuchMethodError'{0x000000008df30f58}: 'void java.lang.invoke.DirectMethodHandle$Holder.invokeSpecial(java.lang.Object, java.lang.Object, java.lang.Object, java.lang.Object, java.lang.Object, java.lang.Object)'> (0x000000008df30f58) thrown at [./src/hotspot/share/interpreter/linkResolver.cpp, line 773]
Event: 2.462 Thread 0x000001f200c93800 Exception <a 'java/lang/NoSuchMethodError'{0x000000008dfabf30}: 'void java.lang.invoke.DirectMethodHandle$Holder.invokeSpecial(java.lang.Object, java.lang.Object, java.lang.Object, java.lang.Object, java.lang.Object, java.lang.Object, java.lang.Object)'> (0x000000008dfabf30) thrown at [./src/hotspot/share/interpreter/linkResolver.cpp, line 773]
Event: 2.462 Thread 0x000001f200c93800 Exception <a 'java/lang/NoSuchMethodError'{0x000000008dfb4420}: 'java.lang.Object java.lang.invoke.Invokers$Holder.linkToTargetMethod(java.lang.Object, java.lang.Object, java.lang.Object, java.lang.Object, java.lang.Object, java.lang.Object)'> (0x000000008dfb4420) thrown at [./src/hotspot/share/interpreter/linkResolver.cpp, line 773]
Event: 2.487 Thread 0x000001f200c93800 Exception <a 'java/lang/NoSuchMethodError'{0x000000008dd7d978}: 'java.lang.Object java.lang.invoke.DirectMethodHandle$Holder.invokeVirtual(java.lang.Object, java.lang.Object, java.lang.Object, java.lang.Object, java.lang.Object, java.lang.Object, java.lang.Object, java.lang.Object, java.lang.Object, java.lang.Object, java.lang.Object, java.lang.Object, java.lang.Object, java.lang.Object, java.lang.Object, java.lang.Object, java.lang.Object, java.lang.Object, java.lang.Object, java.lang.Object, java.lang.Ob
Event: 2.541 Thread 0x000001f200c93800 Exception <a 'java/lang/NoSuchMethodError'{0x000000008d5a98f0}: 'int java.lang.invoke.DirectMethodHandle$Holder.invokeStaticInit(java.lang.Object, java.lang.Object, java.lang.Object)'> (0x000000008d5a98f0) thrown at [./src/hotspot/share/interpreter/linkResolver.cpp, line 773]
Event: 2.609 Thread 0x000001f200c93800 Exception <a 'java/lang/NoSuchMethodError'{0x000000008d038c50}: 'void java.lang.invoke.DirectMethodHandle$Holder.invokeStaticInit(java.lang.Object, java.lang.Object)'> (0x000000008d038c50) thrown at [./src/hotspot/share/interpreter/linkResolver.cpp, line 773]
Event: 2.807 Thread 0x000001f200c93800 Exception <a 'java/lang/NoSuchMethodError'{0x000000008cbe2d70}: 'void java.lang.invoke.DirectMethodHandle$Holder.invokeStatic(java.lang.Object, java.lang.Object, java.lang.Object, java.lang.Object)'> (0x000000008cbe2d70) thrown at [./src/hotspot/share/interpreter/linkResolver.cpp, line 773]
Event: 2.810 Thread 0x000001f200c93800 Exception <a 'java/lang/NoSuchMethodError'{0x000000008ca365c0}: 'int java.lang.invoke.DirectMethodHandle$Holder.invokeVirtual(java.lang.Object, java.lang.Object)'> (0x000000008ca365c0) thrown at [./src/hotspot/share/interpreter/linkResolver.cpp, line 773]
Event: 2.814 Thread 0x000001f200c93800 Exception <a 'java/lang/NoSuchMethodError'{0x000000008ca4f110}: 'java.lang.Object java.lang.invoke.DirectMethodHandle$Holder.invokeVirtual(java.lang.Object, java.lang.Object, java.lang.Object)'> (0x000000008ca4f110) thrown at [./src/hotspot/share/interpreter/linkResolver.cpp, line 773]
Event: 2.815 Thread 0x000001f200c93800 Exception <a 'java/lang/NoSuchMethodError'{0x000000008ca6c290}: 'int java.lang.invoke.DirectMethodHandle$Holder.invokeVirtual(java.lang.Object, java.lang.Object, java.lang.Object)'> (0x000000008ca6c290) thrown at [./src/hotspot/share/interpreter/linkResolver.cpp, line 773]
Event: 2.842 Thread 0x000001f200c93800 Exception <a 'java/lang/NoSuchMethodError'{0x000000008c860328}: 'void java.lang.invoke.DirectMethodHandle$Holder.invokeSpecial(java.lang.Object, java.lang.Object)'> (0x000000008c860328) thrown at [./src/hotspot/share/interpreter/linkResolver.cpp, line 773]
Event: 2.985 Thread 0x000001f200c93800 Exception <a 'java/lang/NoSuchMethodError'{0x000000008fb1db18}: 'java.lang.Object java.lang.invoke.DirectMethodHandle$Holder.invokeSpecialIFC(java.lang.Object, java.lang.Object, java.lang.Object, java.lang.Object)'> (0x000000008fb1db18) thrown at [./src/hotspot/share/interpreter/linkResolver.cpp, line 773]

Events (20 events):
Event: 3.048 loading class org/gradle/api/internal/collections/ElementSource
Event: 3.048 loading class org/gradle/api/internal/collections/ElementSource done
Event: 3.048 loading class org/gradle/api/internal/collections/PendingSource
Event: 3.048 loading class org/gradle/api/internal/collections/PendingSource done
Event: 3.049 loading class org/gradle/api/NamedDomainObjectCollectionSchema
Event: 3.049 loading class org/gradle/api/NamedDomainObjectCollectionSchema done
Event: 3.051 loading class org/gradle/api/Rule
Event: 3.051 loading class org/gradle/api/Rule done
Event: 3.051 loading class org/gradle/api/internal/DefaultNamedDomainObjectCollection$Index
Event: 3.051 loading class org/gradle/api/internal/DefaultNamedDomainObjectCollection$Index done
Event: 3.051 loading class org/gradle/api/NamedDomainObjectProvider
Event: 3.051 loading class org/gradle/api/NamedDomainObjectProvider done
Event: 3.052 loading class org/gradle/internal/metaobject/ConfigureDelegate
Event: 3.052 loading class org/gradle/internal/metaobject/ConfigureDelegate done
Event: 3.053 loading class org/gradle/api/internal/NamedDomainObjectContainerConfigureDelegate
Event: 3.053 loading class org/gradle/api/internal/NamedDomainObjectContainerConfigureDelegate done
Event: 3.053 loading class org/gradle/api/reflect/TypeOf
Event: 3.053 loading class org/gradle/api/reflect/TypeOf done
Event: 3.053 loading class org/gradle/api/internal/AbstractNamedDomainObjectContainer$1
Event: 3.053 loading class org/gradle/api/internal/AbstractNamedDomainObjectContainer$1 done


Dynamic libraries:
0x00007ff78e620000 - 0x00007ff78e62a000 	D:\Android studio\jre\bin\java.exe
0x00007ffda6870000 - 0x00007ffda6a68000 	C:\WINDOWS\SYSTEM32\ntdll.dll
0x00007ffda54a0000 - 0x00007ffda555f000 	C:\WINDOWS\System32\KERNEL32.DLL
0x00007ffda3f70000 - 0x00007ffda4242000 	C:\WINDOWS\System32\KERNELBASE.dll
0x00007ffda4280000 - 0x00007ffda4380000 	C:\WINDOWS\System32\ucrtbase.dll
0x00007ffd84cd0000 - 0x00007ffd84ce7000 	D:\Android studio\jre\bin\VCRUNTIME140.dll
0x00007ffd7de00000 - 0x00007ffd7de19000 	D:\Android studio\jre\bin\jli.dll
0x00007ffda6150000 - 0x00007ffda62ed000 	C:\WINDOWS\System32\USER32.dll
0x00007ffda4250000 - 0x00007ffda4272000 	C:\WINDOWS\System32\win32u.dll
0x00007ffda4a60000 - 0x00007ffda4a8b000 	C:\WINDOWS\System32\GDI32.dll
0x00007ffda4410000 - 0x00007ffda451f000 	C:\WINDOWS\System32\gdi32full.dll
0x00007ffda4590000 - 0x00007ffda462d000 	C:\WINDOWS\System32\msvcp_win.dll
0x00007ffd91840000 - 0x00007ffd91ada000 	C:\WINDOWS\WinSxS\amd64_microsoft.windows.common-controls_6595b64144ccf1df_6.0.19041.1110_none_60b5254171f9507e\COMCTL32.dll
0x00007ffda5f40000 - 0x00007ffda5fde000 	C:\WINDOWS\System32\msvcrt.dll
0x00007ffda48e0000 - 0x00007ffda4912000 	C:\WINDOWS\System32\IMM32.DLL
0x00007ffd5be20000 - 0x00007ffd5bebd000 	D:\Android studio\jre\bin\msvcp140.dll
0x00007ffd5bf50000 - 0x00007ffd5ca52000 	D:\Android studio\jre\bin\server\jvm.dll
0x00007ffda6720000 - 0x00007ffda67ce000 	C:\WINDOWS\System32\ADVAPI32.dll
0x00007ffda5560000 - 0x00007ffda55fc000 	C:\WINDOWS\System32\sechost.dll
0x00007ffda4920000 - 0x00007ffda4a45000 	C:\WINDOWS\System32\RPCRT4.dll
0x00007ffda6710000 - 0x00007ffda6718000 	C:\WINDOWS\System32\PSAPI.DLL
0x00007ffd8d490000 - 0x00007ffd8d499000 	C:\WINDOWS\SYSTEM32\WSOCK32.dll
0x00007ffd9b4c0000 - 0x00007ffd9b4e7000 	C:\WINDOWS\SYSTEM32\WINMM.dll
0x00007ffda5280000 - 0x00007ffda52eb000 	C:\WINDOWS\System32\WS2_32.dll
0x00007ffd9e220000 - 0x00007ffd9e22a000 	C:\WINDOWS\SYSTEM32\VERSION.dll
0x00007ffda1e50000 - 0x00007ffda1e62000 	C:\WINDOWS\SYSTEM32\kernel.appcore.dll
0x00007ffd82520000 - 0x00007ffd82531000 	D:\Android studio\jre\bin\verify.dll
0x00007ffd923d0000 - 0x00007ffd925b4000 	C:\WINDOWS\SYSTEM32\DBGHELP.DLL
0x00007ffd87e30000 - 0x00007ffd87e5c000 	C:\WINDOWS\SYSTEM32\dbgcore.DLL
0x00007ffda4380000 - 0x00007ffda4402000 	C:\WINDOWS\System32\bcryptPrimitives.dll
0x00007ffd82450000 - 0x00007ffd82479000 	D:\Android studio\jre\bin\java.dll
0x00007ffd91030000 - 0x00007ffd9103b000 	D:\Android studio\jre\bin\jimage.dll
0x00007ffd80b20000 - 0x00007ffd80b38000 	D:\Android studio\jre\bin\zip.dll
0x00007ffda5600000 - 0x00007ffda5d43000 	C:\WINDOWS\System32\SHELL32.dll
0x00007ffda2050000 - 0x00007ffda27e2000 	C:\WINDOWS\SYSTEM32\windows.storage.dll
0x00007ffda63b0000 - 0x00007ffda6704000 	C:\WINDOWS\System32\combase.dll
0x00007ffda39d0000 - 0x00007ffda3a00000 	C:\WINDOWS\SYSTEM32\Wldp.dll
0x00007ffda62f0000 - 0x00007ffda639d000 	C:\WINDOWS\System32\SHCORE.dll
0x00007ffda5fe0000 - 0x00007ffda6035000 	C:\WINDOWS\System32\shlwapi.dll
0x00007ffda3eb0000 - 0x00007ffda3ecf000 	C:\WINDOWS\SYSTEM32\profapi.dll
0x00007ffd80b00000 - 0x00007ffd80b1a000 	D:\Android studio\jre\bin\net.dll
0x00007ffd9ef30000 - 0x00007ffd9f03c000 	C:\WINDOWS\SYSTEM32\WINHTTP.dll
0x00007ffda3730000 - 0x00007ffda379a000 	C:\WINDOWS\system32\mswsock.dll
0x00007ffd80700000 - 0x00007ffd80714000 	D:\Android studio\jre\bin\nio.dll
0x00007ffd7c3f0000 - 0x00007ffd7c417000 	C:\Users\Yake\.gradle\native\e1d6ef7f7dcc3fd88c89a11ec53ec762bb8ba0a96d01ffa2cd45eb1d1d8dd5c5\windows-amd64\native-platform.dll
0x00007ffd589b0000 - 0x00007ffd58af4000 	C:\Users\Yake\.gradle\native\0d407fdbe67a94daf76414ababcb853783967236a71b16ec16e742cd7a986fd3\windows-amd64\native-platform-file-events.dll
0x00007ffd8f9d0000 - 0x00007ffd8f9da000 	D:\Android studio\jre\bin\management.dll
0x00007ffd8f110000 - 0x00007ffd8f11d000 	D:\Android studio\jre\bin\management_ext.dll
0x00007ffda3930000 - 0x00007ffda3948000 	C:\WINDOWS\SYSTEM32\CRYPTSP.dll
0x00007ffda2fe0000 - 0x00007ffda3014000 	C:\WINDOWS\system32\rsaenh.dll
0x00007ffda4890000 - 0x00007ffda48b7000 	C:\WINDOWS\System32\bcrypt.dll
0x00007ffda3e70000 - 0x00007ffda3e9e000 	C:\WINDOWS\SYSTEM32\USERENV.dll
0x00007ffda3920000 - 0x00007ffda392c000 	C:\WINDOWS\SYSTEM32\CRYPTBASE.dll
0x00007ffda33d0000 - 0x00007ffda340b000 	C:\WINDOWS\SYSTEM32\IPHLPAPI.DLL
0x00007ffda63a0000 - 0x00007ffda63a8000 	C:\WINDOWS\System32\NSI.dll
0x00007ffd9d050000 - 0x00007ffd9d067000 	C:\WINDOWS\SYSTEM32\dhcpcsvc6.DLL
0x00007ffd9cf90000 - 0x00007ffd9cfad000 	C:\WINDOWS\SYSTEM32\dhcpcsvc.DLL
0x00007ffda3420000 - 0x00007ffda34ea000 	C:\WINDOWS\SYSTEM32\DNSAPI.dll

dbghelp: loaded successfully - version: 4.0.5 - missing functions: none
symbol engine: initialized successfully - sym options: 0x614 - pdb path: .;D:\Android studio\jre\bin;C:\WINDOWS\SYSTEM32;C:\WINDOWS\WinSxS\amd64_microsoft.windows.common-controls_6595b64144ccf1df_6.0.19041.1110_none_60b5254171f9507e;D:\Android studio\jre\bin\server;C:\Users\Yake\.gradle\native\e1d6ef7f7dcc3fd88c89a11ec53ec762bb8ba0a96d01ffa2cd45eb1d1d8dd5c5\windows-amd64;C:\Users\Yake\.gradle\native\0d407fdbe67a94daf76414ababcb853783967236a71b16ec16e742cd7a986fd3\windows-amd64

VM Arguments:
jvm_args: --add-opens=java.base/java.util=ALL-UNNAMED --add-opens=java.base/java.lang=ALL-UNNAMED --add-opens=java.base/java.lang.invoke=ALL-UNNAMED --add-opens=java.base/java.util=ALL-UNNAMED --add-opens=java.prefs/java.util.prefs=ALL-UNNAMED --add-opens=java.prefs/java.util.prefs=ALL-UNNAMED --add-opens=java.base/java.nio.charset=ALL-UNNAMED --add-opens=java.base/java.net=ALL-UNNAMED --add-opens=java.base/java.util.concurrent.atomic=ALL-UNNAMED -Xmx2048m -Dfile.encoding=UTF-8 -Duser.country=FR -Duser.language=fr -Duser.variant 
java_command: org.gradle.launcher.daemon.bootstrap.GradleDaemon 7.4
java_class_path (initial): C:\Users\Yake\.gradle\wrapper\dists\gradle-7.4-bin\c0gwcg53nkjbqw7r0h0umtfvt\gradle-7.4\lib\gradle-launcher-7.4.jar
Launcher Type: SUN_STANDARD

[Global flags]
     intx CICompilerCount                          = 3                                         {product} {ergonomic}
     uint ConcGCThreads                            = 1                                         {product} {ergonomic}
     uint G1ConcRefinementThreads                  = 4                                         {product} {ergonomic}
   size_t G1HeapRegionSize                         = 1048576                                   {product} {ergonomic}
    uintx GCDrainStackTargetSize                   = 64                                        {product} {ergonomic}
   size_t InitialHeapSize                          = 268435456                                 {product} {ergonomic}
   size_t MarkStackSize                            = 4194304                                   {product} {ergonomic}
   size_t MaxHeapSize                              = 2147483648                                {product} {command line}
   size_t MaxNewSize                               = 1287651328                                {product} {ergonomic}
   size_t MinHeapDeltaBytes                        = 1048576                                   {product} {ergonomic}
    uintx NonNMethodCodeHeapSize                   = 5830732                                {pd product} {ergonomic}
    uintx NonProfiledCodeHeapSize                  = 122913754                              {pd product} {ergonomic}
    uintx ProfiledCodeHeapSize                     = 122913754                              {pd product} {ergonomic}
    uintx ReservedCodeCacheSize                    = 251658240                              {pd product} {ergonomic}
     bool SegmentedCodeCache                       = true                                      {product} {ergonomic}
     bool UseCompressedClassPointers               = true                                 {lp64_product} {ergonomic}
     bool UseCompressedOops                        = true                                 {lp64_product} {ergonomic}
     bool UseG1GC                                  = true                                      {product} {ergonomic}
     bool UseLargePagesIndividualAllocation        = false                                  {pd product} {ergonomic}

Logging:
Log output configuration:
 #0: stdout all=warning uptime,level,tags
 #1: stderr all=off uptime,level,tags

Environment Variables:
PATH=C:\Program Files (x86)\Razer\ChromaBroadcast\bin;C:\Program Files\Razer\ChromaBroadcast\bin;C:\Program Files (x86)\NVIDIA Corporation\PhysX\Common;C:\Program Files (x86)\Razer Chroma SDK\bin;C:\Program Files\Razer Chroma SDK\bin;C:\Program Files (x86)\Intel\Intel(R) Management Engine Components\iCLS\;C:\Program Files\Intel\Intel(R) Management Engine Components\iCLS\;C:\ProgramData\Oracle\Java\javapath;C:\Windows\system32;C:\Windows;C:\Windows\System32\Wbem;C:\Windows\System32\WindowsPowerShell\v1.0\;C:\WINDOWS\system32;C:\WINDOWS;C:\WINDOWS\System32\Wbem;C:\WINDOWS\System32\WindowsPowerShell\v1.0\;C:\Program Files (x86)\Intel\Intel(R) Management Engine Components\DAL;C:\Program Files\Intel\Intel(R) Management Engine Components\DAL;C:\Program Files (x86)\Intel\Intel(R) Management Engine Components\IPT;C:\Program Files\Intel\Intel(R) Management Engine Components\IPT;C:\WINDOWS\system32\config\systemprofile\AppData\Local\Microsoft\WindowsApps;C:\WINDOWS\system32;C:\WINDOWS;C:\WINDOWS\System32\Wbem;C:\WINDOWS\System32\WindowsPowerShell\v1.0\;C:\WINDOWS\System32\OpenSSH\;C:\Program Files\Git\cmd;C:\Users\Yake\AppData\Local\Microsoft\WindowsApps;
USERNAME=Yake
OS=Windows_NT
PROCESSOR_IDENTIFIER=Intel64 Family 6 Model 60 Stepping 3, GenuineIntel



---------------  S Y S T E M  ---------------

OS: Windows 10 , 64 bit Build 19041 (10.0.19041.2251)
OS uptime: 6 days 22:03 hours

CPU:total 4 (initial active 4) (4 cores per cpu, 1 threads per core) family 6 model 60 stepping 3 microcode 0x27, cmov, cx8, fxsr, mmx, sse, sse2, sse3, ssse3, sse4.1, sse4.2, popcnt, avx, avx2, aes, clmul, erms, lzcnt, tsc, tscinvbit, bmi1, bmi2, fma

Memory: 4k page, system-wide physical 16335M (1458M free)
TotalPageFile size 21335M (AvailPageFile size 6M)
current process WorkingSet (physical memory assigned to process): 212M, peak: 213M
current process commit charge ("private bytes"): 412M, peak: 413M

vm_info: OpenJDK 64-Bit Server VM (11.0.13+0-b1751.21-8125866) for windows-amd64 JRE (11.0.13+0-b1751.21-8125866), built on Feb  2 2022 03:00:22 by "builder" with MS VC++ 14.0 (VS2015)

END.
