#
# There is insufficient memory for the Java Runtime Environment to continue.
# Native memory allocation (malloc) failed to allocate 744096 bytes for Chunk::new
# Possible reasons:
#   The system is out of physical RAM or swap space
#   The process is running with CompressedOops enabled, and the Java Heap may be blocking the growth of the native heap
# Possible solutions:
#   Reduce memory load on the system
#   Increase physical memory or swap space
#   Check if swap backing store is full
#   Decrease Java heap size (-Xmx/-Xms)
#   Decrease number of Java threads
#   Decrease Java thread stack sizes (-Xss)
#   Set larger code cache with -XX:ReservedCodeCacheSize=
#   JVM is running with Unscaled Compressed Oops mode in which the Java heap is
#     placed in the first 4GB address space. The Java Heap base address is the
#     maximum limit for the native heap growth. Please use -XX:HeapBaseMinAddress
#     to set the Java Heap base and to place the Java Heap above 4GB virtual address.
# This output file may be truncated or incomplete.
#
#  Out of Memory Error (./src/hotspot/share/memory/arena.cpp:197), pid=23656, tid=18956
#
# JRE version: OpenJDK Runtime Environment (11.0.13) (build 11.0.13+0-b1751.21-8125866)
# Java VM: OpenJDK 64-Bit Server VM (11.0.13+0-b1751.21-8125866, mixed mode, tiered, compressed oops, g1 gc, windows-amd64)
# No core dump will be written. Minidumps are not enabled by default on client versions of Windows
#

---------------  S U M M A R Y ------------

Command Line: --add-opens=java.base/java.util=ALL-UNNAMED --add-opens=java.base/java.lang=ALL-UNNAMED --add-opens=java.base/java.lang.invoke=ALL-UNNAMED --add-opens=java.base/java.util=ALL-UNNAMED --add-opens=java.prefs/java.util.prefs=ALL-UNNAMED --add-opens=java.prefs/java.util.prefs=ALL-UNNAMED --add-opens=java.base/java.nio.charset=ALL-UNNAMED --add-opens=java.base/java.net=ALL-UNNAMED --add-opens=java.base/java.util.concurrent.atomic=ALL-UNNAMED -Xmx2048m -Dfile.encoding=UTF-8 -Duser.country=FR -Duser.language=fr -Duser.variant org.gradle.launcher.daemon.bootstrap.GradleDaemon 7.4

Host: Intel(R) Core(TM) i5-4690K CPU @ 3.50GHz, 4 cores, 15G,  Windows 10 , 64 bit Build 19041 (10.0.19041.2251)
Time: Mon Dec 12 18:08:17 2022 Paris, Madrid elapsed time: 3.877810 seconds (0d 0h 0m 3s)

---------------  T H R E A D  ---------------

Current thread (0x000001afa2348800):  JavaThread "C2 CompilerThread1" daemon [_thread_in_native, id=18956, stack(0x00000002c7100000,0x00000002c7200000)]


Current CompileTask:
C2:   3877 2145       4       java.net.URLClassLoader$1::run (5 bytes)

Stack: [0x00000002c7100000,0x00000002c7200000]
Native frames: (J=compiled Java code, j=interpreted, Vv=VM code, C=native code)
V  [jvm.dll+0x6100fa]
V  [jvm.dll+0x747090]
V  [jvm.dll+0x7486ad]
V  [jvm.dll+0x748d83]
V  [jvm.dll+0x24ab48]
V  [jvm.dll+0xc04dc]
V  [jvm.dll+0xc0a0c]
V  [jvm.dll+0x2bfab4]
V  [jvm.dll+0x524238]
V  [jvm.dll+0x20491a]
V  [jvm.dll+0x2023c2]
V  [jvm.dll+0x188e01]
V  [jvm.dll+0x21106b]
V  [jvm.dll+0x20f8c1]
V  [jvm.dll+0x70de0f]
V  [jvm.dll+0x706a75]
V  [jvm.dll+0x60ed66]
C  [ucrtbase.dll+0x21bb2]
C  [KERNEL32.DLL+0x174b4]
C  [ntdll.dll+0x526a1]


---------------  P R O C E S S  ---------------

Threads class SMR info:
_java_thread_list=0x000001afa189b160, length=24, elements={
0x000001af84189800, 0x000001af9e51a000, 0x000001af9e51b800, 0x000001af9ed9e800,
0x000001af9eda1000, 0x000001af9eda2000, 0x000001af9eda5000, 0x000001af9eda8000,
0x000001af9ee16000, 0x000001af9ef16000, 0x000001afa0305800, 0x000001afa0edb000,
0x000001afa0754000, 0x000001afa0539000, 0x000001afa02ce000, 0x000001afa02cf000,
0x000001afa033c800, 0x000001afa1621000, 0x000001afa12d1000, 0x000001afa070f000,
0x000001afa1221000, 0x000001afa121e800, 0x000001afa121f800, 0x000001afa2348800
}

Java Threads: ( => current thread )
  0x000001af84189800 JavaThread "main" [_thread_blocked, id=24564, stack(0x00000002c5000000,0x00000002c5100000)]
  0x000001af9e51a000 JavaThread "Reference Handler" daemon [_thread_blocked, id=15516, stack(0x00000002c5700000,0x00000002c5800000)]
  0x000001af9e51b800 JavaThread "Finalizer" daemon [_thread_blocked, id=728, stack(0x00000002c5800000,0x00000002c5900000)]
  0x000001af9ed9e800 JavaThread "Signal Dispatcher" daemon [_thread_blocked, id=4856, stack(0x00000002c5900000,0x00000002c5a00000)]
  0x000001af9eda1000 JavaThread "Attach Listener" daemon [_thread_blocked, id=19960, stack(0x00000002c5a00000,0x00000002c5b00000)]
  0x000001af9eda2000 JavaThread "Service Thread" daemon [_thread_blocked, id=20556, stack(0x00000002c5b00000,0x00000002c5c00000)]
  0x000001af9eda5000 JavaThread "C2 CompilerThread0" daemon [_thread_in_native, id=23928, stack(0x00000002c5c00000,0x00000002c5d00000)]
  0x000001af9eda8000 JavaThread "C1 CompilerThread0" daemon [_thread_blocked, id=1988, stack(0x00000002c5d00000,0x00000002c5e00000)]
  0x000001af9ee16000 JavaThread "Sweeper thread" daemon [_thread_blocked, id=1576, stack(0x00000002c5e00000,0x00000002c5f00000)]
  0x000001af9ef16000 JavaThread "Common-Cleaner" daemon [_thread_blocked, id=8412, stack(0x00000002c5f00000,0x00000002c6000000)]
  0x000001afa0305800 JavaThread "Daemon health stats" [_thread_blocked, id=22888, stack(0x00000002c6500000,0x00000002c6600000)]
  0x000001afa0edb000 JavaThread "Incoming local TCP Connector on port 60634" [_thread_in_native, id=20348, stack(0x00000002c6100000,0x00000002c6200000)]
  0x000001afa0754000 JavaThread "Daemon periodic checks" [_thread_blocked, id=7200, stack(0x00000002c6600000,0x00000002c6700000)]
  0x000001afa0539000 JavaThread "Daemon" [_thread_blocked, id=8144, stack(0x00000002c6700000,0x00000002c6800000)]
  0x000001afa02ce000 JavaThread "Handler for socket connection from /127.0.0.1:60634 to /127.0.0.1:60635" [_thread_in_native, id=16204, stack(0x00000002c6800000,0x00000002c6900000)]
  0x000001afa02cf000 JavaThread "Cancel handler" [_thread_blocked, id=16444, stack(0x00000002c6900000,0x00000002c6a00000)]
  0x000001afa033c800 JavaThread "Daemon worker" [_thread_in_vm, id=9080, stack(0x00000002c6a00000,0x00000002c6b00000)]
  0x000001afa1621000 JavaThread "Asynchronous log dispatcher for DefaultDaemonConnection: socket connection from /127.0.0.1:60634 to /127.0.0.1:60635" [_thread_blocked, id=18124, stack(0x00000002c6b00000,0x00000002c6c00000)]
  0x000001afa12d1000 JavaThread "Stdin handler" [_thread_blocked, id=7184, stack(0x00000002c6c00000,0x00000002c6d00000)]
  0x000001afa070f000 JavaThread "Daemon client event forwarder" [_thread_blocked, id=21772, stack(0x00000002c6d00000,0x00000002c6e00000)]
  0x000001afa1221000 JavaThread "Cache worker for journal cache (C:\Users\Yake\.gradle\caches\journal-1)" [_thread_blocked, id=9740, stack(0x00000002c6e00000,0x00000002c6f00000)]
  0x000001afa121e800 JavaThread "File lock request listener" [_thread_in_native, id=9440, stack(0x00000002c6f00000,0x00000002c7000000)]
  0x000001afa121f800 JavaThread "Cache worker for file hash cache (C:\Users\Yake\.gradle\caches\7.4\fileHashes)" [_thread_blocked, id=20580, stack(0x00000002c7000000,0x00000002c7100000)]
=>0x000001afa2348800 JavaThread "C2 CompilerThread1" daemon [_thread_in_native, id=18956, stack(0x00000002c7100000,0x00000002c7200000)]

Other Threads:
  0x000001af9e516000 VMThread "VM Thread" [stack: 0x00000002c5600000,0x00000002c5700000] [id=16324]
  0x000001af9ef24000 WatcherThread [stack: 0x00000002c6000000,0x00000002c6100000] [id=3664]
  0x000001af841a2800 GCTaskThread "GC Thread#0" [stack: 0x00000002c5100000,0x00000002c5200000] [id=14672]
  0x000001af9f31c000 GCTaskThread "GC Thread#1" [stack: 0x00000002c6200000,0x00000002c6300000] [id=11964]
  0x000001af9f3c4800 GCTaskThread "GC Thread#2" [stack: 0x00000002c6300000,0x00000002c6400000] [id=9232]
  0x000001af9f384800 GCTaskThread "GC Thread#3" [stack: 0x00000002c6400000,0x00000002c6500000] [id=23032]
  0x000001af841d3800 ConcurrentGCThread "G1 Main Marker" [stack: 0x00000002c5200000,0x00000002c5300000] [id=836]
  0x000001af841d5000 ConcurrentGCThread "G1 Conc#0" [stack: 0x00000002c5300000,0x00000002c5400000] [id=11564]
  0x000001af8426e800 ConcurrentGCThread "G1 Refine#0" [stack: 0x00000002c5400000,0x00000002c5500000] [id=19492]
  0x000001af9e384800 ConcurrentGCThread "G1 Young RemSet Sampling" [stack: 0x00000002c5500000,0x00000002c5600000] [id=24188]

Threads with active compile tasks:
C2 CompilerThread0   3898 2135       4       java.lang.reflect.ProxyGenerator$ConstantPool::getValue (87 bytes)
C2 CompilerThread1   3898 2145       4       java.net.URLClassLoader$1::run (5 bytes)

VM state:not at safepoint (normal execution)

VM Mutex/Monitor currently owned by a thread: None

Heap address: 0x0000000080000000, size: 2048 MB, Compressed Oops mode: 32-bit
Narrow klass base: 0x0000000000000000, Narrow klass shift: 3
Compressed class space size: 1073741824 Address: 0x0000000100000000

Heap:
 garbage-first heap   total 262144K, used 59210K [0x0000000080000000, 0x0000000100000000)
  region size 1024K, 50 young (51200K), 8 survivors (8192K)
 Metaspace       used 24962K, capacity 25568K, committed 25596K, reserved 1071104K
  class space    used 3190K, capacity 3385K, committed 3404K, reserved 1048576K
Heap Regions: E=young(eden), S=young(survivor), O=old, HS=humongous(starts), HC=humongous(continues), CS=collection set, F=free, A=archive, TAMS=top-at-mark-start (previous, next)
|   0|0x0000000080000000, 0x0000000080100000, 0x0000000080100000|100%|HS|  |TAMS 0x0000000080100000, 0x0000000080000000| Complete 
|   1|0x0000000080100000, 0x0000000080200000, 0x0000000080200000|100%|HC|  |TAMS 0x0000000080200000, 0x0000000080100000| Complete 
|   2|0x0000000080200000, 0x0000000080300000, 0x0000000080300000|100%|HC|  |TAMS 0x0000000080300000, 0x0000000080200000| Complete 
|   3|0x0000000080300000, 0x0000000080400000, 0x0000000080400000|100%| O|  |TAMS 0x0000000080400000, 0x0000000080300000| Untracked 
|   4|0x0000000080400000, 0x0000000080500000, 0x0000000080500000|100%| O|  |TAMS 0x0000000080500000, 0x0000000080400000| Untracked 
|   5|0x0000000080500000, 0x0000000080600000, 0x0000000080600000|100%| O|  |TAMS 0x0000000080600000, 0x0000000080500000| Untracked 
|   6|0x0000000080600000, 0x0000000080700000, 0x0000000080700000|100%| O|  |TAMS 0x0000000080700000, 0x0000000080600000| Untracked 
|   7|0x0000000080700000, 0x0000000080800000, 0x0000000080800000|100%| O|  |TAMS 0x0000000080800000, 0x0000000080700000| Untracked 
|   8|0x0000000080800000, 0x0000000080800000, 0x0000000080900000|  0%| F|  |TAMS 0x0000000080800000, 0x0000000080800000| Untracked 
|   9|0x0000000080900000, 0x0000000080a00000, 0x0000000080a00000|100%| O|  |TAMS 0x0000000080a00000, 0x0000000080900000| Untracked 
|  10|0x0000000080a00000, 0x0000000080a91800, 0x0000000080b00000| 56%| O|  |TAMS 0x0000000080a91800, 0x0000000080a00000| Untracked 
|  11|0x0000000080b00000, 0x0000000080b00000, 0x0000000080c00000|  0%| F|  |TAMS 0x0000000080b00000, 0x0000000080b00000| Untracked 
|  12|0x0000000080c00000, 0x0000000080c00000, 0x0000000080d00000|  0%| F|  |TAMS 0x0000000080c00000, 0x0000000080c00000| Untracked 
|  13|0x0000000080d00000, 0x0000000080d00000, 0x0000000080e00000|  0%| F|  |TAMS 0x0000000080d00000, 0x0000000080d00000| Untracked 
|  14|0x0000000080e00000, 0x0000000080e00000, 0x0000000080f00000|  0%| F|  |TAMS 0x0000000080e00000, 0x0000000080e00000| Untracked 
|  15|0x0000000080f00000, 0x0000000080f00000, 0x0000000081000000|  0%| F|  |TAMS 0x0000000080f00000, 0x0000000080f00000| Untracked 
|  16|0x0000000081000000, 0x0000000081000000, 0x0000000081100000|  0%| F|  |TAMS 0x0000000081000000, 0x0000000081000000| Untracked 
|  17|0x0000000081100000, 0x0000000081100000, 0x0000000081200000|  0%| F|  |TAMS 0x0000000081100000, 0x0000000081100000| Untracked 
|  18|0x0000000081200000, 0x0000000081200000, 0x0000000081300000|  0%| F|  |TAMS 0x0000000081200000, 0x0000000081200000| Untracked 
|  19|0x0000000081300000, 0x0000000081300000, 0x0000000081400000|  0%| F|  |TAMS 0x0000000081300000, 0x0000000081300000| Untracked 
|  20|0x0000000081400000, 0x0000000081400000, 0x0000000081500000|  0%| F|  |TAMS 0x0000000081400000, 0x0000000081400000| Untracked 
|  21|0x0000000081500000, 0x0000000081500000, 0x0000000081600000|  0%| F|  |TAMS 0x0000000081500000, 0x0000000081500000| Untracked 
|  22|0x0000000081600000, 0x0000000081600000, 0x0000000081700000|  0%| F|  |TAMS 0x0000000081600000, 0x0000000081600000| Untracked 
|  23|0x0000000081700000, 0x0000000081700000, 0x0000000081800000|  0%| F|  |TAMS 0x0000000081700000, 0x0000000081700000| Untracked 
|  24|0x0000000081800000, 0x0000000081800000, 0x0000000081900000|  0%| F|  |TAMS 0x0000000081800000, 0x0000000081800000| Untracked 
|  25|0x0000000081900000, 0x0000000081900000, 0x0000000081a00000|  0%| F|  |TAMS 0x0000000081900000, 0x0000000081900000| Untracked 
|  26|0x0000000081a00000, 0x0000000081a00000, 0x0000000081b00000|  0%| F|  |TAMS 0x0000000081a00000, 0x0000000081a00000| Untracked 
|  27|0x0000000081b00000, 0x0000000081b00000, 0x0000000081c00000|  0%| F|  |TAMS 0x0000000081b00000, 0x0000000081b00000| Untracked 
|  28|0x0000000081c00000, 0x0000000081c00000, 0x0000000081d00000|  0%| F|  |TAMS 0x0000000081c00000, 0x0000000081c00000| Untracked 
|  29|0x0000000081d00000, 0x0000000081d00000, 0x0000000081e00000|  0%| F|  |TAMS 0x0000000081d00000, 0x0000000081d00000| Untracked 
|  30|0x0000000081e00000, 0x0000000081e00000, 0x0000000081f00000|  0%| F|  |TAMS 0x0000000081e00000, 0x0000000081e00000| Untracked 
|  31|0x0000000081f00000, 0x0000000081f00000, 0x0000000082000000|  0%| F|  |TAMS 0x0000000081f00000, 0x0000000081f00000| Untracked 
|  32|0x0000000082000000, 0x0000000082000000, 0x0000000082100000|  0%| F|  |TAMS 0x0000000082000000, 0x0000000082000000| Untracked 
|  33|0x0000000082100000, 0x0000000082100000, 0x0000000082200000|  0%| F|  |TAMS 0x0000000082100000, 0x0000000082100000| Untracked 
|  34|0x0000000082200000, 0x0000000082200000, 0x0000000082300000|  0%| F|  |TAMS 0x0000000082200000, 0x0000000082200000| Untracked 
|  35|0x0000000082300000, 0x0000000082300000, 0x0000000082400000|  0%| F|  |TAMS 0x0000000082300000, 0x0000000082300000| Untracked 
|  36|0x0000000082400000, 0x0000000082400000, 0x0000000082500000|  0%| F|  |TAMS 0x0000000082400000, 0x0000000082400000| Untracked 
|  37|0x0000000082500000, 0x0000000082500000, 0x0000000082600000|  0%| F|  |TAMS 0x0000000082500000, 0x0000000082500000| Untracked 
|  38|0x0000000082600000, 0x0000000082600000, 0x0000000082700000|  0%| F|  |TAMS 0x0000000082600000, 0x0000000082600000| Untracked 
|  39|0x0000000082700000, 0x0000000082700000, 0x0000000082800000|  0%| F|  |TAMS 0x0000000082700000, 0x0000000082700000| Untracked 
|  40|0x0000000082800000, 0x0000000082800000, 0x0000000082900000|  0%| F|  |TAMS 0x0000000082800000, 0x0000000082800000| Untracked 
|  41|0x0000000082900000, 0x0000000082900000, 0x0000000082a00000|  0%| F|  |TAMS 0x0000000082900000, 0x0000000082900000| Untracked 
|  42|0x0000000082a00000, 0x0000000082a00000, 0x0000000082b00000|  0%| F|  |TAMS 0x0000000082a00000, 0x0000000082a00000| Untracked 
|  43|0x0000000082b00000, 0x0000000082b00000, 0x0000000082c00000|  0%| F|  |TAMS 0x0000000082b00000, 0x0000000082b00000| Untracked 
|  44|0x0000000082c00000, 0x0000000082c00000, 0x0000000082d00000|  0%| F|  |TAMS 0x0000000082c00000, 0x0000000082c00000| Untracked 
|  45|0x0000000082d00000, 0x0000000082d00000, 0x0000000082e00000|  0%| F|  |TAMS 0x0000000082d00000, 0x0000000082d00000| Untracked 
|  46|0x0000000082e00000, 0x0000000082e00000, 0x0000000082f00000|  0%| F|  |TAMS 0x0000000082e00000, 0x0000000082e00000| Untracked 
|  47|0x0000000082f00000, 0x0000000082f00000, 0x0000000083000000|  0%| F|  |TAMS 0x0000000082f00000, 0x0000000082f00000| Untracked 
|  48|0x0000000083000000, 0x0000000083000000, 0x0000000083100000|  0%| F|  |TAMS 0x0000000083000000, 0x0000000083000000| Untracked 
|  49|0x0000000083100000, 0x0000000083100000, 0x0000000083200000|  0%| F|  |TAMS 0x0000000083100000, 0x0000000083100000| Untracked 
|  50|0x0000000083200000, 0x0000000083200000, 0x0000000083300000|  0%| F|  |TAMS 0x0000000083200000, 0x0000000083200000| Untracked 
|  51|0x0000000083300000, 0x0000000083300000, 0x0000000083400000|  0%| F|  |TAMS 0x0000000083300000, 0x0000000083300000| Untracked 
|  52|0x0000000083400000, 0x0000000083400000, 0x0000000083500000|  0%| F|  |TAMS 0x0000000083400000, 0x0000000083400000| Untracked 
|  53|0x0000000083500000, 0x0000000083500000, 0x0000000083600000|  0%| F|  |TAMS 0x0000000083500000, 0x0000000083500000| Untracked 
|  54|0x0000000083600000, 0x0000000083600000, 0x0000000083700000|  0%| F|  |TAMS 0x0000000083600000, 0x0000000083600000| Untracked 
|  55|0x0000000083700000, 0x0000000083700000, 0x0000000083800000|  0%| F|  |TAMS 0x0000000083700000, 0x0000000083700000| Untracked 
|  56|0x0000000083800000, 0x0000000083800000, 0x0000000083900000|  0%| F|  |TAMS 0x0000000083800000, 0x0000000083800000| Untracked 
|  57|0x0000000083900000, 0x0000000083900000, 0x0000000083a00000|  0%| F|  |TAMS 0x0000000083900000, 0x0000000083900000| Untracked 
|  58|0x0000000083a00000, 0x0000000083a00000, 0x0000000083b00000|  0%| F|  |TAMS 0x0000000083a00000, 0x0000000083a00000| Untracked 
|  59|0x0000000083b00000, 0x0000000083b00000, 0x0000000083c00000|  0%| F|  |TAMS 0x0000000083b00000, 0x0000000083b00000| Untracked 
|  60|0x0000000083c00000, 0x0000000083c00000, 0x0000000083d00000|  0%| F|  |TAMS 0x0000000083c00000, 0x0000000083c00000| Untracked 
|  61|0x0000000083d00000, 0x0000000083d00000, 0x0000000083e00000|  0%| F|  |TAMS 0x0000000083d00000, 0x0000000083d00000| Untracked 
|  62|0x0000000083e00000, 0x0000000083e00000, 0x0000000083f00000|  0%| F|  |TAMS 0x0000000083e00000, 0x0000000083e00000| Untracked 
|  63|0x0000000083f00000, 0x0000000083f00000, 0x0000000084000000|  0%| F|  |TAMS 0x0000000083f00000, 0x0000000083f00000| Untracked 
|  64|0x0000000084000000, 0x0000000084000000, 0x0000000084100000|  0%| F|  |TAMS 0x0000000084000000, 0x0000000084000000| Untracked 
|  65|0x0000000084100000, 0x0000000084100000, 0x0000000084200000|  0%| F|  |TAMS 0x0000000084100000, 0x0000000084100000| Untracked 
|  66|0x0000000084200000, 0x0000000084200000, 0x0000000084300000|  0%| F|  |TAMS 0x0000000084200000, 0x0000000084200000| Untracked 
|  67|0x0000000084300000, 0x0000000084300000, 0x0000000084400000|  0%| F|  |TAMS 0x0000000084300000, 0x0000000084300000| Untracked 
|  68|0x0000000084400000, 0x0000000084400000, 0x0000000084500000|  0%| F|  |TAMS 0x0000000084400000, 0x0000000084400000| Untracked 
|  69|0x0000000084500000, 0x0000000084500000, 0x0000000084600000|  0%| F|  |TAMS 0x0000000084500000, 0x0000000084500000| Untracked 
|  70|0x0000000084600000, 0x0000000084600000, 0x0000000084700000|  0%| F|  |TAMS 0x0000000084600000, 0x0000000084600000| Untracked 
|  71|0x0000000084700000, 0x0000000084700000, 0x0000000084800000|  0%| F|  |TAMS 0x0000000084700000, 0x0000000084700000| Untracked 
|  72|0x0000000084800000, 0x0000000084800000, 0x0000000084900000|  0%| F|  |TAMS 0x0000000084800000, 0x0000000084800000| Untracked 
|  73|0x0000000084900000, 0x0000000084900000, 0x0000000084a00000|  0%| F|  |TAMS 0x0000000084900000, 0x0000000084900000| Untracked 
|  74|0x0000000084a00000, 0x0000000084a00000, 0x0000000084b00000|  0%| F|  |TAMS 0x0000000084a00000, 0x0000000084a00000| Untracked 
|  75|0x0000000084b00000, 0x0000000084b00000, 0x0000000084c00000|  0%| F|  |TAMS 0x0000000084b00000, 0x0000000084b00000| Untracked 
|  76|0x0000000084c00000, 0x0000000084c00000, 0x0000000084d00000|  0%| F|  |TAMS 0x0000000084c00000, 0x0000000084c00000| Untracked 
|  77|0x0000000084d00000, 0x0000000084d00000, 0x0000000084e00000|  0%| F|  |TAMS 0x0000000084d00000, 0x0000000084d00000| Untracked 
|  78|0x0000000084e00000, 0x0000000084e00000, 0x0000000084f00000|  0%| F|  |TAMS 0x0000000084e00000, 0x0000000084e00000| Untracked 
|  79|0x0000000084f00000, 0x0000000084f00000, 0x0000000085000000|  0%| F|  |TAMS 0x0000000084f00000, 0x0000000084f00000| Untracked 
|  80|0x0000000085000000, 0x0000000085000000, 0x0000000085100000|  0%| F|  |TAMS 0x0000000085000000, 0x0000000085000000| Untracked 
|  81|0x0000000085100000, 0x0000000085100000, 0x0000000085200000|  0%| F|  |TAMS 0x0000000085100000, 0x0000000085100000| Untracked 
|  82|0x0000000085200000, 0x0000000085200000, 0x0000000085300000|  0%| F|  |TAMS 0x0000000085200000, 0x0000000085200000| Untracked 
|  83|0x0000000085300000, 0x0000000085300000, 0x0000000085400000|  0%| F|  |TAMS 0x0000000085300000, 0x0000000085300000| Untracked 
|  84|0x0000000085400000, 0x0000000085400000, 0x0000000085500000|  0%| F|  |TAMS 0x0000000085400000, 0x0000000085400000| Untracked 
|  85|0x0000000085500000, 0x0000000085500000, 0x0000000085600000|  0%| F|  |TAMS 0x0000000085500000, 0x0000000085500000| Untracked 
|  86|0x0000000085600000, 0x0000000085600000, 0x0000000085700000|  0%| F|  |TAMS 0x0000000085600000, 0x0000000085600000| Untracked 
|  87|0x0000000085700000, 0x0000000085700000, 0x0000000085800000|  0%| F|  |TAMS 0x0000000085700000, 0x0000000085700000| Untracked 
|  88|0x0000000085800000, 0x0000000085800000, 0x0000000085900000|  0%| F|  |TAMS 0x0000000085800000, 0x0000000085800000| Untracked 
|  89|0x0000000085900000, 0x0000000085900000, 0x0000000085a00000|  0%| F|  |TAMS 0x0000000085900000, 0x0000000085900000| Untracked 
|  90|0x0000000085a00000, 0x0000000085a00000, 0x0000000085b00000|  0%| F|  |TAMS 0x0000000085a00000, 0x0000000085a00000| Untracked 
|  91|0x0000000085b00000, 0x0000000085b00000, 0x0000000085c00000|  0%| F|  |TAMS 0x0000000085b00000, 0x0000000085b00000| Untracked 
|  92|0x0000000085c00000, 0x0000000085c00000, 0x0000000085d00000|  0%| F|  |TAMS 0x0000000085c00000, 0x0000000085c00000| Untracked 
|  93|0x0000000085d00000, 0x0000000085d00000, 0x0000000085e00000|  0%| F|  |TAMS 0x0000000085d00000, 0x0000000085d00000| Untracked 
|  94|0x0000000085e00000, 0x0000000085e00000, 0x0000000085f00000|  0%| F|  |TAMS 0x0000000085e00000, 0x0000000085e00000| Untracked 
|  95|0x0000000085f00000, 0x0000000085f00000, 0x0000000086000000|  0%| F|  |TAMS 0x0000000085f00000, 0x0000000085f00000| Untracked 
|  96|0x0000000086000000, 0x0000000086000000, 0x0000000086100000|  0%| F|  |TAMS 0x0000000086000000, 0x0000000086000000| Untracked 
|  97|0x0000000086100000, 0x0000000086100000, 0x0000000086200000|  0%| F|  |TAMS 0x0000000086100000, 0x0000000086100000| Untracked 
|  98|0x0000000086200000, 0x0000000086200000, 0x0000000086300000|  0%| F|  |TAMS 0x0000000086200000, 0x0000000086200000| Untracked 
|  99|0x0000000086300000, 0x0000000086300000, 0x0000000086400000|  0%| F|  |TAMS 0x0000000086300000, 0x0000000086300000| Untracked 
| 100|0x0000000086400000, 0x0000000086400000, 0x0000000086500000|  0%| F|  |TAMS 0x0000000086400000, 0x0000000086400000| Untracked 
| 101|0x0000000086500000, 0x0000000086500000, 0x0000000086600000|  0%| F|  |TAMS 0x0000000086500000, 0x0000000086500000| Untracked 
| 102|0x0000000086600000, 0x0000000086600000, 0x0000000086700000|  0%| F|  |TAMS 0x0000000086600000, 0x0000000086600000| Untracked 
| 103|0x0000000086700000, 0x0000000086700000, 0x0000000086800000|  0%| F|  |TAMS 0x0000000086700000, 0x0000000086700000| Untracked 
| 104|0x0000000086800000, 0x0000000086800000, 0x0000000086900000|  0%| F|  |TAMS 0x0000000086800000, 0x0000000086800000| Untracked 
| 105|0x0000000086900000, 0x0000000086900000, 0x0000000086a00000|  0%| F|  |TAMS 0x0000000086900000, 0x0000000086900000| Untracked 
| 106|0x0000000086a00000, 0x0000000086a00000, 0x0000000086b00000|  0%| F|  |TAMS 0x0000000086a00000, 0x0000000086a00000| Untracked 
| 107|0x0000000086b00000, 0x0000000086b00000, 0x0000000086c00000|  0%| F|  |TAMS 0x0000000086b00000, 0x0000000086b00000| Untracked 
| 108|0x0000000086c00000, 0x0000000086c00000, 0x0000000086d00000|  0%| F|  |TAMS 0x0000000086c00000, 0x0000000086c00000| Untracked 
| 109|0x0000000086d00000, 0x0000000086d00000, 0x0000000086e00000|  0%| F|  |TAMS 0x0000000086d00000, 0x0000000086d00000| Untracked 
| 110|0x0000000086e00000, 0x0000000086e00000, 0x0000000086f00000|  0%| F|  |TAMS 0x0000000086e00000, 0x0000000086e00000| Untracked 
| 111|0x0000000086f00000, 0x0000000086f00000, 0x0000000087000000|  0%| F|  |TAMS 0x0000000086f00000, 0x0000000086f00000| Untracked 
| 112|0x0000000087000000, 0x0000000087000000, 0x0000000087100000|  0%| F|  |TAMS 0x0000000087000000, 0x0000000087000000| Untracked 
| 113|0x0000000087100000, 0x0000000087100000, 0x0000000087200000|  0%| F|  |TAMS 0x0000000087100000, 0x0000000087100000| Untracked 
| 114|0x0000000087200000, 0x0000000087200000, 0x0000000087300000|  0%| F|  |TAMS 0x0000000087200000, 0x0000000087200000| Untracked 
| 115|0x0000000087300000, 0x0000000087300000, 0x0000000087400000|  0%| F|  |TAMS 0x0000000087300000, 0x0000000087300000| Untracked 
| 116|0x0000000087400000, 0x0000000087400000, 0x0000000087500000|  0%| F|  |TAMS 0x0000000087400000, 0x0000000087400000| Untracked 
| 117|0x0000000087500000, 0x0000000087500000, 0x0000000087600000|  0%| F|  |TAMS 0x0000000087500000, 0x0000000087500000| Untracked 
| 118|0x0000000087600000, 0x0000000087600000, 0x0000000087700000|  0%| F|  |TAMS 0x0000000087600000, 0x0000000087600000| Untracked 
| 119|0x0000000087700000, 0x0000000087700000, 0x0000000087800000|  0%| F|  |TAMS 0x0000000087700000, 0x0000000087700000| Untracked 
| 120|0x0000000087800000, 0x0000000087800000, 0x0000000087900000|  0%| F|  |TAMS 0x0000000087800000, 0x0000000087800000| Untracked 
| 121|0x0000000087900000, 0x0000000087900000, 0x0000000087a00000|  0%| F|  |TAMS 0x0000000087900000, 0x0000000087900000| Untracked 
| 122|0x0000000087a00000, 0x0000000087a00000, 0x0000000087b00000|  0%| F|  |TAMS 0x0000000087a00000, 0x0000000087a00000| Untracked 
| 123|0x0000000087b00000, 0x0000000087b00000, 0x0000000087c00000|  0%| F|  |TAMS 0x0000000087b00000, 0x0000000087b00000| Untracked 
| 124|0x0000000087c00000, 0x0000000087c00000, 0x0000000087d00000|  0%| F|  |TAMS 0x0000000087c00000, 0x0000000087c00000| Untracked 
| 125|0x0000000087d00000, 0x0000000087d00000, 0x0000000087e00000|  0%| F|  |TAMS 0x0000000087d00000, 0x0000000087d00000| Untracked 
| 126|0x0000000087e00000, 0x0000000087e00000, 0x0000000087f00000|  0%| F|  |TAMS 0x0000000087e00000, 0x0000000087e00000| Untracked 
| 127|0x0000000087f00000, 0x0000000087f00000, 0x0000000088000000|  0%| F|  |TAMS 0x0000000087f00000, 0x0000000087f00000| Untracked 
| 128|0x0000000088000000, 0x0000000088000000, 0x0000000088100000|  0%| F|  |TAMS 0x0000000088000000, 0x0000000088000000| Untracked 
| 129|0x0000000088100000, 0x0000000088100000, 0x0000000088200000|  0%| F|  |TAMS 0x0000000088100000, 0x0000000088100000| Untracked 
| 130|0x0000000088200000, 0x0000000088200000, 0x0000000088300000|  0%| F|  |TAMS 0x0000000088200000, 0x0000000088200000| Untracked 
| 131|0x0000000088300000, 0x0000000088300000, 0x0000000088400000|  0%| F|  |TAMS 0x0000000088300000, 0x0000000088300000| Untracked 
| 132|0x0000000088400000, 0x0000000088400000, 0x0000000088500000|  0%| F|  |TAMS 0x0000000088400000, 0x0000000088400000| Untracked 
| 133|0x0000000088500000, 0x0000000088500000, 0x0000000088600000|  0%| F|  |TAMS 0x0000000088500000, 0x0000000088500000| Untracked 
| 134|0x0000000088600000, 0x0000000088600000, 0x0000000088700000|  0%| F|  |TAMS 0x0000000088600000, 0x0000000088600000| Untracked 
| 135|0x0000000088700000, 0x0000000088700000, 0x0000000088800000|  0%| F|  |TAMS 0x0000000088700000, 0x0000000088700000| Untracked 
| 136|0x0000000088800000, 0x0000000088800000, 0x0000000088900000|  0%| F|  |TAMS 0x0000000088800000, 0x0000000088800000| Untracked 
| 137|0x0000000088900000, 0x0000000088900000, 0x0000000088a00000|  0%| F|  |TAMS 0x0000000088900000, 0x0000000088900000| Untracked 
| 138|0x0000000088a00000, 0x0000000088a00000, 0x0000000088b00000|  0%| F|  |TAMS 0x0000000088a00000, 0x0000000088a00000| Untracked 
| 139|0x0000000088b00000, 0x0000000088b00000, 0x0000000088c00000|  0%| F|  |TAMS 0x0000000088b00000, 0x0000000088b00000| Untracked 
| 140|0x0000000088c00000, 0x0000000088c00000, 0x0000000088d00000|  0%| F|  |TAMS 0x0000000088c00000, 0x0000000088c00000| Untracked 
| 141|0x0000000088d00000, 0x0000000088d00000, 0x0000000088e00000|  0%| F|  |TAMS 0x0000000088d00000, 0x0000000088d00000| Untracked 
| 142|0x0000000088e00000, 0x0000000088e00000, 0x0000000088f00000|  0%| F|  |TAMS 0x0000000088e00000, 0x0000000088e00000| Untracked 
| 143|0x0000000088f00000, 0x0000000088f00000, 0x0000000089000000|  0%| F|  |TAMS 0x0000000088f00000, 0x0000000088f00000| Untracked 
| 144|0x0000000089000000, 0x0000000089000000, 0x0000000089100000|  0%| F|  |TAMS 0x0000000089000000, 0x0000000089000000| Untracked 
| 145|0x0000000089100000, 0x0000000089100000, 0x0000000089200000|  0%| F|  |TAMS 0x0000000089100000, 0x0000000089100000| Untracked 
| 146|0x0000000089200000, 0x0000000089200000, 0x0000000089300000|  0%| F|  |TAMS 0x0000000089200000, 0x0000000089200000| Untracked 
| 147|0x0000000089300000, 0x0000000089300000, 0x0000000089400000|  0%| F|  |TAMS 0x0000000089300000, 0x0000000089300000| Untracked 
| 148|0x0000000089400000, 0x0000000089400000, 0x0000000089500000|  0%| F|  |TAMS 0x0000000089400000, 0x0000000089400000| Untracked 
| 149|0x0000000089500000, 0x0000000089500000, 0x0000000089600000|  0%| F|  |TAMS 0x0000000089500000, 0x0000000089500000| Untracked 
| 150|0x0000000089600000, 0x0000000089600000, 0x0000000089700000|  0%| F|  |TAMS 0x0000000089600000, 0x0000000089600000| Untracked 
| 151|0x0000000089700000, 0x0000000089700000, 0x0000000089800000|  0%| F|  |TAMS 0x0000000089700000, 0x0000000089700000| Untracked 
| 152|0x0000000089800000, 0x0000000089800000, 0x0000000089900000|  0%| F|  |TAMS 0x0000000089800000, 0x0000000089800000| Untracked 
| 153|0x0000000089900000, 0x0000000089900000, 0x0000000089a00000|  0%| F|  |TAMS 0x0000000089900000, 0x0000000089900000| Untracked 
| 154|0x0000000089a00000, 0x0000000089a00000, 0x0000000089b00000|  0%| F|  |TAMS 0x0000000089a00000, 0x0000000089a00000| Untracked 
| 155|0x0000000089b00000, 0x0000000089b00000, 0x0000000089c00000|  0%| F|  |TAMS 0x0000000089b00000, 0x0000000089b00000| Untracked 
| 156|0x0000000089c00000, 0x0000000089c00000, 0x0000000089d00000|  0%| F|  |TAMS 0x0000000089c00000, 0x0000000089c00000| Untracked 
| 157|0x0000000089d00000, 0x0000000089d00000, 0x0000000089e00000|  0%| F|  |TAMS 0x0000000089d00000, 0x0000000089d00000| Untracked 
| 158|0x0000000089e00000, 0x0000000089e00000, 0x0000000089f00000|  0%| F|  |TAMS 0x0000000089e00000, 0x0000000089e00000| Untracked 
| 159|0x0000000089f00000, 0x0000000089f00000, 0x000000008a000000|  0%| F|  |TAMS 0x0000000089f00000, 0x0000000089f00000| Untracked 
| 160|0x000000008a000000, 0x000000008a000000, 0x000000008a100000|  0%| F|  |TAMS 0x000000008a000000, 0x000000008a000000| Untracked 
| 161|0x000000008a100000, 0x000000008a100000, 0x000000008a200000|  0%| F|  |TAMS 0x000000008a100000, 0x000000008a100000| Untracked 
| 162|0x000000008a200000, 0x000000008a200000, 0x000000008a300000|  0%| F|  |TAMS 0x000000008a200000, 0x000000008a200000| Untracked 
| 163|0x000000008a300000, 0x000000008a300000, 0x000000008a400000|  0%| F|  |TAMS 0x000000008a300000, 0x000000008a300000| Untracked 
| 164|0x000000008a400000, 0x000000008a400000, 0x000000008a500000|  0%| F|  |TAMS 0x000000008a400000, 0x000000008a400000| Untracked 
| 165|0x000000008a500000, 0x000000008a500000, 0x000000008a600000|  0%| F|  |TAMS 0x000000008a500000, 0x000000008a500000| Untracked 
| 166|0x000000008a600000, 0x000000008a600000, 0x000000008a700000|  0%| F|  |TAMS 0x000000008a600000, 0x000000008a600000| Untracked 
| 167|0x000000008a700000, 0x000000008a700000, 0x000000008a800000|  0%| F|  |TAMS 0x000000008a700000, 0x000000008a700000| Untracked 
| 168|0x000000008a800000, 0x000000008a800000, 0x000000008a900000|  0%| F|  |TAMS 0x000000008a800000, 0x000000008a800000| Untracked 
| 169|0x000000008a900000, 0x000000008a900000, 0x000000008aa00000|  0%| F|  |TAMS 0x000000008a900000, 0x000000008a900000| Untracked 
| 170|0x000000008aa00000, 0x000000008aa00000, 0x000000008ab00000|  0%| F|  |TAMS 0x000000008aa00000, 0x000000008aa00000| Untracked 
| 171|0x000000008ab00000, 0x000000008ab00000, 0x000000008ac00000|  0%| F|  |TAMS 0x000000008ab00000, 0x000000008ab00000| Untracked 
| 172|0x000000008ac00000, 0x000000008ac00000, 0x000000008ad00000|  0%| F|  |TAMS 0x000000008ac00000, 0x000000008ac00000| Untracked 
| 173|0x000000008ad00000, 0x000000008ad00000, 0x000000008ae00000|  0%| F|  |TAMS 0x000000008ad00000, 0x000000008ad00000| Untracked 
| 174|0x000000008ae00000, 0x000000008ae00000, 0x000000008af00000|  0%| F|  |TAMS 0x000000008ae00000, 0x000000008ae00000| Untracked 
| 175|0x000000008af00000, 0x000000008af00000, 0x000000008b000000|  0%| F|  |TAMS 0x000000008af00000, 0x000000008af00000| Untracked 
| 176|0x000000008b000000, 0x000000008b000000, 0x000000008b100000|  0%| F|  |TAMS 0x000000008b000000, 0x000000008b000000| Untracked 
| 177|0x000000008b100000, 0x000000008b100000, 0x000000008b200000|  0%| F|  |TAMS 0x000000008b100000, 0x000000008b100000| Untracked 
| 178|0x000000008b200000, 0x000000008b200000, 0x000000008b300000|  0%| F|  |TAMS 0x000000008b200000, 0x000000008b200000| Untracked 
| 179|0x000000008b300000, 0x000000008b300000, 0x000000008b400000|  0%| F|  |TAMS 0x000000008b300000, 0x000000008b300000| Untracked 
| 180|0x000000008b400000, 0x000000008b400000, 0x000000008b500000|  0%| F|  |TAMS 0x000000008b400000, 0x000000008b400000| Untracked 
| 181|0x000000008b500000, 0x000000008b500000, 0x000000008b600000|  0%| F|  |TAMS 0x000000008b500000, 0x000000008b500000| Untracked 
| 182|0x000000008b600000, 0x000000008b600000, 0x000000008b700000|  0%| F|  |TAMS 0x000000008b600000, 0x000000008b600000| Untracked 
| 183|0x000000008b700000, 0x000000008b700000, 0x000000008b800000|  0%| F|  |TAMS 0x000000008b700000, 0x000000008b700000| Untracked 
| 184|0x000000008b800000, 0x000000008b800000, 0x000000008b900000|  0%| F|  |TAMS 0x000000008b800000, 0x000000008b800000| Untracked 
| 185|0x000000008b900000, 0x000000008b900000, 0x000000008ba00000|  0%| F|  |TAMS 0x000000008b900000, 0x000000008b900000| Untracked 
| 186|0x000000008ba00000, 0x000000008ba00000, 0x000000008bb00000|  0%| F|  |TAMS 0x000000008ba00000, 0x000000008ba00000| Untracked 
| 187|0x000000008bb00000, 0x000000008bb00000, 0x000000008bc00000|  0%| F|  |TAMS 0x000000008bb00000, 0x000000008bb00000| Untracked 
| 188|0x000000008bc00000, 0x000000008bc00000, 0x000000008bd00000|  0%| F|  |TAMS 0x000000008bc00000, 0x000000008bc00000| Untracked 
| 189|0x000000008bd00000, 0x000000008bd00000, 0x000000008be00000|  0%| F|  |TAMS 0x000000008bd00000, 0x000000008bd00000| Untracked 
| 190|0x000000008be00000, 0x000000008be00000, 0x000000008bf00000|  0%| F|  |TAMS 0x000000008be00000, 0x000000008be00000| Untracked 
| 191|0x000000008bf00000, 0x000000008bf00000, 0x000000008c000000|  0%| F|  |TAMS 0x000000008bf00000, 0x000000008bf00000| Untracked 
| 192|0x000000008c000000, 0x000000008c000000, 0x000000008c100000|  0%| F|  |TAMS 0x000000008c000000, 0x000000008c000000| Untracked 
| 193|0x000000008c100000, 0x000000008c100000, 0x000000008c200000|  0%| F|  |TAMS 0x000000008c100000, 0x000000008c100000| Untracked 
| 194|0x000000008c200000, 0x000000008c200000, 0x000000008c300000|  0%| F|  |TAMS 0x000000008c200000, 0x000000008c200000| Untracked 
| 195|0x000000008c300000, 0x000000008c300000, 0x000000008c400000|  0%| F|  |TAMS 0x000000008c300000, 0x000000008c300000| Untracked 
| 196|0x000000008c400000, 0x000000008c400000, 0x000000008c500000|  0%| F|  |TAMS 0x000000008c400000, 0x000000008c400000| Untracked 
| 197|0x000000008c500000, 0x000000008c500000, 0x000000008c600000|  0%| F|  |TAMS 0x000000008c500000, 0x000000008c500000| Untracked 
| 198|0x000000008c600000, 0x000000008c600000, 0x000000008c700000|  0%| F|  |TAMS 0x000000008c600000, 0x000000008c600000| Untracked 
| 199|0x000000008c700000, 0x000000008c700000, 0x000000008c800000|  0%| F|  |TAMS 0x000000008c700000, 0x000000008c700000| Untracked 
| 200|0x000000008c800000, 0x000000008c800000, 0x000000008c900000|  0%| F|  |TAMS 0x000000008c800000, 0x000000008c800000| Untracked 
| 201|0x000000008c900000, 0x000000008c900000, 0x000000008ca00000|  0%| F|  |TAMS 0x000000008c900000, 0x000000008c900000| Untracked 
| 202|0x000000008ca00000, 0x000000008ca00000, 0x000000008cb00000|  0%| F|  |TAMS 0x000000008ca00000, 0x000000008ca00000| Untracked 
| 203|0x000000008cb00000, 0x000000008cb00000, 0x000000008cc00000|  0%| F|  |TAMS 0x000000008cb00000, 0x000000008cb00000| Untracked 
| 204|0x000000008cc00000, 0x000000008cc00000, 0x000000008cd00000|  0%| F|  |TAMS 0x000000008cc00000, 0x000000008cc00000| Untracked 
| 205|0x000000008cd00000, 0x000000008cd00000, 0x000000008ce00000|  0%| F|  |TAMS 0x000000008cd00000, 0x000000008cd00000| Untracked 
| 206|0x000000008ce00000, 0x000000008cedd270, 0x000000008cf00000| 86%| E|  |TAMS 0x000000008ce00000, 0x000000008ce00000| Complete 
| 207|0x000000008cf00000, 0x000000008d000000, 0x000000008d000000|100%| E|CS|TAMS 0x000000008cf00000, 0x000000008cf00000| Complete 
| 208|0x000000008d000000, 0x000000008d100000, 0x000000008d100000|100%| E|CS|TAMS 0x000000008d000000, 0x000000008d000000| Complete 
| 209|0x000000008d100000, 0x000000008d200000, 0x000000008d200000|100%| E|CS|TAMS 0x000000008d100000, 0x000000008d100000| Complete 
| 210|0x000000008d200000, 0x000000008d300000, 0x000000008d300000|100%| E|CS|TAMS 0x000000008d200000, 0x000000008d200000| Complete 
| 211|0x000000008d300000, 0x000000008d400000, 0x000000008d400000|100%| E|CS|TAMS 0x000000008d300000, 0x000000008d300000| Complete 
| 212|0x000000008d400000, 0x000000008d500000, 0x000000008d500000|100%| E|CS|TAMS 0x000000008d400000, 0x000000008d400000| Complete 
| 213|0x000000008d500000, 0x000000008d600000, 0x000000008d600000|100%| E|CS|TAMS 0x000000008d500000, 0x000000008d500000| Complete 
| 214|0x000000008d600000, 0x000000008d700000, 0x000000008d700000|100%| E|CS|TAMS 0x000000008d600000, 0x000000008d600000| Complete 
| 215|0x000000008d700000, 0x000000008d800000, 0x000000008d800000|100%| E|CS|TAMS 0x000000008d700000, 0x000000008d700000| Complete 
| 216|0x000000008d800000, 0x000000008d900000, 0x000000008d900000|100%| E|CS|TAMS 0x000000008d800000, 0x000000008d800000| Complete 
| 217|0x000000008d900000, 0x000000008da00000, 0x000000008da00000|100%| E|CS|TAMS 0x000000008d900000, 0x000000008d900000| Complete 
| 218|0x000000008da00000, 0x000000008db00000, 0x000000008db00000|100%| E|CS|TAMS 0x000000008da00000, 0x000000008da00000| Complete 
| 219|0x000000008db00000, 0x000000008dc00000, 0x000000008dc00000|100%| E|CS|TAMS 0x000000008db00000, 0x000000008db00000| Complete 
| 220|0x000000008dc00000, 0x000000008dc41260, 0x000000008dd00000| 25%| S|CS|TAMS 0x000000008dc00000, 0x000000008dc00000| Complete 
| 221|0x000000008dd00000, 0x000000008de00000, 0x000000008de00000|100%| S|CS|TAMS 0x000000008dd00000, 0x000000008dd00000| Complete 
| 222|0x000000008de00000, 0x000000008df00000, 0x000000008df00000|100%| S|CS|TAMS 0x000000008de00000, 0x000000008de00000| Complete 
| 223|0x000000008df00000, 0x000000008e000000, 0x000000008e000000|100%| S|CS|TAMS 0x000000008df00000, 0x000000008df00000| Complete 
| 224|0x000000008e000000, 0x000000008e100000, 0x000000008e100000|100%| S|CS|TAMS 0x000000008e000000, 0x000000008e000000| Complete 
| 225|0x000000008e100000, 0x000000008e200000, 0x000000008e200000|100%| S|CS|TAMS 0x000000008e100000, 0x000000008e100000| Complete 
| 226|0x000000008e200000, 0x000000008e300000, 0x000000008e300000|100%| S|CS|TAMS 0x000000008e200000, 0x000000008e200000| Complete 
| 227|0x000000008e300000, 0x000000008e400000, 0x000000008e400000|100%| S|CS|TAMS 0x000000008e300000, 0x000000008e300000| Complete 
| 228|0x000000008e400000, 0x000000008e500000, 0x000000008e500000|100%| E|CS|TAMS 0x000000008e400000, 0x000000008e400000| Complete 
| 229|0x000000008e500000, 0x000000008e600000, 0x000000008e600000|100%| E|CS|TAMS 0x000000008e500000, 0x000000008e500000| Complete 
| 230|0x000000008e600000, 0x000000008e700000, 0x000000008e700000|100%| E|CS|TAMS 0x000000008e600000, 0x000000008e600000| Complete 
| 231|0x000000008e700000, 0x000000008e800000, 0x000000008e800000|100%| E|CS|TAMS 0x000000008e700000, 0x000000008e700000| Complete 
| 232|0x000000008e800000, 0x000000008e900000, 0x000000008e900000|100%| E|CS|TAMS 0x000000008e800000, 0x000000008e800000| Complete 
| 233|0x000000008e900000, 0x000000008ea00000, 0x000000008ea00000|100%| E|CS|TAMS 0x000000008e900000, 0x000000008e900000| Complete 
| 234|0x000000008ea00000, 0x000000008eb00000, 0x000000008eb00000|100%| E|CS|TAMS 0x000000008ea00000, 0x000000008ea00000| Complete 
| 235|0x000000008eb00000, 0x000000008ec00000, 0x000000008ec00000|100%| E|CS|TAMS 0x000000008eb00000, 0x000000008eb00000| Complete 
| 236|0x000000008ec00000, 0x000000008ed00000, 0x000000008ed00000|100%| E|CS|TAMS 0x000000008ec00000, 0x000000008ec00000| Complete 
| 237|0x000000008ed00000, 0x000000008ee00000, 0x000000008ee00000|100%| E|CS|TAMS 0x000000008ed00000, 0x000000008ed00000| Complete 
| 238|0x000000008ee00000, 0x000000008ef00000, 0x000000008ef00000|100%| E|CS|TAMS 0x000000008ee00000, 0x000000008ee00000| Complete 
| 239|0x000000008ef00000, 0x000000008f000000, 0x000000008f000000|100%| E|CS|TAMS 0x000000008ef00000, 0x000000008ef00000| Complete 
| 240|0x000000008f000000, 0x000000008f100000, 0x000000008f100000|100%| E|CS|TAMS 0x000000008f000000, 0x000000008f000000| Complete 
| 241|0x000000008f100000, 0x000000008f200000, 0x000000008f200000|100%| E|CS|TAMS 0x000000008f100000, 0x000000008f100000| Complete 
| 242|0x000000008f200000, 0x000000008f300000, 0x000000008f300000|100%| E|CS|TAMS 0x000000008f200000, 0x000000008f200000| Complete 
| 243|0x000000008f300000, 0x000000008f400000, 0x000000008f400000|100%| E|CS|TAMS 0x000000008f300000, 0x000000008f300000| Complete 
| 244|0x000000008f400000, 0x000000008f500000, 0x000000008f500000|100%| E|CS|TAMS 0x000000008f400000, 0x000000008f400000| Complete 
| 245|0x000000008f500000, 0x000000008f600000, 0x000000008f600000|100%| E|CS|TAMS 0x000000008f500000, 0x000000008f500000| Complete 
| 246|0x000000008f600000, 0x000000008f700000, 0x000000008f700000|100%| E|CS|TAMS 0x000000008f600000, 0x000000008f600000| Complete 
| 247|0x000000008f700000, 0x000000008f800000, 0x000000008f800000|100%| E|CS|TAMS 0x000000008f700000, 0x000000008f700000| Complete 
| 248|0x000000008f800000, 0x000000008f900000, 0x000000008f900000|100%| E|CS|TAMS 0x000000008f800000, 0x000000008f800000| Complete 
| 249|0x000000008f900000, 0x000000008fa00000, 0x000000008fa00000|100%| E|CS|TAMS 0x000000008f900000, 0x000000008f900000| Complete 
| 250|0x000000008fa00000, 0x000000008fb00000, 0x000000008fb00000|100%| E|CS|TAMS 0x000000008fa00000, 0x000000008fa00000| Complete 
| 251|0x000000008fb00000, 0x000000008fc00000, 0x000000008fc00000|100%| E|CS|TAMS 0x000000008fb00000, 0x000000008fb00000| Complete 
| 252|0x000000008fc00000, 0x000000008fd00000, 0x000000008fd00000|100%| E|CS|TAMS 0x000000008fc00000, 0x000000008fc00000| Complete 
| 253|0x000000008fd00000, 0x000000008fe00000, 0x000000008fe00000|100%| E|CS|TAMS 0x000000008fd00000, 0x000000008fd00000| Complete 
| 254|0x000000008fe00000, 0x000000008ff00000, 0x000000008ff00000|100%| E|CS|TAMS 0x000000008fe00000, 0x000000008fe00000| Complete 
| 255|0x000000008ff00000, 0x0000000090000000, 0x0000000090000000|100%| E|CS|TAMS 0x000000008ff00000, 0x000000008ff00000| Complete 

Card table byte_map: [0x000001af976d0000,0x000001af97ad0000] _byte_map_base: 0x000001af972d0000

Marking Bits (Prev, Next): (CMBitMap*) 0x000001af841caa70, (CMBitMap*) 0x000001af841caa38
 Prev Bits: [0x000001af99ed0000, 0x000001af9bed0000)
 Next Bits: [0x000001af97ed0000, 0x000001af99ed0000)

Polling page: 0x000001af82930000

Metaspace:

Usage:
  Non-class:     21.66 MB capacity,    21.26 MB ( 98%) used,   367.55 KB (  2%) free+waste,    43.56 KB ( <1%) overhead. 
      Class:      3.31 MB capacity,     3.12 MB ( 94%) used,   173.25 KB (  5%) free+waste,    21.56 KB ( <1%) overhead. 
       Both:     24.97 MB capacity,    24.38 MB ( 98%) used,   540.80 KB (  2%) free+waste,    65.13 KB ( <1%) overhead. 

Virtual space:
  Non-class space:       22.00 MB reserved,      21.67 MB ( 99%) committed 
      Class space:        1.00 GB reserved,       3.32 MB ( <1%) committed 
             Both:        1.02 GB reserved,      25.00 MB (  2%) committed 

Chunk freelists:
   Non-Class:  9.00 KB
       Class:  7.00 KB
        Both:  16.00 KB

MaxMetaspaceSize: 17179869184.00 GB
CompressedClassSpaceSize: 1.00 GB
Initial GC threshold: 20.80 MB
Current GC threshold: 35.20 MB
CDS: off

CodeHeap 'non-profiled nmethods': size=120064Kb used=1123Kb max_used=1123Kb free=118940Kb
 bounds [0x000001af8f770000, 0x000001af8f9e0000, 0x000001af96cb0000]
CodeHeap 'profiled nmethods': size=120000Kb used=4665Kb max_used=4665Kb free=115334Kb
 bounds [0x000001af88240000, 0x000001af886d0000, 0x000001af8f770000]
CodeHeap 'non-nmethods': size=5696Kb used=1219Kb max_used=1243Kb free=4476Kb
 bounds [0x000001af87cb0000, 0x000001af87f20000, 0x000001af88240000]
 total_blobs=2701 nmethods=2204 adapters=409
 compilation: enabled
              stopped_count=0, restarted_count=0
 full_count=0

Compilation events (20 events):
Event: 3.852 Thread 0x000001af9eda8000 2199       3       com.google.common.collect.RegularImmutableMap::checkNoConflictInKeyBucket (42 bytes)
Event: 3.852 Thread 0x000001af9eda8000 nmethod 2199 0x000001af886ca010 code [0x000001af886ca200, 0x000001af886ca6a8]
Event: 3.852 Thread 0x000001af9eda8000 2200       3       com.google.common.collect.RegularImmutableMap::makeImmutable (44 bytes)
Event: 3.852 Thread 0x000001af9eda8000 nmethod 2200 0x000001af886ca890 code [0x000001af886caaa0, 0x000001af886cb2d8]
Event: 3.852 Thread 0x000001af9eda8000 2201       1       com.google.common.collect.ImmutableMapEntry::getNextInKeyBucket (2 bytes)
Event: 3.852 Thread 0x000001af9eda8000 nmethod 2201 0x000001af8f885210 code [0x000001af8f8853c0, 0x000001af8f885478]
Event: 3.852 Thread 0x000001af9eda8000 2202       3       com.google.common.collect.ImmutableMapEntry$NonTerminalImmutableMapEntry::<init> (12 bytes)
Event: 3.853 Thread 0x000001af9eda8000 nmethod 2202 0x000001af886cb510 code [0x000001af886cb700, 0x000001af886cbac8]
Event: 3.853 Thread 0x000001af9eda8000 2203       1       com.google.common.collect.ImmutableMapEntry$NonTerminalImmutableMapEntry::getNextInKeyBucket (5 bytes)
Event: 3.853 Thread 0x000001af9eda8000 nmethod 2203 0x000001af8f885510 code [0x000001af8f8856c0, 0x000001af8f885778]
Event: 3.853 Thread 0x000001af9eda5000 nmethod 2188 0x000001af8f885810 code [0x000001af8f8859a0, 0x000001af8f885c78]
Event: 3.853 Thread 0x000001af9eda5000 2192       4       com.google.common.base.CharMatcher::indexIn (48 bytes)
Event: 3.855 Thread 0x000001af9eda5000 nmethod 2192 0x000001af8f885e10 code [0x000001af8f885fc0, 0x000001af8f8861e8]
Event: 3.855 Thread 0x000001af9eda5000 2193 %     4       sun.nio.cs.UTF_8$Decoder::decodeArrayLoop @ 73 (691 bytes)
Event: 3.857 Thread 0x000001af9eda8000 2205   !   3       jdk.internal.loader.AbstractClassLoaderValue::computeIfAbsent (113 bytes)
Event: 3.857 Thread 0x000001af9eda8000 nmethod 2205 0x000001af886cbc90 code [0x000001af886cbf40, 0x000001af886ccd28]
Event: 3.870 Thread 0x000001af9eda8000 2206       3       java.util.concurrent.ConcurrentLinkedQueue::add (6 bytes)
Event: 3.870 Thread 0x000001af9eda8000 nmethod 2206 0x000001af886cd310 code [0x000001af886cd4c0, 0x000001af886cd608]
Event: 3.875 Thread 0x000001af9eda8000 2207       3       java.util.concurrent.ConcurrentLinkedQueue$Node::<init> (13 bytes)
Event: 3.875 Thread 0x000001af9eda8000 nmethod 2207 0x000001af886cd690 code [0x000001af886cd900, 0x000001af886ce158]

GC Heap History (10 events):
Event: 0.561 GC heap before
{Heap before GC invocations=0 (full 0):
 garbage-first heap   total 262144K, used 17408K [0x0000000080000000, 0x0000000100000000)
  region size 1024K, 14 young (14336K), 0 survivors (0K)
 Metaspace       used 6743K, capacity 6989K, committed 7168K, reserved 1056768K
  class space    used 572K, capacity 650K, committed 768K, reserved 1048576K
}
Event: 0.569 GC heap after
{Heap after GC invocations=1 (full 0):
 garbage-first heap   total 262144K, used 4281K [0x0000000080000000, 0x0000000100000000)
  region size 1024K, 2 young (2048K), 2 survivors (2048K)
 Metaspace       used 6743K, capacity 6989K, committed 7168K, reserved 1056768K
  class space    used 572K, capacity 650K, committed 768K, reserved 1048576K
}
Event: 0.889 GC heap before
{Heap before GC invocations=1 (full 0):
 garbage-first heap   total 262144K, used 19641K [0x0000000080000000, 0x0000000100000000)
  region size 1024K, 14 young (14336K), 2 survivors (2048K)
 Metaspace       used 10271K, capacity 10553K, committed 10624K, reserved 1058816K
  class space    used 1052K, capacity 1139K, committed 1152K, reserved 1048576K
}
Event: 0.893 GC heap after
{Heap after GC invocations=2 (full 0):
 garbage-first heap   total 262144K, used 9397K [0x0000000080000000, 0x0000000100000000)
  region size 1024K, 2 young (2048K), 2 survivors (2048K)
 Metaspace       used 10271K, capacity 10553K, committed 10624K, reserved 1058816K
  class space    used 1052K, capacity 1139K, committed 1152K, reserved 1048576K
}
Event: 1.357 GC heap before
{Heap before GC invocations=2 (full 0):
 garbage-first heap   total 262144K, used 40117K [0x0000000080000000, 0x0000000100000000)
  region size 1024K, 31 young (31744K), 2 survivors (2048K)
 Metaspace       used 11248K, capacity 11508K, committed 11776K, reserved 1060864K
  class space    used 1153K, capacity 1244K, committed 1280K, reserved 1048576K
}
Event: 1.359 GC heap after
{Heap after GC invocations=3 (full 0):
 garbage-first heap   total 262144K, used 11671K [0x0000000080000000, 0x0000000100000000)
  region size 1024K, 4 young (4096K), 4 survivors (4096K)
 Metaspace       used 11248K, capacity 11508K, committed 11776K, reserved 1060864K
  class space    used 1153K, capacity 1244K, committed 1280K, reserved 1048576K
}
Event: 2.961 GC heap before
{Heap before GC invocations=3 (full 0):
 garbage-first heap   total 262144K, used 56727K [0x0000000080000000, 0x0000000100000000)
  region size 1024K, 48 young (49152K), 4 survivors (4096K)
 Metaspace       used 17715K, capacity 18229K, committed 18432K, reserved 1064960K
  class space    used 2067K, capacity 2211K, committed 2304K, reserved 1048576K
}
Event: 2.973 GC heap after
{Heap after GC invocations=4 (full 0):
 garbage-first heap   total 262144K, used 15942K [0x0000000080000000, 0x0000000100000000)
  region size 1024K, 6 young (6144K), 6 survivors (6144K)
 Metaspace       used 17715K, capacity 18229K, committed 18432K, reserved 1064960K
  class space    used 2067K, capacity 2211K, committed 2304K, reserved 1048576K
}
Event: 3.347 GC heap before
{Heap before GC invocations=4 (full 0):
 garbage-first heap   total 262144K, used 43590K [0x0000000080000000, 0x0000000100000000)
  region size 1024K, 34 young (34816K), 6 survivors (6144K)
 Metaspace       used 20776K, capacity 21187K, committed 21296K, reserved 1069056K
  class space    used 2525K, capacity 2686K, committed 2688K, reserved 1048576K
}
Event: 3.353 GC heap after
{Heap after GC invocations=5 (full 0):
 garbage-first heap   total 262144K, used 17226K [0x0000000080000000, 0x0000000100000000)
  region size 1024K, 8 young (8192K), 8 survivors (8192K)
 Metaspace       used 20776K, capacity 21187K, committed 21296K, reserved 1069056K
  class space    used 2525K, capacity 2686K, committed 2688K, reserved 1048576K
}

Deoptimization events (20 events):
Event: 3.298 Thread 0x000001afa033c800 Uncommon trap: trap_request=0xffffffc6 fr.pc=0x000001af8f7ebed4 relative=0x0000000000000114
Event: 3.298 Thread 0x000001afa033c800 Uncommon trap: reason=bimorphic_or_optimized_type_check action=maybe_recompile pc=0x000001af8f7ebed4 method=java.util.AbstractList$Itr.next()Ljava/lang/Object; @ 14 c2
Event: 3.298 Thread 0x000001afa033c800 DEOPT PACKING pc=0x000001af8f7ebed4 sp=0x00000002c6afaa60
Event: 3.298 Thread 0x000001afa033c800 DEOPT UNPACKING pc=0x000001af87cfa1af sp=0x00000002c6afa9f8 mode 2
Event: 3.298 Thread 0x000001afa033c800 Uncommon trap: trap_request=0xffffff4d fr.pc=0x000001af8f7e56ac relative=0x000000000000046c
Event: 3.298 Thread 0x000001afa033c800 Uncommon trap: reason=unstable_if action=reinterpret pc=0x000001af8f7e56ac method=java.lang.String.substring(I)Ljava/lang/String; @ 34 c2
Event: 3.298 Thread 0x000001afa033c800 DEOPT PACKING pc=0x000001af8f7e56ac sp=0x00000002c6afb3a0
Event: 3.298 Thread 0x000001afa033c800 DEOPT UNPACKING pc=0x000001af87cfa1af sp=0x00000002c6afb368 mode 2
Event: 3.526 Thread 0x000001afa033c800 Uncommon trap: trap_request=0xffffff4d fr.pc=0x000001af8f859430 relative=0x00000000000003b0
Event: 3.526 Thread 0x000001afa033c800 Uncommon trap: reason=unstable_if action=reinterpret pc=0x000001af8f859430 method=jdk.internal.org.objectweb.asm.Type.getArgumentsAndReturnSizes(Ljava/lang/String;)I @ 88 c2
Event: 3.526 Thread 0x000001afa033c800 DEOPT PACKING pc=0x000001af8f859430 sp=0x00000002c6af9990
Event: 3.526 Thread 0x000001afa033c800 DEOPT UNPACKING pc=0x000001af87cfa1af sp=0x00000002c6af9918 mode 2
Event: 3.692 Thread 0x000001afa033c800 Uncommon trap: trap_request=0xffffff4d fr.pc=0x000001af8f7c83fc relative=0x000000000000023c
Event: 3.692 Thread 0x000001afa033c800 Uncommon trap: reason=unstable_if action=reinterpret pc=0x000001af8f7c83fc method=java.util.concurrent.ConcurrentHashMap.get(Ljava/lang/Object;)Ljava/lang/Object; @ 76 c2
Event: 3.692 Thread 0x000001afa033c800 DEOPT PACKING pc=0x000001af8f7c83fc sp=0x00000002c6af8a10
Event: 3.692 Thread 0x000001afa033c800 DEOPT UNPACKING pc=0x000001af87cfa1af sp=0x00000002c6af8978 mode 2
Event: 3.730 Thread 0x000001afa033c800 Uncommon trap: trap_request=0xffffffcc fr.pc=0x000001af8f87ebe8 relative=0x00000000000002a8
Event: 3.730 Thread 0x000001afa033c800 Uncommon trap: reason=intrinsic_or_type_checked_inlining action=make_not_entrant pc=0x000001af8f87ebe8 method=java.util.Arrays.copyOf([Ljava/lang/Object;ILjava/lang/Class;)[Ljava/lang/Object; @ 35 c2
Event: 3.730 Thread 0x000001afa033c800 DEOPT PACKING pc=0x000001af8f87ebe8 sp=0x00000002c6afaed0
Event: 3.730 Thread 0x000001afa033c800 DEOPT UNPACKING pc=0x000001af87cfa1af sp=0x00000002c6afae60 mode 2

Classes redefined (0 events):
No events

Internal exceptions (20 events):
Event: 1.988 Thread 0x000001af84189800 Exception <a 'java/lang/NoSuchMethodError'{0x000000008e3b27e8}: 'java.lang.Object java.lang.invoke.DirectMethodHandle$Holder.invokeStaticInit(java.lang.Object, int, int, int, int)'> (0x000000008e3b27e8) thrown at [./src/hotspot/share/interpreter/linkResolver.cpp, line 773]
Event: 2.176 Thread 0x000001af84189800 Exception <a 'java/lang/NoSuchMethodError'{0x000000008e23aa78}: 'java.lang.Object java.lang.invoke.DirectMethodHandle$Holder.invokeStaticInit(java.lang.Object, java.lang.Object, int, int, int, int)'> (0x000000008e23aa78) thrown at [./src/hotspot/share/interpreter/linkResolver.cpp, line 773]
Event: 2.755 Thread 0x000001af84189800 Exception <a 'java/io/IOException'{0x000000008dc14eb0}> (0x000000008dc14eb0) thrown at [./src/hotspot/share/prims/jni.cpp, line 616]
Event: 2.887 Thread 0x000001afa033c800 Exception <a 'java/lang/NoSuchMethodError'{0x000000008d6d7f20}: 'long java.lang.invoke.DirectMethodHandle$Holder.invokeInterface(java.lang.Object, java.lang.Object)'> (0x000000008d6d7f20) thrown at [./src/hotspot/share/interpreter/linkResolver.cpp, line 773]
Event: 2.889 Thread 0x000001afa033c800 Exception <a 'java/lang/NoSuchMethodError'{0x000000008d6e5300}: 'void java.lang.invoke.DelegatingMethodHandle$Holder.reinvoke_L(java.lang.Object, java.lang.Object, java.lang.Object, java.lang.Object, java.lang.Object, java.lang.Object, java.lang.Object)'> (0x000000008d6e5300) thrown at [./src/hotspot/share/interpreter/linkResolver.cpp, line 773]
Event: 3.208 Thread 0x000001afa033c800 Exception <a 'java/lang/NoSuchMethodError'{0x000000008eb8f6f8}: 'void java.lang.invoke.DirectMethodHandle$Holder.invokeStaticInit(java.lang.Object)'> (0x000000008eb8f6f8) thrown at [./src/hotspot/share/interpreter/linkResolver.cpp, line 773]
Event: 3.219 Thread 0x000001afa033c800 Exception <a 'java/lang/NoSuchMethodError'{0x000000008ea3bb00}: 'java.lang.Object java.lang.invoke.DirectMethodHandle$Holder.invokeStatic(java.lang.Object, java.lang.Object, java.lang.Object, int)'> (0x000000008ea3bb00) thrown at [./src/hotspot/share/interpreter/linkResolver.cpp, line 773]
Event: 3.219 Thread 0x000001afa033c800 Exception <a 'java/lang/NoSuchMethodError'{0x000000008ea40218}: 'java.lang.Object java.lang.invoke.DirectMethodHandle$Holder.invokeSpecial(java.lang.Object, java.lang.Object, java.lang.Object, java.lang.Object, int)'> (0x000000008ea40218) thrown at [./src/hotspot/share/interpreter/linkResolver.cpp, line 773]
Event: 3.219 Thread 0x000001afa033c800 Exception <a 'java/lang/NoSuchMethodError'{0x000000008ea44150}: 'java.lang.Object java.lang.invoke.Invokers$Holder.linkToTargetMethod(java.lang.Object, java.lang.Object, int, java.lang.Object)'> (0x000000008ea44150) thrown at [./src/hotspot/share/interpreter/linkResolver.cpp, line 773]
Event: 3.384 Thread 0x000001afa033c800 Exception <a 'java/lang/NoSuchMethodError'{0x000000008fe10950}: 'int java.lang.invoke.DirectMethodHandle$Holder.invokeSpecialIFC(java.lang.Object, java.lang.Object, java.lang.Object, java.lang.Object)'> (0x000000008fe10950) thrown at [./src/hotspot/share/interpreter/linkResolver.cpp, line 773]
Event: 3.386 Thread 0x000001afa033c800 Exception <a 'java/lang/NoSuchMethodError'{0x000000008fe1e908}: 'java.lang.Object java.lang.invoke.DirectMethodHandle$Holder.invokeInterface(java.lang.Object, java.lang.Object, java.lang.Object)'> (0x000000008fe1e908) thrown at [./src/hotspot/share/interpreter/linkResolver.cpp, line 773]
Event: 3.386 Thread 0x000001afa033c800 Exception <a 'java/lang/IncompatibleClassChangeError'{0x000000008fe21de0}: Found class java.lang.Object, but interface was expected> (0x000000008fe21de0) thrown at [./src/hotspot/share/interpreter/linkResolver.cpp, line 839]
Event: 3.575 Thread 0x000001afa033c800 Exception <a 'java/lang/NoSuchMethodError'{0x000000008f7aa918}: 'void java.lang.invoke.DirectMethodHandle$Holder.invokeSpecial(java.lang.Object, java.lang.Object, java.lang.Object, java.lang.Object, java.lang.Object)'> (0x000000008f7aa918) thrown at [./src/hotspot/share/interpreter/linkResolver.cpp, line 773]
Event: 3.594 Thread 0x000001afa033c800 Exception <a 'java/lang/NoSuchMethodError'{0x000000008f5d7008}: 'java.lang.Object java.lang.invoke.DirectMethodHandle$Holder.invokeSpecial(java.lang.Object, java.lang.Object, java.lang.Object, java.lang.Object, java.lang.Object, java.lang.Object, java.lang.Object, java.lang.Object, java.lang.Object)'> (0x000000008f5d7008) thrown at [./src/hotspot/share/interpreter/linkResolver.cpp, line 773]
Event: 3.647 Thread 0x000001afa033c800 Exception <a 'java/lang/NoSuchMethodError'{0x000000008ea0b650}: 'java.lang.Object java.lang.invoke.DirectMethodHandle$Holder.invokeVirtual(java.lang.Object, java.lang.Object, java.lang.Object, java.lang.Object)'> (0x000000008ea0b650) thrown at [./src/hotspot/share/interpreter/linkResolver.cpp, line 773]
Event: 3.716 Thread 0x000001afa033c800 Exception <a 'java/lang/NoSuchMethodError'{0x000000008e44fd90}: 'void java.lang.invoke.DirectMethodHandle$Holder.invokeSpecial(java.lang.Object, java.lang.Object, java.lang.Object, java.lang.Object, java.lang.Object, java.lang.Object)'> (0x000000008e44fd90) thrown at [./src/hotspot/share/interpreter/linkResolver.cpp, line 773]
Event: 3.726 Thread 0x000001afa033c800 Exception <a 'java/lang/NoSuchMethodError'{0x000000008e4cad70}: 'void java.lang.invoke.DirectMethodHandle$Holder.invokeSpecial(java.lang.Object, java.lang.Object, java.lang.Object, java.lang.Object, java.lang.Object, java.lang.Object, java.lang.Object)'> (0x000000008e4cad70) thrown at [./src/hotspot/share/interpreter/linkResolver.cpp, line 773]
Event: 3.727 Thread 0x000001afa033c800 Exception <a 'java/lang/NoSuchMethodError'{0x000000008e4d3260}: 'java.lang.Object java.lang.invoke.Invokers$Holder.linkToTargetMethod(java.lang.Object, java.lang.Object, java.lang.Object, java.lang.Object, java.lang.Object, java.lang.Object)'> (0x000000008e4d3260) thrown at [./src/hotspot/share/interpreter/linkResolver.cpp, line 773]
Event: 3.749 Thread 0x000001afa033c800 Exception <a 'java/lang/NoSuchMethodError'{0x000000008da9c3d8}: 'java.lang.Object java.lang.invoke.DirectMethodHandle$Holder.invokeVirtual(java.lang.Object, java.lang.Object, java.lang.Object, java.lang.Object, java.lang.Object, java.lang.Object, java.lang.Object, java.lang.Object, java.lang.Object, java.lang.Object, java.lang.Object, java.lang.Object, java.lang.Object, java.lang.Object, java.lang.Object, java.lang.Object, java.lang.Object, java.lang.Object, java.lang.Object, java.lang.Object, java.lang.Ob
Event: 3.799 Thread 0x000001afa033c800 Exception <a 'java/lang/NoSuchMethodError'{0x000000008d29ec10}: 'int java.lang.invoke.DirectMethodHandle$Holder.invokeStaticInit(java.lang.Object, java.lang.Object, java.lang.Object)'> (0x000000008d29ec10) thrown at [./src/hotspot/share/interpreter/linkResolver.cpp, line 773]

Events (20 events):
Event: 3.867 loading class org/gradle/api/artifacts/ModuleVersionSelector
Event: 3.867 loading class org/gradle/api/artifacts/ModuleVersionSelector done
Event: 3.867 loading class org/gradle/plugin/management/internal/DefaultPluginRequest
Event: 3.867 loading class org/gradle/plugin/management/internal/DefaultPluginRequest done
Event: 3.868 loading class org/gradle/plugin/management/internal/autoapply/AutoAppliedGradleEnterprisePlugin
Event: 3.868 loading class org/gradle/plugin/management/internal/autoapply/AutoAppliedGradleEnterprisePlugin done
Event: 3.868 loading class org/gradle/plugin/use/PluginId
Event: 3.868 loading class org/gradle/plugin/use/PluginId done
Event: 3.868 loading class org/gradle/plugin/use/internal/DefaultPluginId
Event: 3.868 loading class org/gradle/plugin/use/internal/DefaultPluginId done
Event: 3.868 loading class org/gradle/plugin/internal/InvalidPluginIdException
Event: 3.868 loading class org/gradle/plugin/internal/InvalidPluginIdException done
Event: 3.868 loading class java/util/DualPivotQuicksort
Event: 3.869 loading class java/util/DualPivotQuicksort done
Event: 3.869 loading class org/gradle/plugin/management/internal/SingletonPluginRequests
Event: 3.869 loading class org/gradle/plugin/management/internal/SingletonPluginRequests done
Event: 3.870 loading class org/gradle/plugin/management/internal/autoapply/DefaultAutoAppliedPluginHandler
Event: 3.870 loading class org/gradle/plugin/management/internal/autoapply/DefaultAutoAppliedPluginHandler done
Event: 3.875 loading class org/gradle/composite/internal/plugins/CompositeBuildPluginResolverContributor
Event: 3.875 loading class org/gradle/composite/internal/plugins/CompositeBuildPluginResolverContributor done


Dynamic libraries:
0x00007ff78e620000 - 0x00007ff78e62a000 	D:\Android studio\jre\bin\java.exe
0x00007ffda6870000 - 0x00007ffda6a68000 	C:\WINDOWS\SYSTEM32\ntdll.dll
0x00007ffda54a0000 - 0x00007ffda555f000 	C:\WINDOWS\System32\KERNEL32.DLL
0x00007ffda3f70000 - 0x00007ffda4242000 	C:\WINDOWS\System32\KERNELBASE.dll
0x00007ffda4280000 - 0x00007ffda4380000 	C:\WINDOWS\System32\ucrtbase.dll
0x00007ffd84cd0000 - 0x00007ffd84ce9000 	D:\Android studio\jre\bin\jli.dll
0x00007ffda6150000 - 0x00007ffda62ed000 	C:\WINDOWS\System32\USER32.dll
0x00007ffda4250000 - 0x00007ffda4272000 	C:\WINDOWS\System32\win32u.dll
0x00007ffda4a60000 - 0x00007ffda4a8b000 	C:\WINDOWS\System32\GDI32.dll
0x00007ffda4410000 - 0x00007ffda451f000 	C:\WINDOWS\System32\gdi32full.dll
0x00007ffda4590000 - 0x00007ffda462d000 	C:\WINDOWS\System32\msvcp_win.dll
0x00007ffd7de00000 - 0x00007ffd7de17000 	D:\Android studio\jre\bin\VCRUNTIME140.dll
0x00007ffd91840000 - 0x00007ffd91ada000 	C:\WINDOWS\WinSxS\amd64_microsoft.windows.common-controls_6595b64144ccf1df_6.0.19041.1110_none_60b5254171f9507e\COMCTL32.dll
0x00007ffda5f40000 - 0x00007ffda5fde000 	C:\WINDOWS\System32\msvcrt.dll
0x00007ffda48e0000 - 0x00007ffda4912000 	C:\WINDOWS\System32\IMM32.DLL
0x00007ffd5be20000 - 0x00007ffd5bebd000 	D:\Android studio\jre\bin\msvcp140.dll
0x00007ffd5bf50000 - 0x00007ffd5ca52000 	D:\Android studio\jre\bin\server\jvm.dll
0x00007ffda6720000 - 0x00007ffda67ce000 	C:\WINDOWS\System32\ADVAPI32.dll
0x00007ffda5560000 - 0x00007ffda55fc000 	C:\WINDOWS\System32\sechost.dll
0x00007ffda4920000 - 0x00007ffda4a45000 	C:\WINDOWS\System32\RPCRT4.dll
0x00007ffda6710000 - 0x00007ffda6718000 	C:\WINDOWS\System32\PSAPI.DLL
0x00007ffd8d490000 - 0x00007ffd8d499000 	C:\WINDOWS\SYSTEM32\WSOCK32.dll
0x00007ffda5280000 - 0x00007ffda52eb000 	C:\WINDOWS\System32\WS2_32.dll
0x00007ffd9b4c0000 - 0x00007ffd9b4e7000 	C:\WINDOWS\SYSTEM32\WINMM.dll
0x00007ffd9e220000 - 0x00007ffd9e22a000 	C:\WINDOWS\SYSTEM32\VERSION.dll
0x00007ffda1e50000 - 0x00007ffda1e62000 	C:\WINDOWS\SYSTEM32\kernel.appcore.dll
0x00007ffd82520000 - 0x00007ffd82531000 	D:\Android studio\jre\bin\verify.dll
0x00007ffd923d0000 - 0x00007ffd925b4000 	C:\WINDOWS\SYSTEM32\DBGHELP.DLL
0x00007ffd87e30000 - 0x00007ffd87e5c000 	C:\WINDOWS\SYSTEM32\dbgcore.DLL
0x00007ffda4380000 - 0x00007ffda4402000 	C:\WINDOWS\System32\bcryptPrimitives.dll
0x00007ffd82450000 - 0x00007ffd82479000 	D:\Android studio\jre\bin\java.dll
0x00007ffd91030000 - 0x00007ffd9103b000 	D:\Android studio\jre\bin\jimage.dll
0x00007ffd80b20000 - 0x00007ffd80b38000 	D:\Android studio\jre\bin\zip.dll
0x00007ffda5600000 - 0x00007ffda5d43000 	C:\WINDOWS\System32\SHELL32.dll
0x00007ffda2050000 - 0x00007ffda27e2000 	C:\WINDOWS\SYSTEM32\windows.storage.dll
0x00007ffda63b0000 - 0x00007ffda6704000 	C:\WINDOWS\System32\combase.dll
0x00007ffda39d0000 - 0x00007ffda3a00000 	C:\WINDOWS\SYSTEM32\Wldp.dll
0x00007ffda62f0000 - 0x00007ffda639d000 	C:\WINDOWS\System32\SHCORE.dll
0x00007ffda5fe0000 - 0x00007ffda6035000 	C:\WINDOWS\System32\shlwapi.dll
0x00007ffda3eb0000 - 0x00007ffda3ecf000 	C:\WINDOWS\SYSTEM32\profapi.dll
0x00007ffd80b00000 - 0x00007ffd80b1a000 	D:\Android studio\jre\bin\net.dll
0x00007ffd9ef30000 - 0x00007ffd9f03c000 	C:\WINDOWS\SYSTEM32\WINHTTP.dll
0x00007ffda3730000 - 0x00007ffda379a000 	C:\WINDOWS\system32\mswsock.dll
0x00007ffd80700000 - 0x00007ffd80714000 	D:\Android studio\jre\bin\nio.dll
0x00007ffd7c3f0000 - 0x00007ffd7c417000 	C:\Users\Yake\.gradle\native\e1d6ef7f7dcc3fd88c89a11ec53ec762bb8ba0a96d01ffa2cd45eb1d1d8dd5c5\windows-amd64\native-platform.dll
0x00007ffd589b0000 - 0x00007ffd58af4000 	C:\Users\Yake\.gradle\native\0d407fdbe67a94daf76414ababcb853783967236a71b16ec16e742cd7a986fd3\windows-amd64\native-platform-file-events.dll
0x00007ffd8f9d0000 - 0x00007ffd8f9da000 	D:\Android studio\jre\bin\management.dll
0x00007ffd8f110000 - 0x00007ffd8f11d000 	D:\Android studio\jre\bin\management_ext.dll
0x00007ffda3930000 - 0x00007ffda3948000 	C:\WINDOWS\SYSTEM32\CRYPTSP.dll
0x00007ffda2fe0000 - 0x00007ffda3014000 	C:\WINDOWS\system32\rsaenh.dll
0x00007ffda4890000 - 0x00007ffda48b7000 	C:\WINDOWS\System32\bcrypt.dll
0x00007ffda3e70000 - 0x00007ffda3e9e000 	C:\WINDOWS\SYSTEM32\USERENV.dll
0x00007ffda3920000 - 0x00007ffda392c000 	C:\WINDOWS\SYSTEM32\CRYPTBASE.dll
0x00007ffda33d0000 - 0x00007ffda340b000 	C:\WINDOWS\SYSTEM32\IPHLPAPI.DLL
0x00007ffda63a0000 - 0x00007ffda63a8000 	C:\WINDOWS\System32\NSI.dll
0x00007ffd9d050000 - 0x00007ffd9d067000 	C:\WINDOWS\SYSTEM32\dhcpcsvc6.DLL
0x00007ffd9cf90000 - 0x00007ffd9cfad000 	C:\WINDOWS\SYSTEM32\dhcpcsvc.DLL
0x00007ffda3420000 - 0x00007ffda34ea000 	C:\WINDOWS\SYSTEM32\DNSAPI.dll

dbghelp: loaded successfully - version: 4.0.5 - missing functions: none
symbol engine: initialized successfully - sym options: 0x614 - pdb path: .;D:\Android studio\jre\bin;C:\WINDOWS\SYSTEM32;C:\WINDOWS\WinSxS\amd64_microsoft.windows.common-controls_6595b64144ccf1df_6.0.19041.1110_none_60b5254171f9507e;D:\Android studio\jre\bin\server;C:\Users\Yake\.gradle\native\e1d6ef7f7dcc3fd88c89a11ec53ec762bb8ba0a96d01ffa2cd45eb1d1d8dd5c5\windows-amd64;C:\Users\Yake\.gradle\native\0d407fdbe67a94daf76414ababcb853783967236a71b16ec16e742cd7a986fd3\windows-amd64

VM Arguments:
jvm_args: --add-opens=java.base/java.util=ALL-UNNAMED --add-opens=java.base/java.lang=ALL-UNNAMED --add-opens=java.base/java.lang.invoke=ALL-UNNAMED --add-opens=java.base/java.util=ALL-UNNAMED --add-opens=java.prefs/java.util.prefs=ALL-UNNAMED --add-opens=java.prefs/java.util.prefs=ALL-UNNAMED --add-opens=java.base/java.nio.charset=ALL-UNNAMED --add-opens=java.base/java.net=ALL-UNNAMED --add-opens=java.base/java.util.concurrent.atomic=ALL-UNNAMED -Xmx2048m -Dfile.encoding=UTF-8 -Duser.country=FR -Duser.language=fr -Duser.variant 
java_command: org.gradle.launcher.daemon.bootstrap.GradleDaemon 7.4
java_class_path (initial): C:\Users\Yake\.gradle\wrapper\dists\gradle-7.4-bin\c0gwcg53nkjbqw7r0h0umtfvt\gradle-7.4\lib\gradle-launcher-7.4.jar
Launcher Type: SUN_STANDARD

[Global flags]
     intx CICompilerCount                          = 3                                         {product} {ergonomic}
     uint ConcGCThreads                            = 1                                         {product} {ergonomic}
     uint G1ConcRefinementThreads                  = 4                                         {product} {ergonomic}
   size_t G1HeapRegionSize                         = 1048576                                   {product} {ergonomic}
    uintx GCDrainStackTargetSize                   = 64                                        {product} {ergonomic}
   size_t InitialHeapSize                          = 268435456                                 {product} {ergonomic}
   size_t MarkStackSize                            = 4194304                                   {product} {ergonomic}
   size_t MaxHeapSize                              = 2147483648                                {product} {command line}
   size_t MaxNewSize                               = 1287651328                                {product} {ergonomic}
   size_t MinHeapDeltaBytes                        = 1048576                                   {product} {ergonomic}
    uintx NonNMethodCodeHeapSize                   = 5830732                                {pd product} {ergonomic}
    uintx NonProfiledCodeHeapSize                  = 122913754                              {pd product} {ergonomic}
    uintx ProfiledCodeHeapSize                     = 122913754                              {pd product} {ergonomic}
    uintx ReservedCodeCacheSize                    = 251658240                              {pd product} {ergonomic}
     bool SegmentedCodeCache                       = true                                      {product} {ergonomic}
     bool UseCompressedClassPointers               = true                                 {lp64_product} {ergonomic}
     bool UseCompressedOops                        = true                                 {lp64_product} {ergonomic}
     bool UseG1GC                                  = true                                      {product} {ergonomic}
     bool UseLargePagesIndividualAllocation        = false                                  {pd product} {ergonomic}

Logging:
Log output configuration:
 #0: stdout all=warning uptime,level,tags
 #1: stderr all=off uptime,level,tags

Environment Variables:
PATH=C:\Program Files (x86)\Razer\ChromaBroadcast\bin;C:\Program Files\Razer\ChromaBroadcast\bin;C:\Program Files (x86)\NVIDIA Corporation\PhysX\Common;C:\Program Files (x86)\Razer Chroma SDK\bin;C:\Program Files\Razer Chroma SDK\bin;C:\Program Files (x86)\Intel\Intel(R) Management Engine Components\iCLS\;C:\Program Files\Intel\Intel(R) Management Engine Components\iCLS\;C:\ProgramData\Oracle\Java\javapath;C:\Windows\system32;C:\Windows;C:\Windows\System32\Wbem;C:\Windows\System32\WindowsPowerShell\v1.0\;C:\WINDOWS\system32;C:\WINDOWS;C:\WINDOWS\System32\Wbem;C:\WINDOWS\System32\WindowsPowerShell\v1.0\;C:\Program Files (x86)\Intel\Intel(R) Management Engine Components\DAL;C:\Program Files\Intel\Intel(R) Management Engine Components\DAL;C:\Program Files (x86)\Intel\Intel(R) Management Engine Components\IPT;C:\Program Files\Intel\Intel(R) Management Engine Components\IPT;C:\WINDOWS\system32\config\systemprofile\AppData\Local\Microsoft\WindowsApps;C:\WINDOWS\system32;C:\WINDOWS;C:\WINDOWS\System32\Wbem;C:\WINDOWS\System32\WindowsPowerShell\v1.0\;C:\WINDOWS\System32\OpenSSH\;C:\Program Files\Git\cmd;C:\Users\Yake\AppData\Local\Microsoft\WindowsApps;
USERNAME=Yake
OS=Windows_NT
PROCESSOR_IDENTIFIER=Intel64 Family 6 Model 60 Stepping 3, GenuineIntel



---------------  S Y S T E M  ---------------

OS: Windows 10 , 64 bit Build 19041 (10.0.19041.2251)
OS uptime: 6 days 22:03 hours

CPU:total 4 (initial active 4) (4 cores per cpu, 1 threads per core) family 6 model 60 stepping 3 microcode 0x27, cmov, cx8, fxsr, mmx, sse, sse2, sse3, ssse3, sse4.1, sse4.2, popcnt, avx, avx2, aes, clmul, erms, lzcnt, tsc, tscinvbit, bmi1, bmi2, fma

Memory: 4k page, system-wide physical 16335M (1453M free)
TotalPageFile size 21335M (AvailPageFile size 5M)
current process WorkingSet (physical memory assigned to process): 178M, peak: 178M
current process commit charge ("private bytes"): 399M, peak: 400M

vm_info: OpenJDK 64-Bit Server VM (11.0.13+0-b1751.21-8125866) for windows-amd64 JRE (11.0.13+0-b1751.21-8125866), built on Feb  2 2022 03:00:22 by "builder" with MS VC++ 14.0 (VS2015)

END.
