#
# There is insufficient memory for the Java Runtime Environment to continue.
# Native memory allocation (malloc) failed to allocate 1207856 bytes for Chunk::new
# Possible reasons:
#   The system is out of physical RAM or swap space
#   The process is running with CompressedOops enabled, and the Java Heap may be blocking the growth of the native heap
# Possible solutions:
#   Reduce memory load on the system
#   Increase physical memory or swap space
#   Check if swap backing store is full
#   Decrease Java heap size (-Xmx/-Xms)
#   Decrease number of Java threads
#   Decrease Java thread stack sizes (-Xss)
#   Set larger code cache with -XX:ReservedCodeCacheSize=
#   JVM is running with Unscaled Compressed Oops mode in which the Java heap is
#     placed in the first 4GB address space. The Java Heap base address is the
#     maximum limit for the native heap growth. Please use -XX:HeapBaseMinAddress
#     to set the Java Heap base and to place the Java Heap above 4GB virtual address.
# This output file may be truncated or incomplete.
#
#  Out of Memory Error (./src/hotspot/share/memory/arena.cpp:197), pid=14648, tid=16972
#
# JRE version: OpenJDK Runtime Environment (11.0.13) (build 11.0.13+0-b1751.21-8125866)
# Java VM: OpenJDK 64-Bit Server VM (11.0.13+0-b1751.21-8125866, mixed mode, tiered, compressed oops, g1 gc, windows-amd64)
# No core dump will be written. Minidumps are not enabled by default on client versions of Windows
#

---------------  S U M M A R Y ------------

Command Line: --add-opens=java.base/java.util=ALL-UNNAMED --add-opens=java.base/java.lang=ALL-UNNAMED --add-opens=java.base/java.lang.invoke=ALL-UNNAMED --add-opens=java.base/java.util=ALL-UNNAMED --add-opens=java.prefs/java.util.prefs=ALL-UNNAMED --add-opens=java.prefs/java.util.prefs=ALL-UNNAMED --add-opens=java.base/java.nio.charset=ALL-UNNAMED --add-opens=java.base/java.net=ALL-UNNAMED --add-opens=java.base/java.util.concurrent.atomic=ALL-UNNAMED -Xmx2048m -Dfile.encoding=UTF-8 -Duser.country=FR -Duser.language=fr -Duser.variant org.gradle.launcher.daemon.bootstrap.GradleDaemon 7.4

Host: Intel(R) Core(TM) i5-4690K CPU @ 3.50GHz, 4 cores, 15G,  Windows 10 , 64 bit Build 19041 (10.0.19041.2251)
Time: Mon Dec 12 18:09:48 2022 Paris, Madrid elapsed time: 9.647421 seconds (0d 0h 0m 9s)

---------------  T H R E A D  ---------------

Current thread (0x0000024f1c0b9800):  JavaThread "C2 CompilerThread0" daemon [_thread_in_native, id=16972, stack(0x00000056f0e00000,0x00000056f0f00000)]


Current CompileTask:
C2:   9647 5631       4       org.objectweb.asm.SymbolTable::addConstantMemberReference (147 bytes)

Stack: [0x00000056f0e00000,0x00000056f0f00000]
Native frames: (J=compiled Java code, j=interpreted, Vv=VM code, C=native code)
V  [jvm.dll+0x6100fa]
V  [jvm.dll+0x747090]
V  [jvm.dll+0x7486ad]
V  [jvm.dll+0x748d83]
V  [jvm.dll+0x24ab48]
V  [jvm.dll+0xc04dc]
V  [jvm.dll+0xc0a0c]
V  [jvm.dll+0x35eb9d]
V  [jvm.dll+0x32b833]
V  [jvm.dll+0x32ad2a]
V  [jvm.dll+0x2032b2]
V  [jvm.dll+0x202437]
V  [jvm.dll+0x188e01]
V  [jvm.dll+0x21106b]
V  [jvm.dll+0x20f8c1]
V  [jvm.dll+0x70de0f]
V  [jvm.dll+0x706a75]
V  [jvm.dll+0x60ed66]
C  [ucrtbase.dll+0x21bb2]
C  [KERNEL32.DLL+0x174b4]
C  [ntdll.dll+0x526a1]


---------------  P R O C E S S  ---------------

Threads class SMR info:
_java_thread_list=0x0000024f220d7cf0, length=78, elements={
0x0000024f0142a800, 0x0000024f1c054000, 0x0000024f1c062000, 0x0000024f1c0ae800,
0x0000024f1c0b0800, 0x0000024f1c0b4800, 0x0000024f1c0b9800, 0x0000024f1c0c5000,
0x0000024f1c0e9000, 0x0000024f1c239800, 0x0000024f1ee6a800, 0x0000024f1e5a9000,
0x0000024f1e69e800, 0x0000024f1f530000, 0x0000024f1cd82800, 0x0000024f1cd83000,
0x0000024f1e79e000, 0x0000024f1e79f000, 0x0000024f1f04a800, 0x0000024f1eb1b800,
0x0000024f1e637000, 0x0000024f1e635800, 0x0000024f1e636800, 0x0000024f1e638000,
0x0000024f1e638800, 0x0000024f1e634000, 0x0000024f1e633000, 0x0000024f1e634800,
0x0000024f1e639800, 0x0000024f200cb800, 0x0000024f200cd800, 0x0000024f200ce000,
0x0000024f200cf000, 0x0000024f200d2000, 0x0000024f200cf800, 0x0000024f200d0800,
0x0000024f200cc800, 0x0000024f200d8800, 0x0000024f200d5800, 0x0000024f200d6000,
0x0000024f200d7000, 0x0000024f200d3000, 0x0000024f200d8000, 0x0000024f200d9800,
0x0000024f200d4000, 0x0000024f200da800, 0x0000024f200d4800, 0x0000024f1c82b800,
0x0000024f1c82f800, 0x0000024f1c82f000, 0x0000024f1c830800, 0x0000024f1c82b000,
0x0000024f1c82c800, 0x0000024f1c82e000, 0x0000024f1c831800, 0x0000024f1c832000,
0x0000024f1c833000, 0x0000024f1c82d000, 0x0000024f1c838000, 0x0000024f1c838800,
0x0000024f1c839800, 0x0000024f1c836000, 0x0000024f1c837000, 0x0000024f1c834000,
0x0000024f1c835800, 0x0000024f1c834800, 0x0000024f20196000, 0x0000024f20192000,
0x0000024f20190800, 0x0000024f20197000, 0x0000024f20194800, 0x0000024f20195800,
0x0000024f20191800, 0x0000024f20198000, 0x0000024f20198800, 0x0000024f20193000,
0x0000024f20199800, 0x0000024f21d9d800
}

Java Threads: ( => current thread )
  0x0000024f0142a800 JavaThread "main" [_thread_blocked, id=5044, stack(0x00000056f0200000,0x00000056f0300000)]
  0x0000024f1c054000 JavaThread "Reference Handler" daemon [_thread_blocked, id=300, stack(0x00000056f0900000,0x00000056f0a00000)]
  0x0000024f1c062000 JavaThread "Finalizer" daemon [_thread_blocked, id=22968, stack(0x00000056f0a00000,0x00000056f0b00000)]
  0x0000024f1c0ae800 JavaThread "Signal Dispatcher" daemon [_thread_blocked, id=11128, stack(0x00000056f0b00000,0x00000056f0c00000)]
  0x0000024f1c0b0800 JavaThread "Attach Listener" daemon [_thread_blocked, id=10944, stack(0x00000056f0c00000,0x00000056f0d00000)]
  0x0000024f1c0b4800 JavaThread "Service Thread" daemon [_thread_blocked, id=18412, stack(0x00000056f0d00000,0x00000056f0e00000)]
=>0x0000024f1c0b9800 JavaThread "C2 CompilerThread0" daemon [_thread_in_native, id=16972, stack(0x00000056f0e00000,0x00000056f0f00000)]
  0x0000024f1c0c5000 JavaThread "C1 CompilerThread0" daemon [_thread_blocked, id=22964, stack(0x00000056f0f00000,0x00000056f1000000)]
  0x0000024f1c0e9000 JavaThread "Sweeper thread" daemon [_thread_blocked, id=15880, stack(0x00000056f1000000,0x00000056f1100000)]
  0x0000024f1c239800 JavaThread "Common-Cleaner" daemon [_thread_blocked, id=19252, stack(0x00000056f1100000,0x00000056f1200000)]
  0x0000024f1ee6a800 JavaThread "Daemon health stats" [_thread_blocked, id=13232, stack(0x00000056f1700000,0x00000056f1800000)]
  0x0000024f1e5a9000 JavaThread "Incoming local TCP Connector on port 60702" [_thread_in_native, id=12696, stack(0x00000056f1600000,0x00000056f1700000)]
  0x0000024f1e69e800 JavaThread "Daemon periodic checks" [_thread_blocked, id=9124, stack(0x00000056f1800000,0x00000056f1900000)]
  0x0000024f1f530000 JavaThread "Daemon" [_thread_blocked, id=8048, stack(0x00000056f1900000,0x00000056f1a00000)]
  0x0000024f1cd82800 JavaThread "Handler for socket connection from /127.0.0.1:60702 to /127.0.0.1:60705" [_thread_in_native, id=14980, stack(0x00000056f1a00000,0x00000056f1b00000)]
  0x0000024f1cd83000 JavaThread "Cancel handler" [_thread_blocked, id=14744, stack(0x00000056f1b00000,0x00000056f1c00000)]
  0x0000024f1e79e000 JavaThread "Daemon worker" [_thread_in_Java, id=18748, stack(0x00000056f1c00000,0x00000056f1d00000)]
  0x0000024f1e79f000 JavaThread "Asynchronous log dispatcher for DefaultDaemonConnection: socket connection from /127.0.0.1:60702 to /127.0.0.1:60705" [_thread_blocked, id=20972, stack(0x00000056f1d00000,0x00000056f1e00000)]
  0x0000024f1f04a800 JavaThread "Stdin handler" [_thread_blocked, id=8220, stack(0x00000056f1e00000,0x00000056f1f00000)]
  0x0000024f1eb1b800 JavaThread "Daemon client event forwarder" [_thread_blocked, id=19888, stack(0x00000056f1f00000,0x00000056f2000000)]
  0x0000024f1e637000 JavaThread "Cache worker for journal cache (C:\Users\Yake\.gradle\caches\journal-1)" [_thread_blocked, id=20844, stack(0x00000056f2000000,0x00000056f2100000)]
  0x0000024f1e635800 JavaThread "File lock request listener" [_thread_in_native, id=24276, stack(0x00000056f2100000,0x00000056f2200000)]
  0x0000024f1e636800 JavaThread "Cache worker for file hash cache (C:\Users\Yake\.gradle\caches\7.4\fileHashes)" [_thread_blocked, id=23916, stack(0x00000056f2200000,0x00000056f2300000)]
  0x0000024f1e638000 JavaThread "File watcher server" daemon [_thread_in_native, id=22636, stack(0x00000056f2400000,0x00000056f2500000)]
  0x0000024f1e638800 JavaThread "File watcher consumer" daemon [_thread_blocked, id=12780, stack(0x00000056f2500000,0x00000056f2600000)]
  0x0000024f1e634000 JavaThread "Cache worker for checksums cache (C:\Users\Yake\StudioProjects\TestApp2\.gradle\7.4\checksums)" [_thread_blocked, id=24264, stack(0x00000056f2600000,0x00000056f2700000)]
  0x0000024f1e633000 JavaThread "Cache worker for cache directory md-rule (C:\Users\Yake\.gradle\caches\7.4\md-rule)" [_thread_blocked, id=9092, stack(0x00000056f2700000,0x00000056f2800000)]
  0x0000024f1e634800 JavaThread "Cache worker for file hash cache (C:\Users\Yake\StudioProjects\TestApp2\.gradle\7.4\fileHashes)" [_thread_blocked, id=12860, stack(0x00000056f2800000,0x00000056f2900000)]
  0x0000024f1e639800 JavaThread "Cache worker for cache directory md-supplier (C:\Users\Yake\.gradle\caches\7.4\md-supplier)" [_thread_blocked, id=15740, stack(0x00000056f2900000,0x00000056f2a00000)]
  0x0000024f200cb800 JavaThread "Cache worker for execution history cache (C:\Users\Yake\.gradle\caches\7.4\executionHistory)" [_thread_blocked, id=15940, stack(0x00000056f2a00000,0x00000056f2b00000)]
  0x0000024f200cd800 JavaThread "jar transforms" [_thread_blocked, id=18660, stack(0x00000056f2b00000,0x00000056f2c00000)]
  0x0000024f200ce000 JavaThread "Cache worker for file content cache (C:\Users\Yake\.gradle\caches\7.4\fileContent)" [_thread_blocked, id=22400, stack(0x00000056f2c00000,0x00000056f2d00000)]
  0x0000024f200cf000 JavaThread "jar transforms Thread 2" [_thread_blocked, id=16740, stack(0x00000056f2d00000,0x00000056f2e00000)]
  0x0000024f200d2000 JavaThread "Cache worker for dependencies-accessors (C:\Users\Yake\StudioProjects\TestApp2\.gradle\7.4\dependencies-accessors)" [_thread_blocked, id=20620, stack(0x00000056f2e00000,0x00000056f2f00000)]
  0x0000024f200cf800 JavaThread "jar transforms Thread 3" [_thread_blocked, id=8152, stack(0x00000056f2f00000,0x00000056f3000000)]
  0x0000024f200d0800 JavaThread "Cache worker for Build Output Cleanup Cache (C:\Users\Yake\StudioProjects\TestApp2\.gradle\buildOutputCleanup)" [_thread_blocked, id=3192, stack(0x00000056f3000000,0x00000056f3100000)]
  0x0000024f200cc800 JavaThread "Unconstrained build operations" [_thread_blocked, id=14768, stack(0x00000056f2300000,0x00000056f2400000)]
  0x0000024f200d8800 JavaThread "Unconstrained build operations Thread 2" [_thread_blocked, id=24384, stack(0x00000056f3100000,0x00000056f3200000)]
  0x0000024f200d5800 JavaThread "Unconstrained build operations Thread 3" [_thread_blocked, id=22148, stack(0x00000056f3200000,0x00000056f3300000)]
  0x0000024f200d6000 JavaThread "Unconstrained build operations Thread 4" [_thread_blocked, id=21372, stack(0x00000056f3300000,0x00000056f3400000)]
  0x0000024f200d7000 JavaThread "Unconstrained build operations Thread 5" [_thread_blocked, id=18152, stack(0x00000056f3400000,0x00000056f3500000)]
  0x0000024f200d3000 JavaThread "Unconstrained build operations Thread 6" [_thread_blocked, id=15500, stack(0x00000056f3500000,0x00000056f3600000)]
  0x0000024f200d8000 JavaThread "Unconstrained build operations Thread 7" [_thread_blocked, id=11944, stack(0x00000056f3600000,0x00000056f3700000)]
  0x0000024f200d9800 JavaThread "Unconstrained build operations Thread 8" [_thread_blocked, id=12952, stack(0x00000056f3700000,0x00000056f3800000)]
  0x0000024f200d4000 JavaThread "Unconstrained build operations Thread 9" [_thread_blocked, id=10156, stack(0x00000056f3800000,0x00000056f3900000)]
  0x0000024f200da800 JavaThread "Unconstrained build operations Thread 10" [_thread_blocked, id=1524, stack(0x00000056f3900000,0x00000056f3a00000)]
  0x0000024f200d4800 JavaThread "Unconstrained build operations Thread 11" [_thread_blocked, id=9272, stack(0x00000056f3a00000,0x00000056f3b00000)]
  0x0000024f1c82b800 JavaThread "Unconstrained build operations Thread 12" [_thread_blocked, id=20592, stack(0x00000056f3b00000,0x00000056f3c00000)]
  0x0000024f1c82f800 JavaThread "Unconstrained build operations Thread 13" [_thread_blocked, id=7420, stack(0x00000056f3c00000,0x00000056f3d00000)]
  0x0000024f1c82f000 JavaThread "Unconstrained build operations Thread 14" [_thread_blocked, id=22476, stack(0x00000056f3d00000,0x00000056f3e00000)]
  0x0000024f1c830800 JavaThread "Unconstrained build operations Thread 15" [_thread_blocked, id=7392, stack(0x00000056f3e00000,0x00000056f3f00000)]
  0x0000024f1c82b000 JavaThread "Unconstrained build operations Thread 16" [_thread_blocked, id=6324, stack(0x00000056f3f00000,0x00000056f4000000)]
  0x0000024f1c82c800 JavaThread "Unconstrained build operations Thread 17" [_thread_blocked, id=18284, stack(0x00000056f4000000,0x00000056f4100000)]
  0x0000024f1c82e000 JavaThread "Unconstrained build operations Thread 18" [_thread_blocked, id=13464, stack(0x00000056f4100000,0x00000056f4200000)]
  0x0000024f1c831800 JavaThread "Unconstrained build operations Thread 19" [_thread_blocked, id=5508, stack(0x00000056f4200000,0x00000056f4300000)]
  0x0000024f1c832000 JavaThread "Unconstrained build operations Thread 20" [_thread_blocked, id=18100, stack(0x00000056f4300000,0x00000056f4400000)]
  0x0000024f1c833000 JavaThread "Unconstrained build operations Thread 21" [_thread_blocked, id=19760, stack(0x00000056f4400000,0x00000056f4500000)]
  0x0000024f1c82d000 JavaThread "Unconstrained build operations Thread 22" [_thread_blocked, id=16568, stack(0x00000056f4500000,0x00000056f4600000)]
  0x0000024f1c838000 JavaThread "Unconstrained build operations Thread 23" [_thread_blocked, id=10316, stack(0x00000056f4600000,0x00000056f4700000)]
  0x0000024f1c838800 JavaThread "Unconstrained build operations Thread 24" [_thread_blocked, id=7620, stack(0x00000056f4700000,0x00000056f4800000)]
  0x0000024f1c839800 JavaThread "Unconstrained build operations Thread 25" [_thread_blocked, id=12188, stack(0x00000056f4800000,0x00000056f4900000)]
  0x0000024f1c836000 JavaThread "Unconstrained build operations Thread 26" [_thread_blocked, id=5956, stack(0x00000056f4900000,0x00000056f4a00000)]
  0x0000024f1c837000 JavaThread "Unconstrained build operations Thread 27" [_thread_blocked, id=19816, stack(0x00000056f4a00000,0x00000056f4b00000)]
  0x0000024f1c834000 JavaThread "Unconstrained build operations Thread 28" [_thread_blocked, id=23592, stack(0x00000056f4b00000,0x00000056f4c00000)]
  0x0000024f1c835800 JavaThread "Unconstrained build operations Thread 29" [_thread_blocked, id=11504, stack(0x00000056f4c00000,0x00000056f4d00000)]
  0x0000024f1c834800 JavaThread "Unconstrained build operations Thread 30" [_thread_blocked, id=6076, stack(0x00000056f4d00000,0x00000056f4e00000)]
  0x0000024f20196000 JavaThread "Unconstrained build operations Thread 31" [_thread_blocked, id=19048, stack(0x00000056f4e00000,0x00000056f4f00000)]
  0x0000024f20192000 JavaThread "Unconstrained build operations Thread 32" [_thread_blocked, id=22084, stack(0x00000056f4f00000,0x00000056f5000000)]
  0x0000024f20190800 JavaThread "Unconstrained build operations Thread 33" [_thread_blocked, id=2008, stack(0x00000056f5000000,0x00000056f5100000)]
  0x0000024f20197000 JavaThread "Unconstrained build operations Thread 34" [_thread_blocked, id=10072, stack(0x00000056f5100000,0x00000056f5200000)]
  0x0000024f20194800 JavaThread "Unconstrained build operations Thread 35" [_thread_blocked, id=2728, stack(0x00000056f5200000,0x00000056f5300000)]
  0x0000024f20195800 JavaThread "Unconstrained build operations Thread 36" [_thread_blocked, id=23012, stack(0x00000056f5300000,0x00000056f5400000)]
  0x0000024f20191800 JavaThread "Unconstrained build operations Thread 37" [_thread_blocked, id=21180, stack(0x00000056f5400000,0x00000056f5500000)]
  0x0000024f20198000 JavaThread "Unconstrained build operations Thread 38" [_thread_blocked, id=3700, stack(0x00000056f5500000,0x00000056f5600000)]
  0x0000024f20198800 JavaThread "Unconstrained build operations Thread 39" [_thread_blocked, id=2892, stack(0x00000056f5600000,0x00000056f5700000)]
  0x0000024f20193000 JavaThread "Unconstrained build operations Thread 40" [_thread_blocked, id=24180, stack(0x00000056f5700000,0x00000056f5800000)]
  0x0000024f20199800 JavaThread "jar transforms Thread 4" [_thread_blocked, id=21240, stack(0x00000056f5900000,0x00000056f5a00000)]
  0x0000024f21d9d800 JavaThread "C2 CompilerThread1" daemon [_thread_in_native, id=13000, stack(0x00000056f5800000,0x00000056f5900000)]

Other Threads:
  0x0000024f1c050800 VMThread "VM Thread" [stack: 0x00000056f0800000,0x00000056f0900000] [id=1332]
  0x0000024f1c26e800 WatcherThread [stack: 0x00000056f1200000,0x00000056f1300000] [id=19220]
  0x0000024f01444000 GCTaskThread "GC Thread#0" [stack: 0x00000056f0300000,0x00000056f0400000] [id=17668]
  0x0000024f1c413800 GCTaskThread "GC Thread#1" [stack: 0x00000056f1300000,0x00000056f1400000] [id=12636]
  0x0000024f1c68b800 GCTaskThread "GC Thread#2" [stack: 0x00000056f1400000,0x00000056f1500000] [id=22936]
  0x0000024f1c68c800 GCTaskThread "GC Thread#3" [stack: 0x00000056f1500000,0x00000056f1600000] [id=16928]
  0x0000024f01474800 ConcurrentGCThread "G1 Main Marker" [stack: 0x00000056f0400000,0x00000056f0500000] [id=7864]
  0x0000024f01477800 ConcurrentGCThread "G1 Conc#0" [stack: 0x00000056f0500000,0x00000056f0600000] [id=3436]
  0x0000024f0150d800 ConcurrentGCThread "G1 Refine#0" [stack: 0x00000056f0600000,0x00000056f0700000] [id=13576]
  0x0000024f1b698800 ConcurrentGCThread "G1 Young RemSet Sampling" [stack: 0x00000056f0700000,0x00000056f0800000] [id=7468]

Threads with active compile tasks:
C2 CompilerThread0   9669 5631       4       org.objectweb.asm.SymbolTable::addConstantMemberReference (147 bytes)
C2 CompilerThread1   9669 5683   !   4       com.google.common.reflect.TypeVisitor::visit (244 bytes)

VM state:not at safepoint (normal execution)

VM Mutex/Monitor currently owned by a thread: None

Heap address: 0x0000000080000000, size: 2048 MB, Compressed Oops mode: 32-bit
Narrow klass base: 0x0000000000000000, Narrow klass shift: 3
Compressed class space size: 1073741824 Address: 0x0000000100000000

Heap:
 garbage-first heap   total 262144K, used 167904K [0x0000000080000000, 0x0000000100000000)
  region size 1024K, 145 young (148480K), 13 survivors (13312K)
 Metaspace       used 57102K, capacity 58478K, committed 58832K, reserved 1099776K
  class space    used 7169K, capacity 7704K, committed 7808K, reserved 1048576K
Heap Regions: E=young(eden), S=young(survivor), O=old, HS=humongous(starts), HC=humongous(continues), CS=collection set, F=free, A=archive, TAMS=top-at-mark-start (previous, next)
|   0|0x0000000080000000, 0x0000000080100000, 0x0000000080100000|100%|HS|  |TAMS 0x0000000080100000, 0x0000000080000000| Complete 
|   1|0x0000000080100000, 0x0000000080200000, 0x0000000080200000|100%|HC|  |TAMS 0x0000000080200000, 0x0000000080100000| Complete 
|   2|0x0000000080200000, 0x0000000080300000, 0x0000000080300000|100%|HC|  |TAMS 0x0000000080300000, 0x0000000080200000| Complete 
|   3|0x0000000080300000, 0x0000000080400000, 0x0000000080400000|100%| O|  |TAMS 0x0000000080400000, 0x0000000080300000| Untracked 
|   4|0x0000000080400000, 0x0000000080500000, 0x0000000080500000|100%| O|  |TAMS 0x0000000080500000, 0x0000000080400000| Untracked 
|   5|0x0000000080500000, 0x0000000080600000, 0x0000000080600000|100%| O|  |TAMS 0x0000000080600000, 0x0000000080500000| Untracked 
|   6|0x0000000080600000, 0x0000000080700000, 0x0000000080700000|100%| O|  |TAMS 0x0000000080700000, 0x0000000080600000| Untracked 
|   7|0x0000000080700000, 0x0000000080800000, 0x0000000080800000|100%| O|  |TAMS 0x0000000080800000, 0x0000000080700000| Untracked 
|   8|0x0000000080800000, 0x0000000080900000, 0x0000000080900000|100%| O|  |TAMS 0x0000000080900000, 0x0000000080800000| Untracked 
|   9|0x0000000080900000, 0x0000000080a00000, 0x0000000080a00000|100%| O|  |TAMS 0x0000000080a00000, 0x0000000080900000| Untracked 
|  10|0x0000000080a00000, 0x0000000080b00000, 0x0000000080b00000|100%| O|  |TAMS 0x0000000080b00000, 0x0000000080a00000| Untracked 
|  11|0x0000000080b00000, 0x0000000080c00000, 0x0000000080c00000|100%| O|  |TAMS 0x0000000080c00000, 0x0000000080b00000| Untracked 
|  12|0x0000000080c00000, 0x0000000080d00000, 0x0000000080d00000|100%| O|  |TAMS 0x0000000080d00000, 0x0000000080c00000| Untracked 
|  13|0x0000000080d00000, 0x0000000080e00000, 0x0000000080e00000|100%| O|  |TAMS 0x0000000080e00000, 0x0000000080d00000| Untracked 
|  14|0x0000000080e00000, 0x0000000080f00000, 0x0000000080f00000|100%| O|  |TAMS 0x0000000080f00000, 0x0000000080e00000| Untracked 
|  15|0x0000000080f00000, 0x0000000081000000, 0x0000000081000000|100%| O|  |TAMS 0x0000000081000000, 0x0000000080f00000| Untracked 
|  16|0x0000000081000000, 0x0000000081045400, 0x0000000081100000| 27%| O|  |TAMS 0x0000000081045400, 0x0000000081000000| Untracked 
|  17|0x0000000081100000, 0x0000000081200000, 0x0000000081200000|100%|HS|  |TAMS 0x0000000081100000, 0x0000000081100000| Complete 
|  18|0x0000000081200000, 0x0000000081300000, 0x0000000081300000|100%|HS|  |TAMS 0x0000000081200000, 0x0000000081200000| Complete 
|  19|0x0000000081300000, 0x0000000081400000, 0x0000000081400000|100%|HS|  |TAMS 0x0000000081300000, 0x0000000081300000| Complete 
|  20|0x0000000081400000, 0x0000000081500000, 0x0000000081500000|100%|HS|  |TAMS 0x0000000081400000, 0x0000000081400000| Complete 
|  21|0x0000000081500000, 0x0000000081600000, 0x0000000081600000|100%|HC|  |TAMS 0x0000000081500000, 0x0000000081500000| Complete 
|  22|0x0000000081600000, 0x0000000081600000, 0x0000000081700000|  0%| F|  |TAMS 0x0000000081600000, 0x0000000081600000| Untracked 
|  23|0x0000000081700000, 0x0000000081700000, 0x0000000081800000|  0%| F|  |TAMS 0x0000000081700000, 0x0000000081700000| Untracked 
|  24|0x0000000081800000, 0x0000000081800000, 0x0000000081900000|  0%| F|  |TAMS 0x0000000081800000, 0x0000000081800000| Untracked 
|  25|0x0000000081900000, 0x0000000081900000, 0x0000000081a00000|  0%| F|  |TAMS 0x0000000081900000, 0x0000000081900000| Untracked 
|  26|0x0000000081a00000, 0x0000000081a00000, 0x0000000081b00000|  0%| F|  |TAMS 0x0000000081a00000, 0x0000000081a00000| Untracked 
|  27|0x0000000081b00000, 0x0000000081b00000, 0x0000000081c00000|  0%| F|  |TAMS 0x0000000081b00000, 0x0000000081b00000| Untracked 
|  28|0x0000000081c00000, 0x0000000081c00000, 0x0000000081d00000|  0%| F|  |TAMS 0x0000000081c00000, 0x0000000081c00000| Untracked 
|  29|0x0000000081d00000, 0x0000000081d00000, 0x0000000081e00000|  0%| F|  |TAMS 0x0000000081d00000, 0x0000000081d00000| Untracked 
|  30|0x0000000081e00000, 0x0000000081e00000, 0x0000000081f00000|  0%| F|  |TAMS 0x0000000081e00000, 0x0000000081e00000| Untracked 
|  31|0x0000000081f00000, 0x0000000081f00000, 0x0000000082000000|  0%| F|  |TAMS 0x0000000081f00000, 0x0000000081f00000| Untracked 
|  32|0x0000000082000000, 0x0000000082000000, 0x0000000082100000|  0%| F|  |TAMS 0x0000000082000000, 0x0000000082000000| Untracked 
|  33|0x0000000082100000, 0x0000000082100000, 0x0000000082200000|  0%| F|  |TAMS 0x0000000082100000, 0x0000000082100000| Untracked 
|  34|0x0000000082200000, 0x0000000082200000, 0x0000000082300000|  0%| F|  |TAMS 0x0000000082200000, 0x0000000082200000| Untracked 
|  35|0x0000000082300000, 0x0000000082300000, 0x0000000082400000|  0%| F|  |TAMS 0x0000000082300000, 0x0000000082300000| Untracked 
|  36|0x0000000082400000, 0x0000000082400000, 0x0000000082500000|  0%| F|  |TAMS 0x0000000082400000, 0x0000000082400000| Untracked 
|  37|0x0000000082500000, 0x0000000082500000, 0x0000000082600000|  0%| F|  |TAMS 0x0000000082500000, 0x0000000082500000| Untracked 
|  38|0x0000000082600000, 0x0000000082600000, 0x0000000082700000|  0%| F|  |TAMS 0x0000000082600000, 0x0000000082600000| Untracked 
|  39|0x0000000082700000, 0x0000000082700000, 0x0000000082800000|  0%| F|  |TAMS 0x0000000082700000, 0x0000000082700000| Untracked 
|  40|0x0000000082800000, 0x0000000082800000, 0x0000000082900000|  0%| F|  |TAMS 0x0000000082800000, 0x0000000082800000| Untracked 
|  41|0x0000000082900000, 0x0000000082900000, 0x0000000082a00000|  0%| F|  |TAMS 0x0000000082900000, 0x0000000082900000| Untracked 
|  42|0x0000000082a00000, 0x0000000082a00000, 0x0000000082b00000|  0%| F|  |TAMS 0x0000000082a00000, 0x0000000082a00000| Untracked 
|  43|0x0000000082b00000, 0x0000000082b00000, 0x0000000082c00000|  0%| F|  |TAMS 0x0000000082b00000, 0x0000000082b00000| Untracked 
|  44|0x0000000082c00000, 0x0000000082c00000, 0x0000000082d00000|  0%| F|  |TAMS 0x0000000082c00000, 0x0000000082c00000| Untracked 
|  45|0x0000000082d00000, 0x0000000082d00000, 0x0000000082e00000|  0%| F|  |TAMS 0x0000000082d00000, 0x0000000082d00000| Untracked 
|  46|0x0000000082e00000, 0x0000000082e00000, 0x0000000082f00000|  0%| F|  |TAMS 0x0000000082e00000, 0x0000000082e00000| Untracked 
|  47|0x0000000082f00000, 0x0000000082f00000, 0x0000000083000000|  0%| F|  |TAMS 0x0000000082f00000, 0x0000000082f00000| Untracked 
|  48|0x0000000083000000, 0x0000000083000000, 0x0000000083100000|  0%| F|  |TAMS 0x0000000083000000, 0x0000000083000000| Untracked 
|  49|0x0000000083100000, 0x0000000083100000, 0x0000000083200000|  0%| F|  |TAMS 0x0000000083100000, 0x0000000083100000| Untracked 
|  50|0x0000000083200000, 0x0000000083200000, 0x0000000083300000|  0%| F|  |TAMS 0x0000000083200000, 0x0000000083200000| Untracked 
|  51|0x0000000083300000, 0x0000000083300000, 0x0000000083400000|  0%| F|  |TAMS 0x0000000083300000, 0x0000000083300000| Untracked 
|  52|0x0000000083400000, 0x0000000083400000, 0x0000000083500000|  0%| F|  |TAMS 0x0000000083400000, 0x0000000083400000| Untracked 
|  53|0x0000000083500000, 0x0000000083500000, 0x0000000083600000|  0%| F|  |TAMS 0x0000000083500000, 0x0000000083500000| Untracked 
|  54|0x0000000083600000, 0x0000000083600000, 0x0000000083700000|  0%| F|  |TAMS 0x0000000083600000, 0x0000000083600000| Untracked 
|  55|0x0000000083700000, 0x0000000083700000, 0x0000000083800000|  0%| F|  |TAMS 0x0000000083700000, 0x0000000083700000| Untracked 
|  56|0x0000000083800000, 0x0000000083800000, 0x0000000083900000|  0%| F|  |TAMS 0x0000000083800000, 0x0000000083800000| Untracked 
|  57|0x0000000083900000, 0x0000000083900000, 0x0000000083a00000|  0%| F|  |TAMS 0x0000000083900000, 0x0000000083900000| Untracked 
|  58|0x0000000083a00000, 0x0000000083a00000, 0x0000000083b00000|  0%| F|  |TAMS 0x0000000083a00000, 0x0000000083a00000| Untracked 
|  59|0x0000000083b00000, 0x0000000083b00000, 0x0000000083c00000|  0%| F|  |TAMS 0x0000000083b00000, 0x0000000083b00000| Untracked 
|  60|0x0000000083c00000, 0x0000000083c00000, 0x0000000083d00000|  0%| F|  |TAMS 0x0000000083c00000, 0x0000000083c00000| Untracked 
|  61|0x0000000083d00000, 0x0000000083d00000, 0x0000000083e00000|  0%| F|  |TAMS 0x0000000083d00000, 0x0000000083d00000| Untracked 
|  62|0x0000000083e00000, 0x0000000083e00000, 0x0000000083f00000|  0%| F|  |TAMS 0x0000000083e00000, 0x0000000083e00000| Untracked 
|  63|0x0000000083f00000, 0x0000000083f00000, 0x0000000084000000|  0%| F|  |TAMS 0x0000000083f00000, 0x0000000083f00000| Untracked 
|  64|0x0000000084000000, 0x0000000084000000, 0x0000000084100000|  0%| F|  |TAMS 0x0000000084000000, 0x0000000084000000| Untracked 
|  65|0x0000000084100000, 0x0000000084100000, 0x0000000084200000|  0%| F|  |TAMS 0x0000000084100000, 0x0000000084100000| Untracked 
|  66|0x0000000084200000, 0x0000000084200000, 0x0000000084300000|  0%| F|  |TAMS 0x0000000084200000, 0x0000000084200000| Untracked 
|  67|0x0000000084300000, 0x0000000084300000, 0x0000000084400000|  0%| F|  |TAMS 0x0000000084300000, 0x0000000084300000| Untracked 
|  68|0x0000000084400000, 0x0000000084400000, 0x0000000084500000|  0%| F|  |TAMS 0x0000000084400000, 0x0000000084400000| Untracked 
|  69|0x0000000084500000, 0x0000000084500000, 0x0000000084600000|  0%| F|  |TAMS 0x0000000084500000, 0x0000000084500000| Untracked 
|  70|0x0000000084600000, 0x0000000084600000, 0x0000000084700000|  0%| F|  |TAMS 0x0000000084600000, 0x0000000084600000| Untracked 
|  71|0x0000000084700000, 0x0000000084700000, 0x0000000084800000|  0%| F|  |TAMS 0x0000000084700000, 0x0000000084700000| Untracked 
|  72|0x0000000084800000, 0x0000000084800000, 0x0000000084900000|  0%| F|  |TAMS 0x0000000084800000, 0x0000000084800000| Untracked 
|  73|0x0000000084900000, 0x0000000084900000, 0x0000000084a00000|  0%| F|  |TAMS 0x0000000084900000, 0x0000000084900000| Untracked 
|  74|0x0000000084a00000, 0x0000000084a00000, 0x0000000084b00000|  0%| F|  |TAMS 0x0000000084a00000, 0x0000000084a00000| Untracked 
|  75|0x0000000084b00000, 0x0000000084b00000, 0x0000000084c00000|  0%| F|  |TAMS 0x0000000084b00000, 0x0000000084b00000| Untracked 
|  76|0x0000000084c00000, 0x0000000084c00000, 0x0000000084d00000|  0%| F|  |TAMS 0x0000000084c00000, 0x0000000084c00000| Untracked 
|  77|0x0000000084d00000, 0x0000000084d00000, 0x0000000084e00000|  0%| F|  |TAMS 0x0000000084d00000, 0x0000000084d00000| Untracked 
|  78|0x0000000084e00000, 0x0000000084e00000, 0x0000000084f00000|  0%| F|  |TAMS 0x0000000084e00000, 0x0000000084e00000| Untracked 
|  79|0x0000000084f00000, 0x0000000084f00000, 0x0000000085000000|  0%| F|  |TAMS 0x0000000084f00000, 0x0000000084f00000| Untracked 
|  80|0x0000000085000000, 0x0000000085000000, 0x0000000085100000|  0%| F|  |TAMS 0x0000000085000000, 0x0000000085000000| Untracked 
|  81|0x0000000085100000, 0x0000000085100000, 0x0000000085200000|  0%| F|  |TAMS 0x0000000085100000, 0x0000000085100000| Untracked 
|  82|0x0000000085200000, 0x0000000085200000, 0x0000000085300000|  0%| F|  |TAMS 0x0000000085200000, 0x0000000085200000| Untracked 
|  83|0x0000000085300000, 0x0000000085300000, 0x0000000085400000|  0%| F|  |TAMS 0x0000000085300000, 0x0000000085300000| Untracked 
|  84|0x0000000085400000, 0x0000000085400000, 0x0000000085500000|  0%| F|  |TAMS 0x0000000085400000, 0x0000000085400000| Untracked 
|  85|0x0000000085500000, 0x0000000085500000, 0x0000000085600000|  0%| F|  |TAMS 0x0000000085500000, 0x0000000085500000| Untracked 
|  86|0x0000000085600000, 0x0000000085600000, 0x0000000085700000|  0%| F|  |TAMS 0x0000000085600000, 0x0000000085600000| Untracked 
|  87|0x0000000085700000, 0x0000000085700000, 0x0000000085800000|  0%| F|  |TAMS 0x0000000085700000, 0x0000000085700000| Untracked 
|  88|0x0000000085800000, 0x0000000085800000, 0x0000000085900000|  0%| F|  |TAMS 0x0000000085800000, 0x0000000085800000| Untracked 
|  89|0x0000000085900000, 0x0000000085900000, 0x0000000085a00000|  0%| F|  |TAMS 0x0000000085900000, 0x0000000085900000| Untracked 
|  90|0x0000000085a00000, 0x0000000085a00000, 0x0000000085b00000|  0%| F|  |TAMS 0x0000000085a00000, 0x0000000085a00000| Untracked 
|  91|0x0000000085b00000, 0x0000000085b00000, 0x0000000085c00000|  0%| F|  |TAMS 0x0000000085b00000, 0x0000000085b00000| Untracked 
|  92|0x0000000085c00000, 0x0000000085c00000, 0x0000000085d00000|  0%| F|  |TAMS 0x0000000085c00000, 0x0000000085c00000| Untracked 
|  93|0x0000000085d00000, 0x0000000085d00000, 0x0000000085e00000|  0%| F|  |TAMS 0x0000000085d00000, 0x0000000085d00000| Untracked 
|  94|0x0000000085e00000, 0x0000000085e00000, 0x0000000085f00000|  0%| F|  |TAMS 0x0000000085e00000, 0x0000000085e00000| Untracked 
|  95|0x0000000085f00000, 0x0000000085f00000, 0x0000000086000000|  0%| F|  |TAMS 0x0000000085f00000, 0x0000000085f00000| Untracked 
|  96|0x0000000086000000, 0x0000000086000000, 0x0000000086100000|  0%| F|  |TAMS 0x0000000086000000, 0x0000000086000000| Untracked 
|  97|0x0000000086100000, 0x0000000086100000, 0x0000000086200000|  0%| F|  |TAMS 0x0000000086100000, 0x0000000086100000| Untracked 
|  98|0x0000000086200000, 0x0000000086200000, 0x0000000086300000|  0%| F|  |TAMS 0x0000000086200000, 0x0000000086200000| Untracked 
|  99|0x0000000086300000, 0x0000000086300000, 0x0000000086400000|  0%| F|  |TAMS 0x0000000086300000, 0x0000000086300000| Untracked 
| 100|0x0000000086400000, 0x0000000086400000, 0x0000000086500000|  0%| F|  |TAMS 0x0000000086400000, 0x0000000086400000| Untracked 
| 101|0x0000000086500000, 0x0000000086500000, 0x0000000086600000|  0%| F|  |TAMS 0x0000000086500000, 0x0000000086500000| Untracked 
| 102|0x0000000086600000, 0x0000000086600000, 0x0000000086700000|  0%| F|  |TAMS 0x0000000086600000, 0x0000000086600000| Untracked 
| 103|0x0000000086700000, 0x0000000086700000, 0x0000000086800000|  0%| F|  |TAMS 0x0000000086700000, 0x0000000086700000| Untracked 
| 104|0x0000000086800000, 0x0000000086800000, 0x0000000086900000|  0%| F|  |TAMS 0x0000000086800000, 0x0000000086800000| Untracked 
| 105|0x0000000086900000, 0x0000000086900000, 0x0000000086a00000|  0%| F|  |TAMS 0x0000000086900000, 0x0000000086900000| Untracked 
| 106|0x0000000086a00000, 0x0000000086a00000, 0x0000000086b00000|  0%| F|  |TAMS 0x0000000086a00000, 0x0000000086a00000| Untracked 
| 107|0x0000000086b00000, 0x0000000086b00000, 0x0000000086c00000|  0%| F|  |TAMS 0x0000000086b00000, 0x0000000086b00000| Untracked 
| 108|0x0000000086c00000, 0x0000000086c00000, 0x0000000086d00000|  0%| F|  |TAMS 0x0000000086c00000, 0x0000000086c00000| Untracked 
| 109|0x0000000086d00000, 0x0000000086d00000, 0x0000000086e00000|  0%| F|  |TAMS 0x0000000086d00000, 0x0000000086d00000| Untracked 
| 110|0x0000000086e00000, 0x0000000086e80800, 0x0000000086f00000| 50%| E|  |TAMS 0x0000000086e00000, 0x0000000086e00000| Complete 
| 111|0x0000000086f00000, 0x0000000087000000, 0x0000000087000000|100%| E|CS|TAMS 0x0000000086f00000, 0x0000000086f00000| Complete 
| 112|0x0000000087000000, 0x0000000087100000, 0x0000000087100000|100%| E|CS|TAMS 0x0000000087000000, 0x0000000087000000| Complete 
| 113|0x0000000087100000, 0x0000000087200000, 0x0000000087200000|100%| E|CS|TAMS 0x0000000087100000, 0x0000000087100000| Complete 
| 114|0x0000000087200000, 0x00000000872b2ce8, 0x0000000087300000| 69%| S|CS|TAMS 0x0000000087200000, 0x0000000087200000| Complete 
| 115|0x0000000087300000, 0x0000000087400000, 0x0000000087400000|100%| S|CS|TAMS 0x0000000087300000, 0x0000000087300000| Complete 
| 116|0x0000000087400000, 0x0000000087500000, 0x0000000087500000|100%| S|CS|TAMS 0x0000000087400000, 0x0000000087400000| Complete 
| 117|0x0000000087500000, 0x0000000087600000, 0x0000000087600000|100%| S|CS|TAMS 0x0000000087500000, 0x0000000087500000| Complete 
| 118|0x0000000087600000, 0x0000000087700000, 0x0000000087700000|100%| S|CS|TAMS 0x0000000087600000, 0x0000000087600000| Complete 
| 119|0x0000000087700000, 0x0000000087800000, 0x0000000087800000|100%| S|CS|TAMS 0x0000000087700000, 0x0000000087700000| Complete 
| 120|0x0000000087800000, 0x0000000087900000, 0x0000000087900000|100%| S|CS|TAMS 0x0000000087800000, 0x0000000087800000| Complete 
| 121|0x0000000087900000, 0x0000000087a00000, 0x0000000087a00000|100%| S|CS|TAMS 0x0000000087900000, 0x0000000087900000| Complete 
| 122|0x0000000087a00000, 0x0000000087b00000, 0x0000000087b00000|100%| S|CS|TAMS 0x0000000087a00000, 0x0000000087a00000| Complete 
| 123|0x0000000087b00000, 0x0000000087c00000, 0x0000000087c00000|100%| S|CS|TAMS 0x0000000087b00000, 0x0000000087b00000| Complete 
| 124|0x0000000087c00000, 0x0000000087d00000, 0x0000000087d00000|100%| S|CS|TAMS 0x0000000087c00000, 0x0000000087c00000| Complete 
| 125|0x0000000087d00000, 0x0000000087e00000, 0x0000000087e00000|100%| S|CS|TAMS 0x0000000087d00000, 0x0000000087d00000| Complete 
| 126|0x0000000087e00000, 0x0000000087f00000, 0x0000000087f00000|100%| S|CS|TAMS 0x0000000087e00000, 0x0000000087e00000| Complete 
| 127|0x0000000087f00000, 0x0000000088000000, 0x0000000088000000|100%| E|CS|TAMS 0x0000000087f00000, 0x0000000087f00000| Complete 
| 128|0x0000000088000000, 0x0000000088100000, 0x0000000088100000|100%| E|CS|TAMS 0x0000000088000000, 0x0000000088000000| Complete 
| 129|0x0000000088100000, 0x0000000088200000, 0x0000000088200000|100%| E|CS|TAMS 0x0000000088100000, 0x0000000088100000| Complete 
| 130|0x0000000088200000, 0x0000000088300000, 0x0000000088300000|100%| E|CS|TAMS 0x0000000088200000, 0x0000000088200000| Complete 
| 131|0x0000000088300000, 0x0000000088400000, 0x0000000088400000|100%| E|CS|TAMS 0x0000000088300000, 0x0000000088300000| Complete 
| 132|0x0000000088400000, 0x0000000088500000, 0x0000000088500000|100%| E|CS|TAMS 0x0000000088400000, 0x0000000088400000| Complete 
| 133|0x0000000088500000, 0x0000000088600000, 0x0000000088600000|100%| E|CS|TAMS 0x0000000088500000, 0x0000000088500000| Complete 
| 134|0x0000000088600000, 0x0000000088700000, 0x0000000088700000|100%| E|CS|TAMS 0x0000000088600000, 0x0000000088600000| Complete 
| 135|0x0000000088700000, 0x0000000088800000, 0x0000000088800000|100%| E|CS|TAMS 0x0000000088700000, 0x0000000088700000| Complete 
| 136|0x0000000088800000, 0x0000000088900000, 0x0000000088900000|100%| E|CS|TAMS 0x0000000088800000, 0x0000000088800000| Complete 
| 137|0x0000000088900000, 0x0000000088a00000, 0x0000000088a00000|100%| E|CS|TAMS 0x0000000088900000, 0x0000000088900000| Complete 
| 138|0x0000000088a00000, 0x0000000088b00000, 0x0000000088b00000|100%| E|CS|TAMS 0x0000000088a00000, 0x0000000088a00000| Complete 
| 139|0x0000000088b00000, 0x0000000088c00000, 0x0000000088c00000|100%| E|CS|TAMS 0x0000000088b00000, 0x0000000088b00000| Complete 
| 140|0x0000000088c00000, 0x0000000088d00000, 0x0000000088d00000|100%| E|CS|TAMS 0x0000000088c00000, 0x0000000088c00000| Complete 
| 141|0x0000000088d00000, 0x0000000088e00000, 0x0000000088e00000|100%| E|CS|TAMS 0x0000000088d00000, 0x0000000088d00000| Complete 
| 142|0x0000000088e00000, 0x0000000088f00000, 0x0000000088f00000|100%| E|CS|TAMS 0x0000000088e00000, 0x0000000088e00000| Complete 
| 143|0x0000000088f00000, 0x0000000089000000, 0x0000000089000000|100%| E|CS|TAMS 0x0000000088f00000, 0x0000000088f00000| Complete 
| 144|0x0000000089000000, 0x0000000089100000, 0x0000000089100000|100%| E|CS|TAMS 0x0000000089000000, 0x0000000089000000| Complete 
| 145|0x0000000089100000, 0x0000000089200000, 0x0000000089200000|100%| E|CS|TAMS 0x0000000089100000, 0x0000000089100000| Complete 
| 146|0x0000000089200000, 0x0000000089300000, 0x0000000089300000|100%| E|CS|TAMS 0x0000000089200000, 0x0000000089200000| Complete 
| 147|0x0000000089300000, 0x0000000089400000, 0x0000000089400000|100%| E|CS|TAMS 0x0000000089300000, 0x0000000089300000| Complete 
| 148|0x0000000089400000, 0x0000000089500000, 0x0000000089500000|100%| E|CS|TAMS 0x0000000089400000, 0x0000000089400000| Complete 
| 149|0x0000000089500000, 0x0000000089600000, 0x0000000089600000|100%| E|CS|TAMS 0x0000000089500000, 0x0000000089500000| Complete 
| 150|0x0000000089600000, 0x0000000089700000, 0x0000000089700000|100%| E|CS|TAMS 0x0000000089600000, 0x0000000089600000| Complete 
| 151|0x0000000089700000, 0x0000000089800000, 0x0000000089800000|100%| E|CS|TAMS 0x0000000089700000, 0x0000000089700000| Complete 
| 152|0x0000000089800000, 0x0000000089900000, 0x0000000089900000|100%| E|CS|TAMS 0x0000000089800000, 0x0000000089800000| Complete 
| 153|0x0000000089900000, 0x0000000089a00000, 0x0000000089a00000|100%| E|CS|TAMS 0x0000000089900000, 0x0000000089900000| Complete 
| 154|0x0000000089a00000, 0x0000000089b00000, 0x0000000089b00000|100%| E|CS|TAMS 0x0000000089a00000, 0x0000000089a00000| Complete 
| 155|0x0000000089b00000, 0x0000000089c00000, 0x0000000089c00000|100%| E|CS|TAMS 0x0000000089b00000, 0x0000000089b00000| Complete 
| 156|0x0000000089c00000, 0x0000000089d00000, 0x0000000089d00000|100%| E|CS|TAMS 0x0000000089c00000, 0x0000000089c00000| Complete 
| 157|0x0000000089d00000, 0x0000000089e00000, 0x0000000089e00000|100%| E|CS|TAMS 0x0000000089d00000, 0x0000000089d00000| Complete 
| 158|0x0000000089e00000, 0x0000000089f00000, 0x0000000089f00000|100%| E|CS|TAMS 0x0000000089e00000, 0x0000000089e00000| Complete 
| 159|0x0000000089f00000, 0x000000008a000000, 0x000000008a000000|100%| E|CS|TAMS 0x0000000089f00000, 0x0000000089f00000| Complete 
| 160|0x000000008a000000, 0x000000008a100000, 0x000000008a100000|100%| E|CS|TAMS 0x000000008a000000, 0x000000008a000000| Complete 
| 161|0x000000008a100000, 0x000000008a200000, 0x000000008a200000|100%| E|CS|TAMS 0x000000008a100000, 0x000000008a100000| Complete 
| 162|0x000000008a200000, 0x000000008a300000, 0x000000008a300000|100%| E|CS|TAMS 0x000000008a200000, 0x000000008a200000| Complete 
| 163|0x000000008a300000, 0x000000008a400000, 0x000000008a400000|100%| E|CS|TAMS 0x000000008a300000, 0x000000008a300000| Complete 
| 164|0x000000008a400000, 0x000000008a500000, 0x000000008a500000|100%| E|CS|TAMS 0x000000008a400000, 0x000000008a400000| Complete 
| 165|0x000000008a500000, 0x000000008a600000, 0x000000008a600000|100%| E|CS|TAMS 0x000000008a500000, 0x000000008a500000| Complete 
| 166|0x000000008a600000, 0x000000008a700000, 0x000000008a700000|100%| E|CS|TAMS 0x000000008a600000, 0x000000008a600000| Complete 
| 167|0x000000008a700000, 0x000000008a800000, 0x000000008a800000|100%| E|CS|TAMS 0x000000008a700000, 0x000000008a700000| Complete 
| 168|0x000000008a800000, 0x000000008a900000, 0x000000008a900000|100%| E|CS|TAMS 0x000000008a800000, 0x000000008a800000| Complete 
| 169|0x000000008a900000, 0x000000008aa00000, 0x000000008aa00000|100%| E|CS|TAMS 0x000000008a900000, 0x000000008a900000| Complete 
| 170|0x000000008aa00000, 0x000000008ab00000, 0x000000008ab00000|100%| E|CS|TAMS 0x000000008aa00000, 0x000000008aa00000| Complete 
| 171|0x000000008ab00000, 0x000000008ac00000, 0x000000008ac00000|100%| E|CS|TAMS 0x000000008ab00000, 0x000000008ab00000| Complete 
| 172|0x000000008ac00000, 0x000000008ad00000, 0x000000008ad00000|100%| E|CS|TAMS 0x000000008ac00000, 0x000000008ac00000| Complete 
| 173|0x000000008ad00000, 0x000000008ae00000, 0x000000008ae00000|100%| E|CS|TAMS 0x000000008ad00000, 0x000000008ad00000| Complete 
| 174|0x000000008ae00000, 0x000000008af00000, 0x000000008af00000|100%| E|CS|TAMS 0x000000008ae00000, 0x000000008ae00000| Complete 
| 175|0x000000008af00000, 0x000000008b000000, 0x000000008b000000|100%| E|CS|TAMS 0x000000008af00000, 0x000000008af00000| Complete 
| 176|0x000000008b000000, 0x000000008b100000, 0x000000008b100000|100%| E|CS|TAMS 0x000000008b000000, 0x000000008b000000| Complete 
| 177|0x000000008b100000, 0x000000008b200000, 0x000000008b200000|100%| E|CS|TAMS 0x000000008b100000, 0x000000008b100000| Complete 
| 178|0x000000008b200000, 0x000000008b300000, 0x000000008b300000|100%| E|CS|TAMS 0x000000008b200000, 0x000000008b200000| Complete 
| 179|0x000000008b300000, 0x000000008b400000, 0x000000008b400000|100%| E|CS|TAMS 0x000000008b300000, 0x000000008b300000| Complete 
| 180|0x000000008b400000, 0x000000008b500000, 0x000000008b500000|100%| E|CS|TAMS 0x000000008b400000, 0x000000008b400000| Complete 
| 181|0x000000008b500000, 0x000000008b600000, 0x000000008b600000|100%| E|CS|TAMS 0x000000008b500000, 0x000000008b500000| Complete 
| 182|0x000000008b600000, 0x000000008b700000, 0x000000008b700000|100%| E|CS|TAMS 0x000000008b600000, 0x000000008b600000| Complete 
| 183|0x000000008b700000, 0x000000008b800000, 0x000000008b800000|100%| E|CS|TAMS 0x000000008b700000, 0x000000008b700000| Complete 
| 184|0x000000008b800000, 0x000000008b900000, 0x000000008b900000|100%| E|  |TAMS 0x000000008b800000, 0x000000008b800000| Complete 
| 185|0x000000008b900000, 0x000000008ba00000, 0x000000008ba00000|100%| E|CS|TAMS 0x000000008b900000, 0x000000008b900000| Complete 
| 186|0x000000008ba00000, 0x000000008bb00000, 0x000000008bb00000|100%| E|CS|TAMS 0x000000008ba00000, 0x000000008ba00000| Complete 
| 187|0x000000008bb00000, 0x000000008bc00000, 0x000000008bc00000|100%| E|CS|TAMS 0x000000008bb00000, 0x000000008bb00000| Complete 
| 188|0x000000008bc00000, 0x000000008bd00000, 0x000000008bd00000|100%| E|CS|TAMS 0x000000008bc00000, 0x000000008bc00000| Complete 
| 189|0x000000008bd00000, 0x000000008be00000, 0x000000008be00000|100%| E|CS|TAMS 0x000000008bd00000, 0x000000008bd00000| Complete 
| 190|0x000000008be00000, 0x000000008bf00000, 0x000000008bf00000|100%| E|CS|TAMS 0x000000008be00000, 0x000000008be00000| Complete 
| 191|0x000000008bf00000, 0x000000008c000000, 0x000000008c000000|100%| E|CS|TAMS 0x000000008bf00000, 0x000000008bf00000| Complete 
| 192|0x000000008c000000, 0x000000008c100000, 0x000000008c100000|100%| E|CS|TAMS 0x000000008c000000, 0x000000008c000000| Complete 
| 193|0x000000008c100000, 0x000000008c200000, 0x000000008c200000|100%| E|CS|TAMS 0x000000008c100000, 0x000000008c100000| Complete 
| 194|0x000000008c200000, 0x000000008c300000, 0x000000008c300000|100%| E|CS|TAMS 0x000000008c200000, 0x000000008c200000| Complete 
| 195|0x000000008c300000, 0x000000008c400000, 0x000000008c400000|100%| E|CS|TAMS 0x000000008c300000, 0x000000008c300000| Complete 
| 196|0x000000008c400000, 0x000000008c500000, 0x000000008c500000|100%| E|CS|TAMS 0x000000008c400000, 0x000000008c400000| Complete 
| 197|0x000000008c500000, 0x000000008c600000, 0x000000008c600000|100%| E|CS|TAMS 0x000000008c500000, 0x000000008c500000| Complete 
| 198|0x000000008c600000, 0x000000008c700000, 0x000000008c700000|100%| E|CS|TAMS 0x000000008c600000, 0x000000008c600000| Complete 
| 199|0x000000008c700000, 0x000000008c800000, 0x000000008c800000|100%| E|CS|TAMS 0x000000008c700000, 0x000000008c700000| Complete 
| 200|0x000000008c800000, 0x000000008c900000, 0x000000008c900000|100%| E|CS|TAMS 0x000000008c800000, 0x000000008c800000| Complete 
| 201|0x000000008c900000, 0x000000008ca00000, 0x000000008ca00000|100%| E|CS|TAMS 0x000000008c900000, 0x000000008c900000| Complete 
| 202|0x000000008ca00000, 0x000000008cb00000, 0x000000008cb00000|100%| E|CS|TAMS 0x000000008ca00000, 0x000000008ca00000| Complete 
| 203|0x000000008cb00000, 0x000000008cc00000, 0x000000008cc00000|100%| E|CS|TAMS 0x000000008cb00000, 0x000000008cb00000| Complete 
| 204|0x000000008cc00000, 0x000000008cd00000, 0x000000008cd00000|100%| E|CS|TAMS 0x000000008cc00000, 0x000000008cc00000| Complete 
| 205|0x000000008cd00000, 0x000000008ce00000, 0x000000008ce00000|100%| E|CS|TAMS 0x000000008cd00000, 0x000000008cd00000| Complete 
| 206|0x000000008ce00000, 0x000000008cf00000, 0x000000008cf00000|100%| E|CS|TAMS 0x000000008ce00000, 0x000000008ce00000| Complete 
| 207|0x000000008cf00000, 0x000000008d000000, 0x000000008d000000|100%| E|CS|TAMS 0x000000008cf00000, 0x000000008cf00000| Complete 
| 208|0x000000008d000000, 0x000000008d100000, 0x000000008d100000|100%| E|CS|TAMS 0x000000008d000000, 0x000000008d000000| Complete 
| 209|0x000000008d100000, 0x000000008d200000, 0x000000008d200000|100%| E|CS|TAMS 0x000000008d100000, 0x000000008d100000| Complete 
| 210|0x000000008d200000, 0x000000008d300000, 0x000000008d300000|100%| E|CS|TAMS 0x000000008d200000, 0x000000008d200000| Complete 
| 211|0x000000008d300000, 0x000000008d400000, 0x000000008d400000|100%| E|CS|TAMS 0x000000008d300000, 0x000000008d300000| Complete 
| 212|0x000000008d400000, 0x000000008d500000, 0x000000008d500000|100%| E|CS|TAMS 0x000000008d400000, 0x000000008d400000| Complete 
| 213|0x000000008d500000, 0x000000008d600000, 0x000000008d600000|100%| E|CS|TAMS 0x000000008d500000, 0x000000008d500000| Complete 
| 214|0x000000008d600000, 0x000000008d700000, 0x000000008d700000|100%| E|CS|TAMS 0x000000008d600000, 0x000000008d600000| Complete 
| 215|0x000000008d700000, 0x000000008d800000, 0x000000008d800000|100%| E|CS|TAMS 0x000000008d700000, 0x000000008d700000| Complete 
| 216|0x000000008d800000, 0x000000008d900000, 0x000000008d900000|100%| E|CS|TAMS 0x000000008d800000, 0x000000008d800000| Complete 
| 217|0x000000008d900000, 0x000000008da00000, 0x000000008da00000|100%| E|CS|TAMS 0x000000008d900000, 0x000000008d900000| Complete 
| 218|0x000000008da00000, 0x000000008db00000, 0x000000008db00000|100%| E|CS|TAMS 0x000000008da00000, 0x000000008da00000| Complete 
| 219|0x000000008db00000, 0x000000008dc00000, 0x000000008dc00000|100%| E|CS|TAMS 0x000000008db00000, 0x000000008db00000| Complete 
| 220|0x000000008dc00000, 0x000000008dd00000, 0x000000008dd00000|100%| E|CS|TAMS 0x000000008dc00000, 0x000000008dc00000| Complete 
| 221|0x000000008dd00000, 0x000000008de00000, 0x000000008de00000|100%| E|CS|TAMS 0x000000008dd00000, 0x000000008dd00000| Complete 
| 222|0x000000008de00000, 0x000000008df00000, 0x000000008df00000|100%| E|CS|TAMS 0x000000008de00000, 0x000000008de00000| Complete 
| 223|0x000000008df00000, 0x000000008e000000, 0x000000008e000000|100%| E|CS|TAMS 0x000000008df00000, 0x000000008df00000| Complete 
| 224|0x000000008e000000, 0x000000008e100000, 0x000000008e100000|100%| E|CS|TAMS 0x000000008e000000, 0x000000008e000000| Complete 
| 225|0x000000008e100000, 0x000000008e200000, 0x000000008e200000|100%| E|CS|TAMS 0x000000008e100000, 0x000000008e100000| Complete 
| 226|0x000000008e200000, 0x000000008e300000, 0x000000008e300000|100%| E|CS|TAMS 0x000000008e200000, 0x000000008e200000| Complete 
| 227|0x000000008e300000, 0x000000008e400000, 0x000000008e400000|100%| E|CS|TAMS 0x000000008e300000, 0x000000008e300000| Complete 
| 228|0x000000008e400000, 0x000000008e500000, 0x000000008e500000|100%| E|CS|TAMS 0x000000008e400000, 0x000000008e400000| Complete 
| 229|0x000000008e500000, 0x000000008e600000, 0x000000008e600000|100%| E|CS|TAMS 0x000000008e500000, 0x000000008e500000| Complete 
| 230|0x000000008e600000, 0x000000008e700000, 0x000000008e700000|100%| E|CS|TAMS 0x000000008e600000, 0x000000008e600000| Complete 
| 231|0x000000008e700000, 0x000000008e800000, 0x000000008e800000|100%| E|CS|TAMS 0x000000008e700000, 0x000000008e700000| Complete 
| 232|0x000000008e800000, 0x000000008e900000, 0x000000008e900000|100%| E|CS|TAMS 0x000000008e800000, 0x000000008e800000| Complete 
| 233|0x000000008e900000, 0x000000008ea00000, 0x000000008ea00000|100%| E|CS|TAMS 0x000000008e900000, 0x000000008e900000| Complete 
| 234|0x000000008ea00000, 0x000000008eb00000, 0x000000008eb00000|100%| E|CS|TAMS 0x000000008ea00000, 0x000000008ea00000| Complete 
| 235|0x000000008eb00000, 0x000000008ec00000, 0x000000008ec00000|100%| E|CS|TAMS 0x000000008eb00000, 0x000000008eb00000| Complete 
| 236|0x000000008ec00000, 0x000000008ed00000, 0x000000008ed00000|100%| E|CS|TAMS 0x000000008ec00000, 0x000000008ec00000| Complete 
| 237|0x000000008ed00000, 0x000000008ee00000, 0x000000008ee00000|100%| E|CS|TAMS 0x000000008ed00000, 0x000000008ed00000| Complete 
| 238|0x000000008ee00000, 0x000000008ef00000, 0x000000008ef00000|100%| E|CS|TAMS 0x000000008ee00000, 0x000000008ee00000| Complete 
| 239|0x000000008ef00000, 0x000000008f000000, 0x000000008f000000|100%| E|CS|TAMS 0x000000008ef00000, 0x000000008ef00000| Complete 
| 240|0x000000008f000000, 0x000000008f100000, 0x000000008f100000|100%| E|CS|TAMS 0x000000008f000000, 0x000000008f000000| Complete 
| 241|0x000000008f100000, 0x000000008f200000, 0x000000008f200000|100%| E|CS|TAMS 0x000000008f100000, 0x000000008f100000| Complete 
| 242|0x000000008f200000, 0x000000008f300000, 0x000000008f300000|100%| E|CS|TAMS 0x000000008f200000, 0x000000008f200000| Complete 
| 243|0x000000008f300000, 0x000000008f400000, 0x000000008f400000|100%| E|CS|TAMS 0x000000008f300000, 0x000000008f300000| Complete 
| 244|0x000000008f400000, 0x000000008f500000, 0x000000008f500000|100%| E|CS|TAMS 0x000000008f400000, 0x000000008f400000| Complete 
| 245|0x000000008f500000, 0x000000008f600000, 0x000000008f600000|100%| E|CS|TAMS 0x000000008f500000, 0x000000008f500000| Complete 
| 246|0x000000008f600000, 0x000000008f700000, 0x000000008f700000|100%| E|CS|TAMS 0x000000008f600000, 0x000000008f600000| Complete 
| 247|0x000000008f700000, 0x000000008f800000, 0x000000008f800000|100%| E|CS|TAMS 0x000000008f700000, 0x000000008f700000| Complete 
| 248|0x000000008f800000, 0x000000008f900000, 0x000000008f900000|100%| E|CS|TAMS 0x000000008f800000, 0x000000008f800000| Complete 
| 249|0x000000008f900000, 0x000000008fa00000, 0x000000008fa00000|100%| E|CS|TAMS 0x000000008f900000, 0x000000008f900000| Complete 
| 250|0x000000008fa00000, 0x000000008fb00000, 0x000000008fb00000|100%| E|CS|TAMS 0x000000008fa00000, 0x000000008fa00000| Complete 
| 251|0x000000008fb00000, 0x000000008fc00000, 0x000000008fc00000|100%| E|CS|TAMS 0x000000008fb00000, 0x000000008fb00000| Complete 
| 252|0x000000008fc00000, 0x000000008fd00000, 0x000000008fd00000|100%| E|CS|TAMS 0x000000008fc00000, 0x000000008fc00000| Complete 
| 253|0x000000008fd00000, 0x000000008fe00000, 0x000000008fe00000|100%| E|CS|TAMS 0x000000008fd00000, 0x000000008fd00000| Complete 
| 254|0x000000008fe00000, 0x000000008ff00000, 0x000000008ff00000|100%| E|CS|TAMS 0x000000008fe00000, 0x000000008fe00000| Complete 
| 255|0x000000008ff00000, 0x0000000090000000, 0x0000000090000000|100%| E|CS|TAMS 0x000000008ff00000, 0x000000008ff00000| Complete 

Card table byte_map: [0x0000024f149a0000,0x0000024f14da0000] _byte_map_base: 0x0000024f145a0000

Marking Bits (Prev, Next): (CMBitMap*) 0x0000024f0146b828, (CMBitMap*) 0x0000024f0146b860
 Prev Bits: [0x0000024f151a0000, 0x0000024f171a0000)
 Next Bits: [0x0000024f171a0000, 0x0000024f191a0000)

Polling page: 0x0000024f04f50000

Metaspace:

Usage:
  Non-class:     49.72 MB capacity,    48.80 MB ( 98%) used,   795.61 KB (  2%) free+waste,   147.06 KB ( <1%) overhead. 
      Class:      7.53 MB capacity,     7.01 MB ( 93%) used,   456.88 KB (  6%) free+waste,    69.50 KB ( <1%) overhead. 
       Both:     57.25 MB capacity,    55.81 MB ( 97%) used,     1.22 MB (  2%) free+waste,   216.56 KB ( <1%) overhead. 

Virtual space:
  Non-class space:       50.00 MB reserved,      49.83 MB (>99%) committed 
      Class space:        1.00 GB reserved,       7.63 MB ( <1%) committed 
             Both:        1.05 GB reserved,      57.45 MB (  5%) committed 

Chunk freelists:
   Non-Class:  46.00 KB
       Class:  3.00 KB
        Both:  49.00 KB

MaxMetaspaceSize: 17179869184.00 GB
CompressedClassSpaceSize: 1.00 GB
Initial GC threshold: 20.80 MB
Current GC threshold: 58.88 MB
CDS: off

CodeHeap 'non-profiled nmethods': size=120064Kb used=3289Kb max_used=3289Kb free=116774Kb
 bounds [0x0000024f0ca30000, 0x0000024f0cd70000, 0x0000024f13f70000]
CodeHeap 'profiled nmethods': size=120000Kb used=11978Kb max_used=11978Kb free=108021Kb
 bounds [0x0000024f05500000, 0x0000024f060c0000, 0x0000024f0ca30000]
CodeHeap 'non-nmethods': size=5696Kb used=2315Kb max_used=2344Kb free=3381Kb
 bounds [0x0000024f04f70000, 0x0000024f051e0000, 0x0000024f05500000]
 total_blobs=6568 nmethods=5747 adapters=733
 compilation: enabled
              stopped_count=0, restarted_count=0
 full_count=0

Compilation events (20 events):
Event: 9.630 Thread 0x0000024f1c0c5000 5751       3       org.gradle.internal.instantiation.generator.ManagedObjectFactory::getObjectFactory (15 bytes)
Event: 9.630 Thread 0x0000024f1c0c5000 nmethod 5751 0x0000024f060aa490 code [0x0000024f060aa660, 0x0000024f060aa928]
Event: 9.631 Thread 0x0000024f1c0c5000 5752       3       com.google.common.collect.AbstractIndexedListIterator::hasNext (17 bytes)
Event: 9.631 Thread 0x0000024f1c0c5000 nmethod 5752 0x0000024f060aaa10 code [0x0000024f060aabc0, 0x0000024f060aad18]
Event: 9.631 Thread 0x0000024f1c0c5000 5753       3       org.gradle.internal.service.DefaultServiceRegistry::add (23 bytes)
Event: 9.632 Thread 0x0000024f1c0c5000 nmethod 5753 0x0000024f060aad90 code [0x0000024f060ab000, 0x0000024f060abb58]
Event: 9.632 Thread 0x0000024f1c0c5000 5755       3       java.lang.Class::arrayContentsEq (70 bytes)
Event: 9.632 Thread 0x0000024f1c0c5000 nmethod 5755 0x0000024f060ac010 code [0x0000024f060ac1e0, 0x0000024f060ac5d8]
Event: 9.632 Thread 0x0000024f1c0c5000 5754       3       org.gradle.internal.service.DefaultServiceRegistry$FixedInstanceService::<init> (12 bytes)
Event: 9.632 Thread 0x0000024f1c0c5000 nmethod 5754 0x0000024f060ac710 code [0x0000024f060ac960, 0x0000024f060ad358]
Event: 9.632 Thread 0x0000024f1c0c5000 5756       3       java.lang.Class::isMemberClass (20 bytes)
Event: 9.632 Thread 0x0000024f1c0c5000 nmethod 5756 0x0000024f060ad710 code [0x0000024f060ad900, 0x0000024f060adc28]
Event: 9.632 Thread 0x0000024f1c0c5000 5757       3       com.google.common.collect.RegularImmutableList::internalArrayEnd (6 bytes)
Event: 9.633 Thread 0x0000024f1c0c5000 nmethod 5757 0x0000024f060add90 code [0x0000024f060adf40, 0x0000024f060ae058]
Event: 9.633 Thread 0x0000024f1c0c5000 5759       3       org.gradle.api.internal.provider.Providers::internal (8 bytes)
Event: 9.633 Thread 0x0000024f1c0c5000 nmethod 5759 0x0000024f060ae110 code [0x0000024f060ae2c0, 0x0000024f060ae4f8]
Event: 9.633 Thread 0x0000024f1c0c5000 5758       3       java.lang.reflect.AccessibleObject::verifyAccess (84 bytes)
Event: 9.633 Thread 0x0000024f1c0c5000 nmethod 5758 0x0000024f060ae610 code [0x0000024f060ae800, 0x0000024f060aee28]
Event: 9.633 Thread 0x0000024f1c0c5000 5760       3       com.google.common.collect.RegularImmutableMap::createEntrySet (13 bytes)
Event: 9.633 Thread 0x0000024f1c0c5000 nmethod 5760 0x0000024f060aef90 code [0x0000024f060af1a0, 0x0000024f060af728]

GC Heap History (12 events):
Event: 0.430 GC heap before
{Heap before GC invocations=0 (full 0):
 garbage-first heap   total 262144K, used 17408K [0x0000000080000000, 0x0000000100000000)
  region size 1024K, 14 young (14336K), 0 survivors (0K)
 Metaspace       used 6741K, capacity 6929K, committed 7168K, reserved 1056768K
  class space    used 572K, capacity 650K, committed 768K, reserved 1048576K
}
Event: 0.435 GC heap after
{Heap after GC invocations=1 (full 0):
 garbage-first heap   total 262144K, used 4508K [0x0000000080000000, 0x0000000100000000)
  region size 1024K, 2 young (2048K), 2 survivors (2048K)
 Metaspace       used 6741K, capacity 6929K, committed 7168K, reserved 1056768K
  class space    used 572K, capacity 650K, committed 768K, reserved 1048576K
}
Event: 2.663 GC heap before
{Heap before GC invocations=1 (full 0):
 garbage-first heap   total 262144K, used 121244K [0x0000000080000000, 0x0000000100000000)
  region size 1024K, 114 young (116736K), 2 survivors (2048K)
 Metaspace       used 20790K, capacity 21191K, committed 21296K, reserved 1069056K
  class space    used 2528K, capacity 2686K, committed 2688K, reserved 1048576K
}
Event: 2.673 GC heap after
{Heap after GC invocations=2 (full 0):
 garbage-first heap   total 262144K, used 17249K [0x0000000080000000, 0x0000000100000000)
  region size 1024K, 12 young (12288K), 12 survivors (12288K)
 Metaspace       used 20790K, capacity 21191K, committed 21296K, reserved 1069056K
  class space    used 2528K, capacity 2686K, committed 2688K, reserved 1048576K
}
Event: 2.958 GC heap before
{Heap before GC invocations=3 (full 0):
 garbage-first heap   total 262144K, used 47969K [0x0000000080000000, 0x0000000100000000)
  region size 1024K, 42 young (43008K), 12 survivors (12288K)
 Metaspace       used 23978K, capacity 24575K, committed 24752K, reserved 1071104K
  class space    used 3027K, capacity 3223K, committed 3328K, reserved 1048576K
}
Event: 2.969 GC heap after
{Heap after GC invocations=4 (full 0):
 garbage-first heap   total 262144K, used 18412K [0x0000000080000000, 0x0000000100000000)
  region size 1024K, 2 young (2048K), 2 survivors (2048K)
 Metaspace       used 23978K, capacity 24575K, committed 24752K, reserved 1071104K
  class space    used 3027K, capacity 3223K, committed 3328K, reserved 1048576K
}
Event: 4.040 GC heap before
{Heap before GC invocations=4 (full 0):
 garbage-first heap   total 262144K, used 97260K [0x0000000080000000, 0x0000000100000000)
  region size 1024K, 79 young (80896K), 2 survivors (2048K)
 Metaspace       used 32055K, capacity 32847K, committed 32944K, reserved 1077248K
  class space    used 4239K, capacity 4519K, committed 4608K, reserved 1048576K
}
Event: 4.045 GC heap after
{Heap after GC invocations=5 (full 0):
 garbage-first heap   total 262144K, used 21065K [0x0000000080000000, 0x0000000100000000)
  region size 1024K, 5 young (5120K), 5 survivors (5120K)
 Metaspace       used 32055K, capacity 32847K, committed 32944K, reserved 1077248K
  class space    used 4239K, capacity 4519K, committed 4608K, reserved 1048576K
}
Event: 4.186 GC heap before
{Heap before GC invocations=5 (full 0):
 garbage-first heap   total 262144K, used 27209K [0x0000000080000000, 0x0000000100000000)
  region size 1024K, 12 young (12288K), 5 survivors (5120K)
 Metaspace       used 35053K, capacity 35762K, committed 35920K, reserved 1081344K
  class space    used 4500K, capacity 4790K, committed 4864K, reserved 1048576K
}
Event: 4.200 GC heap after
{Heap after GC invocations=6 (full 0):
 garbage-first heap   total 262144K, used 22318K [0x0000000080000000, 0x0000000100000000)
  region size 1024K, 6 young (6144K), 6 survivors (6144K)
 Metaspace       used 35053K, capacity 35762K, committed 35920K, reserved 1081344K
  class space    used 4500K, capacity 4790K, committed 4864K, reserved 1048576K
}
Event: 5.688 GC heap before
{Heap before GC invocations=7 (full 0):
 garbage-first heap   total 262144K, used 151342K [0x0000000080000000, 0x0000000100000000)
  region size 1024K, 129 young (132096K), 6 survivors (6144K)
 Metaspace       used 45438K, capacity 46533K, committed 46800K, reserved 1089536K
  class space    used 5766K, capacity 6149K, committed 6272K, reserved 1048576K
}
Event: 5.701 GC heap after
{Heap after GC invocations=8 (full 0):
 garbage-first heap   total 262144K, used 29664K [0x0000000080000000, 0x0000000100000000)
  region size 1024K, 13 young (13312K), 13 survivors (13312K)
 Metaspace       used 45438K, capacity 46533K, committed 46800K, reserved 1089536K
  class space    used 5766K, capacity 6149K, committed 6272K, reserved 1048576K
}

Deoptimization events (20 events):
Event: 9.370 Thread 0x0000024f1e79e000 DEOPT PACKING pc=0x0000024f0576bc17 sp=0x00000056f1cf6330
Event: 9.370 Thread 0x0000024f1e79e000 DEOPT UNPACKING pc=0x0000024f04fba95e sp=0x00000056f1cf58b8 mode 0
Event: 9.373 Thread 0x0000024f1e79e000 DEOPT PACKING pc=0x0000024f0576bc17 sp=0x00000056f1cf6210
Event: 9.373 Thread 0x0000024f1e79e000 DEOPT UNPACKING pc=0x0000024f04fba95e sp=0x00000056f1cf5798 mode 0
Event: 9.375 Thread 0x0000024f1e79e000 DEOPT PACKING pc=0x0000024f0576bc17 sp=0x00000056f1cf6360
Event: 9.375 Thread 0x0000024f1e79e000 DEOPT UNPACKING pc=0x0000024f04fba95e sp=0x00000056f1cf58e8 mode 0
Event: 9.376 Thread 0x0000024f1e79e000 DEOPT PACKING pc=0x0000024f0576bc17 sp=0x00000056f1cf6200
Event: 9.376 Thread 0x0000024f1e79e000 DEOPT UNPACKING pc=0x0000024f04fba95e sp=0x00000056f1cf5788 mode 0
Event: 9.378 Thread 0x0000024f1e79e000 DEOPT PACKING pc=0x0000024f0576bc17 sp=0x00000056f1cf6360
Event: 9.378 Thread 0x0000024f1e79e000 DEOPT UNPACKING pc=0x0000024f04fba95e sp=0x00000056f1cf58e8 mode 0
Event: 9.379 Thread 0x0000024f1e79e000 DEOPT PACKING pc=0x0000024f0576bc17 sp=0x00000056f1cf63e0
Event: 9.379 Thread 0x0000024f1e79e000 DEOPT UNPACKING pc=0x0000024f04fba95e sp=0x00000056f1cf5968 mode 0
Event: 9.381 Thread 0x0000024f1e79e000 DEOPT PACKING pc=0x0000024f0576bc17 sp=0x00000056f1cf6200
Event: 9.381 Thread 0x0000024f1e79e000 DEOPT UNPACKING pc=0x0000024f04fba95e sp=0x00000056f1cf5788 mode 0
Event: 9.382 Thread 0x0000024f1e79e000 DEOPT PACKING pc=0x0000024f0576bc17 sp=0x00000056f1cf62e0
Event: 9.382 Thread 0x0000024f1e79e000 DEOPT UNPACKING pc=0x0000024f04fba95e sp=0x00000056f1cf5868 mode 0
Event: 9.383 Thread 0x0000024f1e79e000 DEOPT PACKING pc=0x0000024f0576bc17 sp=0x00000056f1cf63e0
Event: 9.383 Thread 0x0000024f1e79e000 DEOPT UNPACKING pc=0x0000024f04fba95e sp=0x00000056f1cf5968 mode 0
Event: 9.384 Thread 0x0000024f1e79e000 DEOPT PACKING pc=0x0000024f0576bc17 sp=0x00000056f1cf6130
Event: 9.384 Thread 0x0000024f1e79e000 DEOPT UNPACKING pc=0x0000024f04fba95e sp=0x00000056f1cf56b8 mode 0

Classes redefined (0 events):
No events

Internal exceptions (20 events):
Event: 8.183 Thread 0x0000024f1e79e000 Exception <a 'java/security/PrivilegedActionException'{0x000000008bd83928}> (0x000000008bd83928) thrown at [./src/hotspot/share/prims/jvm.cpp, line 1306]
Event: 8.183 Thread 0x0000024f1e79e000 Exception <a 'java/security/PrivilegedActionException'{0x000000008bd84be8}> (0x000000008bd84be8) thrown at [./src/hotspot/share/prims/jvm.cpp, line 1306]
Event: 8.183 Thread 0x0000024f1e79e000 Exception <a 'java/security/PrivilegedActionException'{0x000000008bd87810}> (0x000000008bd87810) thrown at [./src/hotspot/share/prims/jvm.cpp, line 1306]
Event: 8.183 Thread 0x0000024f1e79e000 Exception <a 'java/security/PrivilegedActionException'{0x000000008bd88ad0}> (0x000000008bd88ad0) thrown at [./src/hotspot/share/prims/jvm.cpp, line 1306]
Event: 8.183 Thread 0x0000024f1e79e000 Exception <a 'java/security/PrivilegedActionException'{0x000000008bd8b7a8}> (0x000000008bd8b7a8) thrown at [./src/hotspot/share/prims/jvm.cpp, line 1306]
Event: 8.184 Thread 0x0000024f1e79e000 Exception <a 'java/security/PrivilegedActionException'{0x000000008bd8ca68}> (0x000000008bd8ca68) thrown at [./src/hotspot/share/prims/jvm.cpp, line 1306]
Event: 8.184 Thread 0x0000024f1e79e000 Exception <a 'java/security/PrivilegedActionException'{0x000000008bd8f698}> (0x000000008bd8f698) thrown at [./src/hotspot/share/prims/jvm.cpp, line 1306]
Event: 8.184 Thread 0x0000024f1e79e000 Exception <a 'java/security/PrivilegedActionException'{0x000000008bd90958}> (0x000000008bd90958) thrown at [./src/hotspot/share/prims/jvm.cpp, line 1306]
Event: 8.184 Thread 0x0000024f1e79e000 Exception <a 'java/security/PrivilegedActionException'{0x000000008bd935d8}> (0x000000008bd935d8) thrown at [./src/hotspot/share/prims/jvm.cpp, line 1306]
Event: 8.184 Thread 0x0000024f1e79e000 Exception <a 'java/security/PrivilegedActionException'{0x000000008bd94898}> (0x000000008bd94898) thrown at [./src/hotspot/share/prims/jvm.cpp, line 1306]
Event: 8.184 Thread 0x0000024f1e79e000 Exception <a 'java/security/PrivilegedActionException'{0x000000008bd97570}> (0x000000008bd97570) thrown at [./src/hotspot/share/prims/jvm.cpp, line 1306]
Event: 8.184 Thread 0x0000024f1e79e000 Exception <a 'java/security/PrivilegedActionException'{0x000000008bd98830}> (0x000000008bd98830) thrown at [./src/hotspot/share/prims/jvm.cpp, line 1306]
Event: 8.942 Thread 0x0000024f1e79e000 Exception <a 'java/lang/ClassNotFoundException'{0x000000008b54f840}: org/gradle/api/internal/plugins/DefaultObjectConfigurationActionBeanInfo> (0x000000008b54f840) thrown at [./src/hotspot/share/classfile/systemDictionary.cpp, line 231]
Event: 8.943 Thread 0x0000024f1e79e000 Exception <a 'java/lang/ClassNotFoundException'{0x000000008b585320}: org/gradle/api/internal/plugins/DefaultObjectConfigurationActionCustomizer> (0x000000008b585320) thrown at [./src/hotspot/share/classfile/systemDictionary.cpp, line 231]
Event: 9.080 Thread 0x0000024f1e79e000 Exception <a 'java/lang/NoSuchMethodError'{0x000000008abf1010}: 'java.lang.Object java.lang.invoke.DirectMethodHandle$Holder.invokeStatic(java.lang.Object, java.lang.Object, java.lang.Object, java.lang.Object, int)'> (0x000000008abf1010) thrown at [./src/hotspot/share/interpreter/linkResolver.cpp, line 773]
Event: 9.080 Thread 0x0000024f1e79e000 Exception <a 'java/lang/NoSuchMethodError'{0x000000008abf5a08}: 'java.lang.Object java.lang.invoke.DirectMethodHandle$Holder.invokeSpecial(java.lang.Object, java.lang.Object, java.lang.Object, java.lang.Object, java.lang.Object, int)'> (0x000000008abf5a08) thrown at [./src/hotspot/share/interpreter/linkResolver.cpp, line 773]
Event: 9.080 Thread 0x0000024f1e79e000 Exception <a 'java/lang/NoSuchMethodError'{0x000000008abfa048}: 'java.lang.Object java.lang.invoke.Invokers$Holder.linkToTargetMethod(java.lang.Object, java.lang.Object, java.lang.Object, int, java.lang.Object)'> (0x000000008abfa048) thrown at [./src/hotspot/share/interpreter/linkResolver.cpp, line 773]
Event: 9.263 Thread 0x0000024f1e79e000 Exception <a 'java/lang/NoSuchMethodError'{0x0000000089c4ba30}: 'java.lang.Object java.lang.invoke.DirectMethodHandle$Holder.invokeSpecial(java.lang.Object, java.lang.Object, int, int, java.lang.Object, java.lang.Object, java.lang.Object)'> (0x0000000089c4ba30) thrown at [./src/hotspot/share/interpreter/linkResolver.cpp, line 773]
Event: 9.263 Thread 0x0000024f1e79e000 Exception <a 'java/lang/NoSuchMethodError'{0x0000000089c4ffb0}: 'java.lang.Object java.lang.invoke.DelegatingMethodHandle$Holder.reinvoke_L(java.lang.Object, int, int, java.lang.Object, java.lang.Object, java.lang.Object)'> (0x0000000089c4ffb0) thrown at [./src/hotspot/share/interpreter/linkResolver.cpp, line 773]
Event: 9.438 Thread 0x0000024f1e79e000 Exception <a 'java/lang/NoSuchMethodError'{0x0000000088f66238}: 'int java.lang.invoke.DirectMethodHandle$Holder.invokeInterface(java.lang.Object, java.lang.Object, java.lang.Object, java.lang.Object)'> (0x0000000088f66238) thrown at [./src/hotspot/share/interpreter/linkResolver.cpp, line 773]

Events (20 events):
Event: 9.638 loading class org/gradle/api/plugins/JavaBasePlugin
Event: 9.638 loading class org/gradle/api/plugins/JavaBasePlugin done
Event: 9.638 loading class org/gradle/api/plugins/JavaBasePlugin
Event: 9.638 loading class org/gradle/api/plugins/JavaBasePlugin done
Event: 9.640 loading class org/gradle/api/plugins/PluginContainer
Event: 9.640 loading class org/gradle/api/plugins/PluginContainer done
Event: 9.640 loading class org/gradle/api/plugins/JavaPluginExtension
Event: 9.640 loading class org/gradle/api/plugins/JavaPluginExtension done
Event: 9.641 loading class org/gradle/api/tasks/SourceSet
Event: 9.641 loading class org/gradle/api/tasks/SourceSet done
Event: 9.642 loading class org/gradle/api/plugins/internal/DefaultJavaPluginExtension
Event: 9.642 loading class org/gradle/api/plugins/internal/DefaultJavaPluginExtension done
Event: 9.643 loading class org/gradle/api/tasks/compile/AbstractCompile
Event: 9.643 loading class org/gradle/api/tasks/compile/AbstractCompile done
Event: 9.644 loading class org/gradle/api/tasks/SourceTask
Event: 9.644 loading class org/gradle/api/tasks/SourceTask done
Event: 9.644 loading class org/gradle/api/tasks/compile/JavaCompile
Event: 9.644 loading class org/gradle/api/tasks/compile/JavaCompile done
Event: 9.645 loading class org/gradle/api/internal/tasks/compile/HasCompileOptions
Event: 9.645 loading class org/gradle/api/internal/tasks/compile/HasCompileOptions done


Dynamic libraries:
0x00007ff78e620000 - 0x00007ff78e62a000 	D:\Android studio\jre\bin\java.exe
0x00007ffda6870000 - 0x00007ffda6a68000 	C:\WINDOWS\SYSTEM32\ntdll.dll
0x00007ffda54a0000 - 0x00007ffda555f000 	C:\WINDOWS\System32\KERNEL32.DLL
0x00007ffda3f70000 - 0x00007ffda4242000 	C:\WINDOWS\System32\KERNELBASE.dll
0x00007ffda4280000 - 0x00007ffda4380000 	C:\WINDOWS\System32\ucrtbase.dll
0x00007ffd8f9e0000 - 0x00007ffd8f9f9000 	D:\Android studio\jre\bin\jli.dll
0x00007ffd90da0000 - 0x00007ffd90db7000 	D:\Android studio\jre\bin\VCRUNTIME140.dll
0x00007ffda6150000 - 0x00007ffda62ed000 	C:\WINDOWS\System32\USER32.dll
0x00007ffda4250000 - 0x00007ffda4272000 	C:\WINDOWS\System32\win32u.dll
0x00007ffd91840000 - 0x00007ffd91ada000 	C:\WINDOWS\WinSxS\amd64_microsoft.windows.common-controls_6595b64144ccf1df_6.0.19041.1110_none_60b5254171f9507e\COMCTL32.dll
0x00007ffda4a60000 - 0x00007ffda4a8b000 	C:\WINDOWS\System32\GDI32.dll
0x00007ffda5f40000 - 0x00007ffda5fde000 	C:\WINDOWS\System32\msvcrt.dll
0x00007ffda4410000 - 0x00007ffda451f000 	C:\WINDOWS\System32\gdi32full.dll
0x00007ffda4590000 - 0x00007ffda462d000 	C:\WINDOWS\System32\msvcp_win.dll
0x00007ffda48e0000 - 0x00007ffda4912000 	C:\WINDOWS\System32\IMM32.DLL
0x00007ffd70330000 - 0x00007ffd703cd000 	D:\Android studio\jre\bin\msvcp140.dll
0x00007ffd5bf50000 - 0x00007ffd5ca52000 	D:\Android studio\jre\bin\server\jvm.dll
0x00007ffda6720000 - 0x00007ffda67ce000 	C:\WINDOWS\System32\ADVAPI32.dll
0x00007ffda5560000 - 0x00007ffda55fc000 	C:\WINDOWS\System32\sechost.dll
0x00007ffda4920000 - 0x00007ffda4a45000 	C:\WINDOWS\System32\RPCRT4.dll
0x00007ffda6710000 - 0x00007ffda6718000 	C:\WINDOWS\System32\PSAPI.DLL
0x00007ffd8d490000 - 0x00007ffd8d499000 	C:\WINDOWS\SYSTEM32\WSOCK32.dll
0x00007ffda5280000 - 0x00007ffda52eb000 	C:\WINDOWS\System32\WS2_32.dll
0x00007ffd9b4c0000 - 0x00007ffd9b4e7000 	C:\WINDOWS\SYSTEM32\WINMM.dll
0x00007ffd9e220000 - 0x00007ffd9e22a000 	C:\WINDOWS\SYSTEM32\VERSION.dll
0x00007ffda1e50000 - 0x00007ffda1e62000 	C:\WINDOWS\SYSTEM32\kernel.appcore.dll
0x00007ffd82520000 - 0x00007ffd82531000 	D:\Android studio\jre\bin\verify.dll
0x00007ffd923d0000 - 0x00007ffd925b4000 	C:\WINDOWS\SYSTEM32\DBGHELP.DLL
0x00007ffd87e30000 - 0x00007ffd87e5c000 	C:\WINDOWS\SYSTEM32\dbgcore.DLL
0x00007ffda4380000 - 0x00007ffda4402000 	C:\WINDOWS\System32\bcryptPrimitives.dll
0x00007ffd82450000 - 0x00007ffd82479000 	D:\Android studio\jre\bin\java.dll
0x00007ffd91030000 - 0x00007ffd9103b000 	D:\Android studio\jre\bin\jimage.dll
0x00007ffd80b20000 - 0x00007ffd80b38000 	D:\Android studio\jre\bin\zip.dll
0x00007ffda5600000 - 0x00007ffda5d43000 	C:\WINDOWS\System32\SHELL32.dll
0x00007ffda2050000 - 0x00007ffda27e2000 	C:\WINDOWS\SYSTEM32\windows.storage.dll
0x00007ffda63b0000 - 0x00007ffda6704000 	C:\WINDOWS\System32\combase.dll
0x00007ffda39d0000 - 0x00007ffda3a00000 	C:\WINDOWS\SYSTEM32\Wldp.dll
0x00007ffda62f0000 - 0x00007ffda639d000 	C:\WINDOWS\System32\SHCORE.dll
0x00007ffda5fe0000 - 0x00007ffda6035000 	C:\WINDOWS\System32\shlwapi.dll
0x00007ffda3eb0000 - 0x00007ffda3ecf000 	C:\WINDOWS\SYSTEM32\profapi.dll
0x00007ffd80b00000 - 0x00007ffd80b1a000 	D:\Android studio\jre\bin\net.dll
0x00007ffd9ef30000 - 0x00007ffd9f03c000 	C:\WINDOWS\SYSTEM32\WINHTTP.dll
0x00007ffda3730000 - 0x00007ffda379a000 	C:\WINDOWS\system32\mswsock.dll
0x00007ffd80700000 - 0x00007ffd80714000 	D:\Android studio\jre\bin\nio.dll
0x00007ffd7c3f0000 - 0x00007ffd7c417000 	C:\Users\Yake\.gradle\native\e1d6ef7f7dcc3fd88c89a11ec53ec762bb8ba0a96d01ffa2cd45eb1d1d8dd5c5\windows-amd64\native-platform.dll
0x00007ffd589b0000 - 0x00007ffd58af4000 	C:\Users\Yake\.gradle\native\0d407fdbe67a94daf76414ababcb853783967236a71b16ec16e742cd7a986fd3\windows-amd64\native-platform-file-events.dll
0x00007ffd8f9d0000 - 0x00007ffd8f9da000 	D:\Android studio\jre\bin\management.dll
0x00007ffd8f110000 - 0x00007ffd8f11d000 	D:\Android studio\jre\bin\management_ext.dll
0x00007ffda3930000 - 0x00007ffda3948000 	C:\WINDOWS\SYSTEM32\CRYPTSP.dll
0x00007ffda2fe0000 - 0x00007ffda3014000 	C:\WINDOWS\system32\rsaenh.dll
0x00007ffda4890000 - 0x00007ffda48b7000 	C:\WINDOWS\System32\bcrypt.dll
0x00007ffda3e70000 - 0x00007ffda3e9e000 	C:\WINDOWS\SYSTEM32\USERENV.dll
0x00007ffda3920000 - 0x00007ffda392c000 	C:\WINDOWS\SYSTEM32\CRYPTBASE.dll
0x00007ffda33d0000 - 0x00007ffda340b000 	C:\WINDOWS\SYSTEM32\IPHLPAPI.DLL
0x00007ffda63a0000 - 0x00007ffda63a8000 	C:\WINDOWS\System32\NSI.dll
0x00007ffd9d050000 - 0x00007ffd9d067000 	C:\WINDOWS\SYSTEM32\dhcpcsvc6.DLL
0x00007ffd9cf90000 - 0x00007ffd9cfad000 	C:\WINDOWS\SYSTEM32\dhcpcsvc.DLL
0x00007ffda3420000 - 0x00007ffda34ea000 	C:\WINDOWS\SYSTEM32\DNSAPI.dll

dbghelp: loaded successfully - version: 4.0.5 - missing functions: none
symbol engine: initialized successfully - sym options: 0x614 - pdb path: .;D:\Android studio\jre\bin;C:\WINDOWS\SYSTEM32;C:\WINDOWS\WinSxS\amd64_microsoft.windows.common-controls_6595b64144ccf1df_6.0.19041.1110_none_60b5254171f9507e;D:\Android studio\jre\bin\server;C:\Users\Yake\.gradle\native\e1d6ef7f7dcc3fd88c89a11ec53ec762bb8ba0a96d01ffa2cd45eb1d1d8dd5c5\windows-amd64;C:\Users\Yake\.gradle\native\0d407fdbe67a94daf76414ababcb853783967236a71b16ec16e742cd7a986fd3\windows-amd64

VM Arguments:
jvm_args: --add-opens=java.base/java.util=ALL-UNNAMED --add-opens=java.base/java.lang=ALL-UNNAMED --add-opens=java.base/java.lang.invoke=ALL-UNNAMED --add-opens=java.base/java.util=ALL-UNNAMED --add-opens=java.prefs/java.util.prefs=ALL-UNNAMED --add-opens=java.prefs/java.util.prefs=ALL-UNNAMED --add-opens=java.base/java.nio.charset=ALL-UNNAMED --add-opens=java.base/java.net=ALL-UNNAMED --add-opens=java.base/java.util.concurrent.atomic=ALL-UNNAMED -Xmx2048m -Dfile.encoding=UTF-8 -Duser.country=FR -Duser.language=fr -Duser.variant 
java_command: org.gradle.launcher.daemon.bootstrap.GradleDaemon 7.4
java_class_path (initial): C:\Users\Yake\.gradle\wrapper\dists\gradle-7.4-bin\c0gwcg53nkjbqw7r0h0umtfvt\gradle-7.4\lib\gradle-launcher-7.4.jar
Launcher Type: SUN_STANDARD

[Global flags]
     intx CICompilerCount                          = 3                                         {product} {ergonomic}
     uint ConcGCThreads                            = 1                                         {product} {ergonomic}
     uint G1ConcRefinementThreads                  = 4                                         {product} {ergonomic}
   size_t G1HeapRegionSize                         = 1048576                                   {product} {ergonomic}
    uintx GCDrainStackTargetSize                   = 64                                        {product} {ergonomic}
   size_t InitialHeapSize                          = 268435456                                 {product} {ergonomic}
   size_t MarkStackSize                            = 4194304                                   {product} {ergonomic}
   size_t MaxHeapSize                              = 2147483648                                {product} {command line}
   size_t MaxNewSize                               = 1287651328                                {product} {ergonomic}
   size_t MinHeapDeltaBytes                        = 1048576                                   {product} {ergonomic}
    uintx NonNMethodCodeHeapSize                   = 5830732                                {pd product} {ergonomic}
    uintx NonProfiledCodeHeapSize                  = 122913754                              {pd product} {ergonomic}
    uintx ProfiledCodeHeapSize                     = 122913754                              {pd product} {ergonomic}
    uintx ReservedCodeCacheSize                    = 251658240                              {pd product} {ergonomic}
     bool SegmentedCodeCache                       = true                                      {product} {ergonomic}
     bool UseCompressedClassPointers               = true                                 {lp64_product} {ergonomic}
     bool UseCompressedOops                        = true                                 {lp64_product} {ergonomic}
     bool UseG1GC                                  = true                                      {product} {ergonomic}
     bool UseLargePagesIndividualAllocation        = false                                  {pd product} {ergonomic}

Logging:
Log output configuration:
 #0: stdout all=warning uptime,level,tags
 #1: stderr all=off uptime,level,tags

Environment Variables:
PATH=C:\Program Files (x86)\Razer\ChromaBroadcast\bin;C:\Program Files\Razer\ChromaBroadcast\bin;C:\Program Files (x86)\NVIDIA Corporation\PhysX\Common;C:\Program Files (x86)\Razer Chroma SDK\bin;C:\Program Files\Razer Chroma SDK\bin;C:\Program Files (x86)\Intel\Intel(R) Management Engine Components\iCLS\;C:\Program Files\Intel\Intel(R) Management Engine Components\iCLS\;C:\ProgramData\Oracle\Java\javapath;C:\Windows\system32;C:\Windows;C:\Windows\System32\Wbem;C:\Windows\System32\WindowsPowerShell\v1.0\;C:\WINDOWS\system32;C:\WINDOWS;C:\WINDOWS\System32\Wbem;C:\WINDOWS\System32\WindowsPowerShell\v1.0\;C:\Program Files (x86)\Intel\Intel(R) Management Engine Components\DAL;C:\Program Files\Intel\Intel(R) Management Engine Components\DAL;C:\Program Files (x86)\Intel\Intel(R) Management Engine Components\IPT;C:\Program Files\Intel\Intel(R) Management Engine Components\IPT;C:\WINDOWS\system32\config\systemprofile\AppData\Local\Microsoft\WindowsApps;C:\WINDOWS\system32;C:\WINDOWS;C:\WINDOWS\System32\Wbem;C:\WINDOWS\System32\WindowsPowerShell\v1.0\;C:\WINDOWS\System32\OpenSSH\;C:\Program Files\Git\cmd;C:\Users\Yake\AppData\Local\Microsoft\WindowsApps;
USERNAME=Yake
OS=Windows_NT
PROCESSOR_IDENTIFIER=Intel64 Family 6 Model 60 Stepping 3, GenuineIntel



---------------  S Y S T E M  ---------------

OS: Windows 10 , 64 bit Build 19041 (10.0.19041.2251)
OS uptime: 6 days 22:05 hours

CPU:total 4 (initial active 4) (4 cores per cpu, 1 threads per core) family 6 model 60 stepping 3 microcode 0x27, cmov, cx8, fxsr, mmx, sse, sse2, sse3, ssse3, sse4.1, sse4.2, popcnt, avx, avx2, aes, clmul, erms, lzcnt, tsc, tscinvbit, bmi1, bmi2, fma

Memory: 4k page, system-wide physical 16335M (1385M free)
TotalPageFile size 21335M (AvailPageFile size 5M)
current process WorkingSet (physical memory assigned to process): 366M, peak: 366M
current process commit charge ("private bytes"): 483M, peak: 483M

vm_info: OpenJDK 64-Bit Server VM (11.0.13+0-b1751.21-8125866) for windows-amd64 JRE (11.0.13+0-b1751.21-8125866), built on Feb  2 2022 03:00:22 by "builder" with MS VC++ 14.0 (VS2015)

END.
